{"/home/brpocock/Projects/tootsville.org/play/react/src/App.js": {"path":"/home/brpocock/Projects/tootsville.org/play/react/src/App.js","statementMap":{"0":{"start":{"line":26,"column":12},"end":{"line":112,"column":1}},"1":{"start":{"line":27,"column":48},"end":{"line":27,"column":63}},"2":{"start":{"line":28,"column":36},"end":{"line":28,"column":50}},"3":{"start":{"line":29,"column":28},"end":{"line":29,"column":42}},"4":{"start":{"line":30,"column":58},"end":{"line":30,"column":72}},"5":{"start":{"line":32,"column":2},"end":{"line":50,"column":9}},"6":{"start":{"line":34,"column":22},"end":{"line":47,"column":5}},"7":{"start":{"line":35,"column":6},"end":{"line":46,"column":7}},"8":{"start":{"line":36,"column":22},"end":{"line":36,"column":62}},"9":{"start":{"line":37,"column":8},"end":{"line":41,"column":9}},"10":{"start":{"line":40,"column":10},"end":{"line":40,"column":35}},"11":{"start":{"line":43,"column":8},"end":{"line":43,"column":49}},"12":{"start":{"line":45,"column":8},"end":{"line":45,"column":28}},"13":{"start":{"line":49,"column":4},"end":{"line":49,"column":16}},"14":{"start":{"line":52,"column":22},"end":{"line":66,"column":3}},"15":{"start":{"line":53,"column":4},"end":{"line":65,"column":5}},"16":{"start":{"line":54,"column":6},"end":{"line":54,"column":25}},"17":{"start":{"line":58,"column":6},"end":{"line":58,"column":61}},"18":{"start":{"line":59,"column":6},"end":{"line":59,"column":31}},"19":{"start":{"line":62,"column":6},"end":{"line":62,"column":28}},"20":{"start":{"line":64,"column":6},"end":{"line":64,"column":26}},"21":{"start":{"line":68,"column":23},"end":{"line":72,"column":3}},"22":{"start":{"line":69,"column":4},"end":{"line":69,"column":48}},"23":{"start":{"line":70,"column":4},"end":{"line":70,"column":30}},"24":{"start":{"line":71,"column":4},"end":{"line":71,"column":34}},"25":{"start":{"line":74,"column":27},"end":{"line":76,"column":3}},"26":{"start":{"line":75,"column":4},"end":{"line":75,"column":41}},"27":{"start":{"line":78,"column":2},"end":{"line":80,"column":3}},"28":{"start":{"line":79,"column":4},"end":{"line":79,"column":29}},"29":{"start":{"line":82,"column":2},"end":{"line":91,"column":3}},"30":{"start":{"line":83,"column":4},"end":{"line":90,"column":6}},"31":{"start":{"line":87,"column":27},"end":{"line":87,"column":41}},"32":{"start":{"line":93,"column":2},"end":{"line":99,"column":3}},"33":{"start":{"line":94,"column":4},"end":{"line":98,"column":6}},"34":{"start":{"line":101,"column":2},"end":{"line":111,"column":4}}},"fnMap":{"0":{"name":"(anonymous_0)","decl":{"start":{"line":26,"column":12},"end":{"line":26,"column":13}},"loc":{"start":{"line":26,"column":18},"end":{"line":112,"column":1}},"line":26},"1":{"name":"(anonymous_1)","decl":{"start":{"line":32,"column":12},"end":{"line":32,"column":13}},"loc":{"start":{"line":32,"column":18},"end":{"line":50,"column":3}},"line":32},"2":{"name":"(anonymous_2)","decl":{"start":{"line":34,"column":22},"end":{"line":34,"column":23}},"loc":{"start":{"line":34,"column":34},"end":{"line":47,"column":5}},"line":34},"3":{"name":"(anonymous_3)","decl":{"start":{"line":52,"column":22},"end":{"line":52,"column":23}},"loc":{"start":{"line":52,"column":45},"end":{"line":66,"column":3}},"line":52},"4":{"name":"(anonymous_4)","decl":{"start":{"line":68,"column":23},"end":{"line":68,"column":24}},"loc":{"start":{"line":68,"column":29},"end":{"line":72,"column":3}},"line":68},"5":{"name":"(anonymous_5)","decl":{"start":{"line":74,"column":27},"end":{"line":74,"column":28}},"loc":{"start":{"line":74,"column":44},"end":{"line":76,"column":3}},"line":74},"6":{"name":"(anonymous_6)","decl":{"start":{"line":87,"column":21},"end":{"line":87,"column":22}},"loc":{"start":{"line":87,"column":27},"end":{"line":87,"column":41}},"line":87}},"branchMap":{"0":{"loc":{"start":{"line":37,"column":8},"end":{"line":41,"column":9}},"type":"if","locations":[{"start":{"line":37,"column":8},"end":{"line":41,"column":9}},{"start":{},"end":{}}],"line":37},"1":{"loc":{"start":{"line":78,"column":2},"end":{"line":80,"column":3}},"type":"if","locations":[{"start":{"line":78,"column":2},"end":{"line":80,"column":3}},{"start":{},"end":{}}],"line":78},"2":{"loc":{"start":{"line":82,"column":2},"end":{"line":91,"column":3}},"type":"if","locations":[{"start":{"line":82,"column":2},"end":{"line":91,"column":3}},{"start":{},"end":{}}],"line":82},"3":{"loc":{"start":{"line":93,"column":2},"end":{"line":99,"column":3}},"type":"if","locations":[{"start":{"line":93,"column":2},"end":{"line":99,"column":3}},{"start":{},"end":{}}],"line":93}},"s":{"0":0,"1":0,"2":0,"3":0,"4":0,"5":0,"6":0,"7":0,"8":0,"9":0,"10":0,"11":0,"12":0,"13":0,"14":0,"15":0,"16":0,"17":0,"18":0,"19":0,"20":0,"21":0,"22":0,"23":0,"24":0,"25":0,"26":0,"27":0,"28":0,"29":0,"30":0,"31":0,"32":0,"33":0,"34":0},"f":{"0":0,"1":0,"2":0,"3":0,"4":0,"5":0,"6":0},"b":{"0":[0,0],"1":[0,0],"2":[0,0],"3":[0,0]}}
,"/home/brpocock/Projects/tootsville.org/play/react/src/index.js": {"path":"/home/brpocock/Projects/tootsville.org/play/react/src/index.js","statementMap":{"0":{"start":{"line":17,"column":13},"end":{"line":17,"column":65}},"1":{"start":{"line":20,"column":0},"end":{"line":24,"column":2}}},"fnMap":{},"branchMap":{},"s":{"0":0,"1":0},"f":{},"b":{}}
,"/home/brpocock/Projects/tootsville.org/play/react/src/bindings/ClientBindings.js": {"path":"/home/brpocock/Projects/tootsville.org/play/react/src/bindings/ClientBindings.js","statementMap":{"0":{"start":{"line":39,"column":4},"end":{"line":39,"column":34}},"1":{"start":{"line":40,"column":4},"end":{"line":40,"column":46}},"2":{"start":{"line":41,"column":4},"end":{"line":47,"column":6}},"3":{"start":{"line":49,"column":4},"end":{"line":49,"column":31}},"4":{"start":{"line":50,"column":4},"end":{"line":50,"column":30}},"5":{"start":{"line":60,"column":4},"end":{"line":60,"column":48}},"6":{"start":{"line":61,"column":4},"end":{"line":61,"column":56}},"7":{"start":{"line":62,"column":4},"end":{"line":62,"column":54}},"8":{"start":{"line":63,"column":4},"end":{"line":63,"column":52}},"9":{"start":{"line":64,"column":4},"end":{"line":64,"column":56}},"10":{"start":{"line":67,"column":4},"end":{"line":67,"column":79}},"11":{"start":{"line":68,"column":4},"end":{"line":68,"column":77}},"12":{"start":{"line":69,"column":4},"end":{"line":69,"column":75}},"13":{"start":{"line":70,"column":4},"end":{"line":70,"column":81}},"14":{"start":{"line":80,"column":4},"end":{"line":88,"column":5}},"15":{"start":{"line":81,"column":6},"end":{"line":81,"column":39}},"16":{"start":{"line":82,"column":6},"end":{"line":87,"column":8}},"17":{"start":{"line":91,"column":4},"end":{"line":94,"column":5}},"18":{"start":{"line":92,"column":6},"end":{"line":92,"column":37}},"19":{"start":{"line":93,"column":6},"end":{"line":93,"column":42}},"20":{"start":{"line":108,"column":4},"end":{"line":188,"column":6}},"21":{"start":{"line":117,"column":8},"end":{"line":117,"column":62}},"22":{"start":{"line":118,"column":8},"end":{"line":118,"column":53}},"23":{"start":{"line":130,"column":8},"end":{"line":130,"column":67}},"24":{"start":{"line":131,"column":8},"end":{"line":131,"column":64}},"25":{"start":{"line":141,"column":8},"end":{"line":141,"column":69}},"26":{"start":{"line":142,"column":8},"end":{"line":142,"column":62}},"27":{"start":{"line":152,"column":8},"end":{"line":152,"column":66}},"28":{"start":{"line":153,"column":8},"end":{"line":153,"column":63}},"29":{"start":{"line":162,"column":8},"end":{"line":162,"column":51}},"30":{"start":{"line":171,"column":22},"end":{"line":171,"column":47}},"31":{"start":{"line":172,"column":8},"end":{"line":177,"column":10}},"32":{"start":{"line":186,"column":8},"end":{"line":186,"column":64}},"33":{"start":{"line":199,"column":4},"end":{"line":246,"column":6}},"34":{"start":{"line":207,"column":8},"end":{"line":207,"column":47}},"35":{"start":{"line":217,"column":8},"end":{"line":217,"column":47}},"36":{"start":{"line":227,"column":8},"end":{"line":227,"column":48}},"37":{"start":{"line":236,"column":8},"end":{"line":236,"column":44}},"38":{"start":{"line":244,"column":8},"end":{"line":244,"column":40}},"39":{"start":{"line":257,"column":4},"end":{"line":292,"column":6}},"40":{"start":{"line":263,"column":26},"end":{"line":263,"column":51}},"41":{"start":{"line":270,"column":30},"end":{"line":270,"column":59}},"42":{"start":{"line":277,"column":29},"end":{"line":277,"column":57}},"43":{"start":{"line":284,"column":28},"end":{"line":284,"column":55}},"44":{"start":{"line":291,"column":30},"end":{"line":291,"column":59}},"45":{"start":{"line":303,"column":4},"end":{"line":349,"column":6}},"46":{"start":{"line":312,"column":19},"end":{"line":312,"column":34}},"47":{"start":{"line":313,"column":19},"end":{"line":313,"column":34}},"48":{"start":{"line":314,"column":19},"end":{"line":314,"column":34}},"49":{"start":{"line":315,"column":8},"end":{"line":315,"column":54}},"50":{"start":{"line":326,"column":8},"end":{"line":326,"column":65}},"51":{"start":{"line":337,"column":8},"end":{"line":337,"column":66}},"52":{"start":{"line":347,"column":8},"end":{"line":347,"column":56}},"53":{"start":{"line":359,"column":4},"end":{"line":359,"column":53}},"54":{"start":{"line":369,"column":4},"end":{"line":369,"column":53}},"55":{"start":{"line":379,"column":4},"end":{"line":379,"column":49}},"56":{"start":{"line":389,"column":4},"end":{"line":389,"column":54}},"57":{"start":{"line":397,"column":4},"end":{"line":397,"column":69}},"58":{"start":{"line":398,"column":4},"end":{"line":398,"column":67}},"59":{"start":{"line":399,"column":4},"end":{"line":399,"column":65}},"60":{"start":{"line":400,"column":4},"end":{"line":400,"column":71}},"61":{"start":{"line":402,"column":4},"end":{"line":405,"column":5}},"62":{"start":{"line":403,"column":6},"end":{"line":403,"column":39}},"63":{"start":{"line":404,"column":6},"end":{"line":404,"column":31}},"64":{"start":{"line":407,"column":4},"end":{"line":410,"column":5}},"65":{"start":{"line":408,"column":6},"end":{"line":408,"column":37}},"66":{"start":{"line":409,"column":6},"end":{"line":409,"column":29}},"67":{"start":{"line":415,"column":23},"end":{"line":415,"column":43}}},"fnMap":{"0":{"name":"(anonymous_0)","decl":{"start":{"line":38,"column":2},"end":{"line":38,"column":3}},"loc":{"start":{"line":38,"column":16},"end":{"line":51,"column":3}},"line":38},"1":{"name":"(anonymous_1)","decl":{"start":{"line":58,"column":2},"end":{"line":58,"column":3}},"loc":{"start":{"line":58,"column":24},"end":{"line":71,"column":3}},"line":58},"2":{"name":"(anonymous_2)","decl":{"start":{"line":78,"column":2},"end":{"line":78,"column":3}},"loc":{"start":{"line":78,"column":23},"end":{"line":95,"column":3}},"line":78},"3":{"name":"(anonymous_3)","decl":{"start":{"line":107,"column":2},"end":{"line":107,"column":3}},"loc":{"start":{"line":107,"column":13},"end":{"line":189,"column":3}},"line":107},"4":{"name":"(anonymous_4)","decl":{"start":{"line":116,"column":18},"end":{"line":116,"column":19}},"loc":{"start":{"line":116,"column":31},"end":{"line":119,"column":7}},"line":116},"5":{"name":"(anonymous_5)","decl":{"start":{"line":129,"column":16},"end":{"line":129,"column":17}},"loc":{"start":{"line":129,"column":36},"end":{"line":132,"column":7}},"line":129},"6":{"name":"(anonymous_6)","decl":{"start":{"line":140,"column":19},"end":{"line":140,"column":20}},"loc":{"start":{"line":140,"column":49},"end":{"line":143,"column":7}},"line":140},"7":{"name":"(anonymous_7)","decl":{"start":{"line":151,"column":15},"end":{"line":151,"column":16}},"loc":{"start":{"line":151,"column":35},"end":{"line":154,"column":7}},"line":151},"8":{"name":"(anonymous_8)","decl":{"start":{"line":161,"column":20},"end":{"line":161,"column":21}},"loc":{"start":{"line":161,"column":26},"end":{"line":163,"column":7}},"line":161},"9":{"name":"(anonymous_9)","decl":{"start":{"line":170,"column":19},"end":{"line":170,"column":20}},"loc":{"start":{"line":170,"column":25},"end":{"line":178,"column":7}},"line":170},"10":{"name":"(anonymous_10)","decl":{"start":{"line":185,"column":24},"end":{"line":185,"column":25}},"loc":{"start":{"line":185,"column":30},"end":{"line":187,"column":7}},"line":185},"11":{"name":"(anonymous_11)","decl":{"start":{"line":198,"column":2},"end":{"line":198,"column":3}},"loc":{"start":{"line":198,"column":22},"end":{"line":247,"column":3}},"line":198},"12":{"name":"(anonymous_12)","decl":{"start":{"line":206,"column":12},"end":{"line":206,"column":13}},"loc":{"start":{"line":206,"column":31},"end":{"line":208,"column":7}},"line":206},"13":{"name":"(anonymous_13)","decl":{"start":{"line":216,"column":10},"end":{"line":216,"column":11}},"loc":{"start":{"line":216,"column":31},"end":{"line":218,"column":7}},"line":216},"14":{"name":"(anonymous_14)","decl":{"start":{"line":226,"column":11},"end":{"line":226,"column":12}},"loc":{"start":{"line":226,"column":32},"end":{"line":228,"column":7}},"line":226},"15":{"name":"(anonymous_15)","decl":{"start":{"line":235,"column":15},"end":{"line":235,"column":16}},"loc":{"start":{"line":235,"column":28},"end":{"line":237,"column":7}},"line":235},"16":{"name":"(anonymous_16)","decl":{"start":{"line":243,"column":18},"end":{"line":243,"column":19}},"loc":{"start":{"line":243,"column":24},"end":{"line":245,"column":7}},"line":243},"17":{"name":"(anonymous_17)","decl":{"start":{"line":256,"column":2},"end":{"line":256,"column":3}},"loc":{"start":{"line":256,"column":19},"end":{"line":293,"column":3}},"line":256},"18":{"name":"(anonymous_18)","decl":{"start":{"line":263,"column":20},"end":{"line":263,"column":21}},"loc":{"start":{"line":263,"column":26},"end":{"line":263,"column":51}},"line":263},"19":{"name":"(anonymous_19)","decl":{"start":{"line":270,"column":24},"end":{"line":270,"column":25}},"loc":{"start":{"line":270,"column":30},"end":{"line":270,"column":59}},"line":270},"20":{"name":"(anonymous_20)","decl":{"start":{"line":277,"column":23},"end":{"line":277,"column":24}},"loc":{"start":{"line":277,"column":29},"end":{"line":277,"column":57}},"line":277},"21":{"name":"(anonymous_21)","decl":{"start":{"line":284,"column":22},"end":{"line":284,"column":23}},"loc":{"start":{"line":284,"column":28},"end":{"line":284,"column":55}},"line":284},"22":{"name":"(anonymous_22)","decl":{"start":{"line":291,"column":24},"end":{"line":291,"column":25}},"loc":{"start":{"line":291,"column":30},"end":{"line":291,"column":59}},"line":291},"23":{"name":"(anonymous_23)","decl":{"start":{"line":302,"column":2},"end":{"line":302,"column":3}},"loc":{"start":{"line":302,"column":14},"end":{"line":350,"column":3}},"line":302},"24":{"name":"(anonymous_24)","decl":{"start":{"line":311,"column":25},"end":{"line":311,"column":26}},"loc":{"start":{"line":311,"column":41},"end":{"line":316,"column":7}},"line":311},"25":{"name":"(anonymous_25)","decl":{"start":{"line":324,"column":21},"end":{"line":324,"column":22}},"loc":{"start":{"line":324,"column":35},"end":{"line":327,"column":7}},"line":324},"26":{"name":"(anonymous_26)","decl":{"start":{"line":335,"column":21},"end":{"line":335,"column":22}},"loc":{"start":{"line":335,"column":36},"end":{"line":338,"column":7}},"line":335},"27":{"name":"(anonymous_27)","decl":{"start":{"line":346,"column":18},"end":{"line":346,"column":19}},"loc":{"start":{"line":346,"column":33},"end":{"line":348,"column":7}},"line":346},"28":{"name":"(anonymous_28)","decl":{"start":{"line":358,"column":2},"end":{"line":358,"column":3}},"loc":{"start":{"line":358,"column":28},"end":{"line":360,"column":3}},"line":358},"29":{"name":"(anonymous_29)","decl":{"start":{"line":368,"column":2},"end":{"line":368,"column":3}},"loc":{"start":{"line":368,"column":27},"end":{"line":370,"column":3}},"line":368},"30":{"name":"(anonymous_30)","decl":{"start":{"line":378,"column":2},"end":{"line":378,"column":3}},"loc":{"start":{"line":378,"column":26},"end":{"line":380,"column":3}},"line":378},"31":{"name":"(anonymous_31)","decl":{"start":{"line":388,"column":2},"end":{"line":388,"column":3}},"loc":{"start":{"line":388,"column":29},"end":{"line":390,"column":3}},"line":388},"32":{"name":"(anonymous_32)","decl":{"start":{"line":396,"column":2},"end":{"line":396,"column":3}},"loc":{"start":{"line":396,"column":12},"end":{"line":411,"column":3}},"line":396}},"branchMap":{"0":{"loc":{"start":{"line":80,"column":4},"end":{"line":88,"column":5}},"type":"if","locations":[{"start":{"line":80,"column":4},"end":{"line":88,"column":5}},{"start":{},"end":{}}],"line":80},"1":{"loc":{"start":{"line":91,"column":4},"end":{"line":94,"column":5}},"type":"if","locations":[{"start":{"line":91,"column":4},"end":{"line":94,"column":5}},{"start":{},"end":{}}],"line":91},"2":{"loc":{"start":{"line":140,"column":29},"end":{"line":140,"column":44}},"type":"default-arg","locations":[{"start":{"line":140,"column":36},"end":{"line":140,"column":44}}],"line":140},"3":{"loc":{"start":{"line":402,"column":4},"end":{"line":405,"column":5}},"type":"if","locations":[{"start":{"line":402,"column":4},"end":{"line":405,"column":5}},{"start":{},"end":{}}],"line":402},"4":{"loc":{"start":{"line":407,"column":4},"end":{"line":410,"column":5}},"type":"if","locations":[{"start":{"line":407,"column":4},"end":{"line":410,"column":5}},{"start":{},"end":{}}],"line":407}},"s":{"0":0,"1":0,"2":0,"3":0,"4":0,"5":0,"6":0,"7":0,"8":0,"9":0,"10":0,"11":0,"12":0,"13":0,"14":0,"15":0,"16":0,"17":0,"18":0,"19":0,"20":0,"21":0,"22":0,"23":0,"24":0,"25":0,"26":0,"27":0,"28":0,"29":0,"30":0,"31":0,"32":0,"33":0,"34":0,"35":0,"36":0,"37":0,"38":0,"39":0,"40":0,"41":0,"42":0,"43":0,"44":0,"45":0,"46":0,"47":0,"48":0,"49":0,"50":0,"51":0,"52":0,"53":0,"54":0,"55":0,"56":0,"57":0,"58":0,"59":0,"60":0,"61":0,"62":0,"63":0,"64":0,"65":0,"66":0,"67":0},"f":{"0":0,"1":0,"2":0,"3":0,"4":0,"5":0,"6":0,"7":0,"8":0,"9":0,"10":0,"11":0,"12":0,"13":0,"14":0,"15":0,"16":0,"17":0,"18":0,"19":0,"20":0,"21":0,"22":0,"23":0,"24":0,"25":0,"26":0,"27":0,"28":0,"29":0,"30":0,"31":0,"32":0},"b":{"0":[0,0],"1":[0,0],"2":[0],"3":[0,0],"4":[0,0]}}
,"/home/brpocock/Projects/tootsville.org/play/react/src/components/AnimationManager.js": {"path":"/home/brpocock/Projects/tootsville.org/play/react/src/components/AnimationManager.js","statementMap":{"0":{"start":{"line":22,"column":25},"end":{"line":33,"column":1}},"1":{"start":{"line":38,"column":31},"end":{"line":79,"column":1}},"2":{"start":{"line":84,"column":28},"end":{"line":89,"column":1}},"3":{"start":{"line":96,"column":33},"end":{"line":132,"column":1}},"4":{"start":{"line":97,"column":2},"end":{"line":97,"column":56}},"5":{"start":{"line":97,"column":18},"end":{"line":97,"column":56}},"6":{"start":{"line":100,"column":21},"end":{"line":100,"column":61}},"7":{"start":{"line":101,"column":24},"end":{"line":101,"column":65}},"8":{"start":{"line":102,"column":22},"end":{"line":102,"column":49}},"9":{"start":{"line":103,"column":22},"end":{"line":103,"column":69}},"10":{"start":{"line":106,"column":2},"end":{"line":109,"column":3}},"11":{"start":{"line":108,"column":4},"end":{"line":108,"column":42}},"12":{"start":{"line":111,"column":2},"end":{"line":116,"column":3}},"13":{"start":{"line":115,"column":4},"end":{"line":115,"column":39}},"14":{"start":{"line":120,"column":2},"end":{"line":127,"column":3}},"15":{"start":{"line":126,"column":4},"end":{"line":126,"column":39}},"16":{"start":{"line":131,"column":2},"end":{"line":131,"column":40}},"17":{"start":{"line":140,"column":18},"end":{"line":158,"column":1}},"18":{"start":{"line":141,"column":2},"end":{"line":141,"column":41}},"19":{"start":{"line":141,"column":28},"end":{"line":141,"column":41}},"20":{"start":{"line":144,"column":20},"end":{"line":144,"column":59}},"21":{"start":{"line":145,"column":19},"end":{"line":145,"column":59}},"22":{"start":{"line":148,"column":2},"end":{"line":150,"column":3}},"23":{"start":{"line":149,"column":4},"end":{"line":149,"column":16}},"24":{"start":{"line":153,"column":19},"end":{"line":153,"column":61}},"25":{"start":{"line":157,"column":2},"end":{"line":157,"column":15}},"26":{"start":{"line":166,"column":35},"end":{"line":380,"column":1}},"27":{"start":{"line":167,"column":18},"end":{"line":167,"column":26}},"28":{"start":{"line":168,"column":22},"end":{"line":168,"column":70}},"29":{"start":{"line":171,"column":19},"end":{"line":181,"column":4}},"30":{"start":{"line":186,"column":26},"end":{"line":188,"column":8}},"31":{"start":{"line":187,"column":4},"end":{"line":187,"column":41}},"32":{"start":{"line":193,"column":19},"end":{"line":197,"column":8}},"33":{"start":{"line":194,"column":20},"end":{"line":194,"column":49}},"34":{"start":{"line":195,"column":21},"end":{"line":195,"column":56}},"35":{"start":{"line":196,"column":4},"end":{"line":196,"column":65}},"36":{"start":{"line":202,"column":28},"end":{"line":207,"column":8}},"37":{"start":{"line":203,"column":20},"end":{"line":203,"column":49}},"38":{"start":{"line":204,"column":21},"end":{"line":204,"column":81}},"39":{"start":{"line":205,"column":4},"end":{"line":205,"column":58}},"40":{"start":{"line":206,"column":4},"end":{"line":206,"column":54}},"41":{"start":{"line":212,"column":34},"end":{"line":241,"column":8}},"42":{"start":{"line":213,"column":25},"end":{"line":213,"column":97}},"43":{"start":{"line":216,"column":4},"end":{"line":216,"column":84}},"44":{"start":{"line":216,"column":52},"end":{"line":216,"column":84}},"45":{"start":{"line":217,"column":4},"end":{"line":217,"column":66}},"46":{"start":{"line":217,"column":31},"end":{"line":217,"column":66}},"47":{"start":{"line":218,"column":4},"end":{"line":218,"column":61}},"48":{"start":{"line":218,"column":29},"end":{"line":218,"column":61}},"49":{"start":{"line":219,"column":4},"end":{"line":219,"column":61}},"50":{"start":{"line":219,"column":29},"end":{"line":219,"column":61}},"51":{"start":{"line":222,"column":4},"end":{"line":222,"column":85}},"52":{"start":{"line":222,"column":53},"end":{"line":222,"column":85}},"53":{"start":{"line":225,"column":4},"end":{"line":228,"column":5}},"54":{"start":{"line":226,"column":6},"end":{"line":226,"column":59}},"55":{"start":{"line":226,"column":26},"end":{"line":226,"column":59}},"56":{"start":{"line":227,"column":6},"end":{"line":227,"column":35}},"57":{"start":{"line":231,"column":4},"end":{"line":231,"column":82}},"58":{"start":{"line":231,"column":51},"end":{"line":231,"column":82}},"59":{"start":{"line":234,"column":4},"end":{"line":237,"column":5}},"60":{"start":{"line":235,"column":6},"end":{"line":235,"column":81}},"61":{"start":{"line":235,"column":49},"end":{"line":235,"column":81}},"62":{"start":{"line":236,"column":6},"end":{"line":236,"column":82}},"63":{"start":{"line":236,"column":50},"end":{"line":236,"column":82}},"64":{"start":{"line":240,"column":4},"end":{"line":240,"column":33}},"65":{"start":{"line":246,"column":24},"end":{"line":279,"column":15}},"66":{"start":{"line":247,"column":4},"end":{"line":250,"column":5}},"67":{"start":{"line":248,"column":6},"end":{"line":248,"column":75}},"68":{"start":{"line":249,"column":6},"end":{"line":249,"column":19}},"69":{"start":{"line":252,"column":25},"end":{"line":252,"column":54}},"70":{"start":{"line":253,"column":4},"end":{"line":253,"column":52}},"71":{"start":{"line":253,"column":40},"end":{"line":253,"column":52}},"72":{"start":{"line":255,"column":16},"end":{"line":255,"column":26}},"73":{"start":{"line":256,"column":4},"end":{"line":256,"column":50}},"74":{"start":{"line":257,"column":4},"end":{"line":257,"column":50}},"75":{"start":{"line":258,"column":4},"end":{"line":258,"column":44}},"76":{"start":{"line":259,"column":4},"end":{"line":259,"column":47}},"77":{"start":{"line":261,"column":4},"end":{"line":276,"column":5}},"78":{"start":{"line":263,"column":6},"end":{"line":263,"column":76}},"79":{"start":{"line":264,"column":6},"end":{"line":264,"column":91}},"80":{"start":{"line":267,"column":6},"end":{"line":271,"column":9}},"81":{"start":{"line":268,"column":8},"end":{"line":270,"column":9}},"82":{"start":{"line":269,"column":10},"end":{"line":269,"column":60}},"83":{"start":{"line":273,"column":6},"end":{"line":275,"column":51}},"84":{"start":{"line":274,"column":8},"end":{"line":274,"column":88}},"85":{"start":{"line":278,"column":4},"end":{"line":278,"column":16}},"86":{"start":{"line":284,"column":26},"end":{"line":323,"column":75}},"87":{"start":{"line":285,"column":4},"end":{"line":285,"column":47}},"88":{"start":{"line":285,"column":40},"end":{"line":285,"column":47}},"89":{"start":{"line":288,"column":4},"end":{"line":290,"column":5}},"90":{"start":{"line":289,"column":6},"end":{"line":289,"column":83}},"91":{"start":{"line":292,"column":16},"end":{"line":292,"column":26}},"92":{"start":{"line":293,"column":30},"end":{"line":293,"column":55}},"93":{"start":{"line":294,"column":21},"end":{"line":294,"column":66}},"94":{"start":{"line":295,"column":24},"end":{"line":295,"column":75}},"95":{"start":{"line":298,"column":4},"end":{"line":303,"column":5}},"96":{"start":{"line":299,"column":6},"end":{"line":299,"column":46}},"97":{"start":{"line":301,"column":6},"end":{"line":301,"column":37}},"98":{"start":{"line":302,"column":6},"end":{"line":302,"column":46}},"99":{"start":{"line":306,"column":25},"end":{"line":306,"column":54}},"100":{"start":{"line":307,"column":4},"end":{"line":309,"column":5}},"101":{"start":{"line":308,"column":6},"end":{"line":308,"column":33}},"102":{"start":{"line":312,"column":4},"end":{"line":319,"column":5}},"103":{"start":{"line":313,"column":32},"end":{"line":313,"column":74}},"104":{"start":{"line":314,"column":33},"end":{"line":314,"column":78}},"105":{"start":{"line":316,"column":6},"end":{"line":318,"column":7}},"106":{"start":{"line":317,"column":8},"end":{"line":317,"column":49}},"107":{"start":{"line":322,"column":4},"end":{"line":322,"column":56}},"108":{"start":{"line":328,"column":31},"end":{"line":342,"column":15}},"109":{"start":{"line":329,"column":4},"end":{"line":329,"column":25}},"110":{"start":{"line":329,"column":18},"end":{"line":329,"column":25}},"111":{"start":{"line":332,"column":4},"end":{"line":336,"column":7}},"112":{"start":{"line":333,"column":6},"end":{"line":333,"column":39}},"113":{"start":{"line":334,"column":6},"end":{"line":334,"column":38}},"114":{"start":{"line":335,"column":6},"end":{"line":335,"column":28}},"115":{"start":{"line":339,"column":4},"end":{"line":341,"column":5}},"116":{"start":{"line":340,"column":6},"end":{"line":340,"column":44}},"117":{"start":{"line":347,"column":28},"end":{"line":355,"column":15}},"118":{"start":{"line":348,"column":4},"end":{"line":348,"column":25}},"119":{"start":{"line":348,"column":18},"end":{"line":348,"column":25}},"120":{"start":{"line":350,"column":4},"end":{"line":354,"column":7}},"121":{"start":{"line":351,"column":6},"end":{"line":353,"column":7}},"122":{"start":{"line":352,"column":8},"end":{"line":352,"column":22}},"123":{"start":{"line":358,"column":2},"end":{"line":361,"column":48}},"124":{"start":{"line":359,"column":4},"end":{"line":359,"column":27}},"125":{"start":{"line":360,"column":4},"end":{"line":360,"column":29}},"126":{"start":{"line":364,"column":2},"end":{"line":370,"column":5}},"127":{"start":{"line":365,"column":4},"end":{"line":365,"column":47}},"128":{"start":{"line":365,"column":40},"end":{"line":365,"column":47}},"129":{"start":{"line":367,"column":28},"end":{"line":367,"column":52}},"130":{"start":{"line":368,"column":18},"end":{"line":368,"column":53}},"131":{"start":{"line":369,"column":4},"end":{"line":369,"column":62}},"132":{"start":{"line":372,"column":2},"end":{"line":379,"column":4}},"133":{"start":{"line":376,"column":20},"end":{"line":376,"column":72}},"134":{"start":{"line":377,"column":29},"end":{"line":377,"column":45}},"135":{"start":{"line":378,"column":36},"end":{"line":378,"column":74}},"136":{"start":{"line":385,"column":30},"end":{"line":436,"column":1}},"137":{"start":{"line":386,"column":80},"end":{"line":386,"column":118}},"138":{"start":{"line":389,"column":2},"end":{"line":406,"column":88}},"139":{"start":{"line":390,"column":4},"end":{"line":390,"column":27}},"140":{"start":{"line":390,"column":20},"end":{"line":390,"column":27}},"141":{"start":{"line":393,"column":4},"end":{"line":395,"column":5}},"142":{"start":{"line":394,"column":6},"end":{"line":394,"column":46}},"143":{"start":{"line":398,"column":4},"end":{"line":400,"column":5}},"144":{"start":{"line":399,"column":6},"end":{"line":399,"column":49}},"145":{"start":{"line":403,"column":4},"end":{"line":405,"column":5}},"146":{"start":{"line":404,"column":6},"end":{"line":404,"column":46}},"147":{"start":{"line":408,"column":2},"end":{"line":435,"column":4}},"148":{"start":{"line":441,"column":33},"end":{"line":454,"column":1}},"149":{"start":{"line":442,"column":46},"end":{"line":447,"column":4}},"150":{"start":{"line":449,"column":2},"end":{"line":453,"column":4}}},"fnMap":{"0":{"name":"(anonymous_0)","decl":{"start":{"line":96,"column":33},"end":{"line":96,"column":34}},"loc":{"start":{"line":96,"column":48},"end":{"line":132,"column":1}},"line":96},"1":{"name":"(anonymous_1)","decl":{"start":{"line":140,"column":18},"end":{"line":140,"column":19}},"loc":{"start":{"line":140,"column":40},"end":{"line":158,"column":1}},"line":140},"2":{"name":"(anonymous_2)","decl":{"start":{"line":166,"column":35},"end":{"line":166,"column":36}},"loc":{"start":{"line":166,"column":58},"end":{"line":380,"column":1}},"line":166},"3":{"name":"(anonymous_3)","decl":{"start":{"line":186,"column":38},"end":{"line":186,"column":39}},"loc":{"start":{"line":186,"column":44},"end":{"line":188,"column":3}},"line":186},"4":{"name":"(anonymous_4)","decl":{"start":{"line":193,"column":31},"end":{"line":193,"column":32}},"loc":{"start":{"line":193,"column":52},"end":{"line":197,"column":3}},"line":193},"5":{"name":"(anonymous_5)","decl":{"start":{"line":202,"column":40},"end":{"line":202,"column":41}},"loc":{"start":{"line":202,"column":72},"end":{"line":207,"column":3}},"line":202},"6":{"name":"(anonymous_6)","decl":{"start":{"line":212,"column":46},"end":{"line":212,"column":47}},"loc":{"start":{"line":212,"column":78},"end":{"line":241,"column":3}},"line":212},"7":{"name":"(anonymous_7)","decl":{"start":{"line":246,"column":36},"end":{"line":246,"column":37}},"loc":{"start":{"line":246,"column":73},"end":{"line":279,"column":3}},"line":246},"8":{"name":"(anonymous_8)","decl":{"start":{"line":267,"column":37},"end":{"line":267,"column":38}},"loc":{"start":{"line":267,"column":47},"end":{"line":271,"column":7}},"line":267},"9":{"name":"(anonymous_9)","decl":{"start":{"line":273,"column":17},"end":{"line":273,"column":18}},"loc":{"start":{"line":273,"column":23},"end":{"line":275,"column":7}},"line":273},"10":{"name":"(anonymous_10)","decl":{"start":{"line":284,"column":38},"end":{"line":284,"column":39}},"loc":{"start":{"line":284,"column":88},"end":{"line":323,"column":3}},"line":284},"11":{"name":"(anonymous_11)","decl":{"start":{"line":328,"column":43},"end":{"line":328,"column":44}},"loc":{"start":{"line":328,"column":49},"end":{"line":342,"column":3}},"line":328},"12":{"name":"(anonymous_12)","decl":{"start":{"line":332,"column":35},"end":{"line":332,"column":36}},"loc":{"start":{"line":332,"column":45},"end":{"line":336,"column":5}},"line":332},"13":{"name":"(anonymous_13)","decl":{"start":{"line":347,"column":40},"end":{"line":347,"column":41}},"loc":{"start":{"line":347,"column":46},"end":{"line":355,"column":3}},"line":347},"14":{"name":"(anonymous_14)","decl":{"start":{"line":350,"column":35},"end":{"line":350,"column":36}},"loc":{"start":{"line":350,"column":45},"end":{"line":354,"column":5}},"line":350},"15":{"name":"(anonymous_15)","decl":{"start":{"line":358,"column":12},"end":{"line":358,"column":13}},"loc":{"start":{"line":358,"column":18},"end":{"line":361,"column":3}},"line":358},"16":{"name":"(anonymous_16)","decl":{"start":{"line":364,"column":11},"end":{"line":364,"column":12}},"loc":{"start":{"line":364,"column":29},"end":{"line":370,"column":3}},"line":364},"17":{"name":"(anonymous_17)","decl":{"start":{"line":376,"column":14},"end":{"line":376,"column":15}},"loc":{"start":{"line":376,"column":20},"end":{"line":376,"column":72}},"line":376},"18":{"name":"(anonymous_18)","decl":{"start":{"line":377,"column":23},"end":{"line":377,"column":24}},"loc":{"start":{"line":377,"column":29},"end":{"line":377,"column":45}},"line":377},"19":{"name":"(anonymous_19)","decl":{"start":{"line":378,"column":30},"end":{"line":378,"column":31}},"loc":{"start":{"line":378,"column":36},"end":{"line":378,"column":74}},"line":378},"20":{"name":"(anonymous_20)","decl":{"start":{"line":385,"column":30},"end":{"line":385,"column":31}},"loc":{"start":{"line":385,"column":97},"end":{"line":436,"column":1}},"line":385},"21":{"name":"(anonymous_21)","decl":{"start":{"line":389,"column":12},"end":{"line":389,"column":13}},"loc":{"start":{"line":389,"column":18},"end":{"line":406,"column":3}},"line":389},"22":{"name":"(anonymous_22)","decl":{"start":{"line":441,"column":33},"end":{"line":441,"column":34}},"loc":{"start":{"line":441,"column":39},"end":{"line":454,"column":1}},"line":441}},"branchMap":{"0":{"loc":{"start":{"line":97,"column":2},"end":{"line":97,"column":56}},"type":"if","locations":[{"start":{"line":97,"column":2},"end":{"line":97,"column":56}},{"start":{},"end":{}}],"line":97},"1":{"loc":{"start":{"line":100,"column":21},"end":{"line":100,"column":61}},"type":"binary-expr","locations":[{"start":{"line":100,"column":21},"end":{"line":100,"column":37}},{"start":{"line":100,"column":41},"end":{"line":100,"column":55}},{"start":{"line":100,"column":59},"end":{"line":100,"column":61}}],"line":100},"2":{"loc":{"start":{"line":101,"column":24},"end":{"line":101,"column":65}},"type":"binary-expr","locations":[{"start":{"line":101,"column":24},"end":{"line":101,"column":38}},{"start":{"line":101,"column":42},"end":{"line":101,"column":59}},{"start":{"line":101,"column":63},"end":{"line":101,"column":65}}],"line":101},"3":{"loc":{"start":{"line":102,"column":22},"end":{"line":102,"column":49}},"type":"binary-expr","locations":[{"start":{"line":102,"column":22},"end":{"line":102,"column":43}},{"start":{"line":102,"column":47},"end":{"line":102,"column":49}}],"line":102},"4":{"loc":{"start":{"line":103,"column":22},"end":{"line":103,"column":69}},"type":"binary-expr","locations":[{"start":{"line":103,"column":22},"end":{"line":103,"column":39}},{"start":{"line":103,"column":43},"end":{"line":103,"column":63}},{"start":{"line":103,"column":67},"end":{"line":103,"column":69}}],"line":103},"5":{"loc":{"start":{"line":106,"column":2},"end":{"line":109,"column":3}},"type":"if","locations":[{"start":{"line":106,"column":2},"end":{"line":109,"column":3}},{"start":{},"end":{}}],"line":106},"6":{"loc":{"start":{"line":106,"column":6},"end":{"line":107,"column":50}},"type":"binary-expr","locations":[{"start":{"line":106,"column":6},"end":{"line":106,"column":53}},{"start":{"line":107,"column":6},"end":{"line":107,"column":50}}],"line":106},"7":{"loc":{"start":{"line":111,"column":2},"end":{"line":116,"column":3}},"type":"if","locations":[{"start":{"line":111,"column":2},"end":{"line":116,"column":3}},{"start":{},"end":{}}],"line":111},"8":{"loc":{"start":{"line":111,"column":6},"end":{"line":114,"column":51}},"type":"binary-expr","locations":[{"start":{"line":111,"column":6},"end":{"line":111,"column":50}},{"start":{"line":112,"column":6},"end":{"line":112,"column":54}},{"start":{"line":113,"column":6},"end":{"line":113,"column":47}},{"start":{"line":114,"column":6},"end":{"line":114,"column":51}}],"line":111},"9":{"loc":{"start":{"line":120,"column":2},"end":{"line":127,"column":3}},"type":"if","locations":[{"start":{"line":120,"column":2},"end":{"line":127,"column":3}},{"start":{},"end":{}}],"line":120},"10":{"loc":{"start":{"line":120,"column":6},"end":{"line":125,"column":54}},"type":"binary-expr","locations":[{"start":{"line":120,"column":6},"end":{"line":120,"column":52}},{"start":{"line":121,"column":6},"end":{"line":121,"column":47}},{"start":{"line":122,"column":6},"end":{"line":122,"column":53}},{"start":{"line":123,"column":6},"end":{"line":123,"column":48}},{"start":{"line":124,"column":6},"end":{"line":124,"column":50}},{"start":{"line":125,"column":6},"end":{"line":125,"column":54}}],"line":120},"11":{"loc":{"start":{"line":141,"column":2},"end":{"line":141,"column":41}},"type":"if","locations":[{"start":{"line":141,"column":2},"end":{"line":141,"column":41}},{"start":{},"end":{}}],"line":141},"12":{"loc":{"start":{"line":141,"column":6},"end":{"line":141,"column":26}},"type":"binary-expr","locations":[{"start":{"line":141,"column":6},"end":{"line":141,"column":16}},{"start":{"line":141,"column":20},"end":{"line":141,"column":26}}],"line":141},"13":{"loc":{"start":{"line":144,"column":20},"end":{"line":144,"column":59}},"type":"binary-expr","locations":[{"start":{"line":144,"column":20},"end":{"line":144,"column":30}},{"start":{"line":144,"column":34},"end":{"line":144,"column":49}},{"start":{"line":144,"column":53},"end":{"line":144,"column":59}}],"line":144},"14":{"loc":{"start":{"line":145,"column":19},"end":{"line":145,"column":59}},"type":"binary-expr","locations":[{"start":{"line":145,"column":19},"end":{"line":145,"column":37}},{"start":{"line":145,"column":41},"end":{"line":145,"column":54}},{"start":{"line":145,"column":58},"end":{"line":145,"column":59}}],"line":145},"15":{"loc":{"start":{"line":148,"column":2},"end":{"line":150,"column":3}},"type":"if","locations":[{"start":{"line":148,"column":2},"end":{"line":150,"column":3}},{"start":{},"end":{}}],"line":148},"16":{"loc":{"start":{"line":148,"column":6},"end":{"line":148,"column":43}},"type":"binary-expr","locations":[{"start":{"line":148,"column":6},"end":{"line":148,"column":27}},{"start":{"line":148,"column":31},"end":{"line":148,"column":43}}],"line":148},"17":{"loc":{"start":{"line":153,"column":19},"end":{"line":153,"column":61}},"type":"binary-expr","locations":[{"start":{"line":153,"column":19},"end":{"line":153,"column":37}},{"start":{"line":153,"column":41},"end":{"line":153,"column":61}}],"line":153},"18":{"loc":{"start":{"line":168,"column":36},"end":{"line":168,"column":60}},"type":"binary-expr","locations":[{"start":{"line":168,"column":36},"end":{"line":168,"column":54}},{"start":{"line":168,"column":58},"end":{"line":168,"column":60}}],"line":168},"19":{"loc":{"start":{"line":213,"column":25},"end":{"line":213,"column":97}},"type":"binary-expr","locations":[{"start":{"line":213,"column":25},"end":{"line":213,"column":63}},{"start":{"line":213,"column":67},"end":{"line":213,"column":97}}],"line":213},"20":{"loc":{"start":{"line":216,"column":4},"end":{"line":216,"column":84}},"type":"if","locations":[{"start":{"line":216,"column":4},"end":{"line":216,"column":84}},{"start":{},"end":{}}],"line":216},"21":{"loc":{"start":{"line":216,"column":8},"end":{"line":216,"column":50}},"type":"binary-expr","locations":[{"start":{"line":216,"column":8},"end":{"line":216,"column":27}},{"start":{"line":216,"column":31},"end":{"line":216,"column":50}}],"line":216},"22":{"loc":{"start":{"line":217,"column":4},"end":{"line":217,"column":66}},"type":"if","locations":[{"start":{"line":217,"column":4},"end":{"line":217,"column":66}},{"start":{},"end":{}}],"line":217},"23":{"loc":{"start":{"line":218,"column":4},"end":{"line":218,"column":61}},"type":"if","locations":[{"start":{"line":218,"column":4},"end":{"line":218,"column":61}},{"start":{},"end":{}}],"line":218},"24":{"loc":{"start":{"line":219,"column":4},"end":{"line":219,"column":61}},"type":"if","locations":[{"start":{"line":219,"column":4},"end":{"line":219,"column":61}},{"start":{},"end":{}}],"line":219},"25":{"loc":{"start":{"line":222,"column":4},"end":{"line":222,"column":85}},"type":"if","locations":[{"start":{"line":222,"column":4},"end":{"line":222,"column":85}},{"start":{},"end":{}}],"line":222},"26":{"loc":{"start":{"line":222,"column":8},"end":{"line":222,"column":51}},"type":"binary-expr","locations":[{"start":{"line":222,"column":8},"end":{"line":222,"column":27}},{"start":{"line":222,"column":31},"end":{"line":222,"column":51}}],"line":222},"27":{"loc":{"start":{"line":225,"column":4},"end":{"line":228,"column":5}},"type":"if","locations":[{"start":{"line":225,"column":4},"end":{"line":228,"column":5}},{"start":{},"end":{}}],"line":225},"28":{"loc":{"start":{"line":225,"column":8},"end":{"line":225,"column":59}},"type":"binary-expr","locations":[{"start":{"line":225,"column":8},"end":{"line":225,"column":28}},{"start":{"line":225,"column":32},"end":{"line":225,"column":59}}],"line":225},"29":{"loc":{"start":{"line":226,"column":6},"end":{"line":226,"column":59}},"type":"if","locations":[{"start":{"line":226,"column":6},"end":{"line":226,"column":59}},{"start":{},"end":{}}],"line":226},"30":{"loc":{"start":{"line":231,"column":4},"end":{"line":231,"column":82}},"type":"if","locations":[{"start":{"line":231,"column":4},"end":{"line":231,"column":82}},{"start":{},"end":{}}],"line":231},"31":{"loc":{"start":{"line":231,"column":8},"end":{"line":231,"column":49}},"type":"binary-expr","locations":[{"start":{"line":231,"column":8},"end":{"line":231,"column":27}},{"start":{"line":231,"column":31},"end":{"line":231,"column":49}}],"line":231},"32":{"loc":{"start":{"line":234,"column":4},"end":{"line":237,"column":5}},"type":"if","locations":[{"start":{"line":234,"column":4},"end":{"line":237,"column":5}},{"start":{},"end":{}}],"line":234},"33":{"loc":{"start":{"line":234,"column":8},"end":{"line":234,"column":51}},"type":"binary-expr","locations":[{"start":{"line":234,"column":8},"end":{"line":234,"column":28}},{"start":{"line":234,"column":32},"end":{"line":234,"column":51}}],"line":234},"34":{"loc":{"start":{"line":235,"column":6},"end":{"line":235,"column":81}},"type":"if","locations":[{"start":{"line":235,"column":6},"end":{"line":235,"column":81}},{"start":{},"end":{}}],"line":235},"35":{"loc":{"start":{"line":235,"column":10},"end":{"line":235,"column":47}},"type":"binary-expr","locations":[{"start":{"line":235,"column":10},"end":{"line":235,"column":24}},{"start":{"line":235,"column":28},"end":{"line":235,"column":47}}],"line":235},"36":{"loc":{"start":{"line":236,"column":6},"end":{"line":236,"column":82}},"type":"if","locations":[{"start":{"line":236,"column":6},"end":{"line":236,"column":82}},{"start":{},"end":{}}],"line":236},"37":{"loc":{"start":{"line":236,"column":10},"end":{"line":236,"column":48}},"type":"binary-expr","locations":[{"start":{"line":236,"column":10},"end":{"line":236,"column":24}},{"start":{"line":236,"column":28},"end":{"line":236,"column":48}}],"line":236},"38":{"loc":{"start":{"line":246,"column":52},"end":{"line":246,"column":68}},"type":"default-arg","locations":[{"start":{"line":246,"column":64},"end":{"line":246,"column":68}}],"line":246},"39":{"loc":{"start":{"line":247,"column":4},"end":{"line":250,"column":5}},"type":"if","locations":[{"start":{"line":247,"column":4},"end":{"line":250,"column":5}},{"start":{},"end":{}}],"line":247},"40":{"loc":{"start":{"line":253,"column":4},"end":{"line":253,"column":52}},"type":"if","locations":[{"start":{"line":253,"column":4},"end":{"line":253,"column":52}},{"start":{},"end":{}}],"line":253},"41":{"loc":{"start":{"line":261,"column":4},"end":{"line":276,"column":5}},"type":"if","locations":[{"start":{"line":261,"column":4},"end":{"line":276,"column":5}},{"start":{"line":265,"column":11},"end":{"line":276,"column":5}}],"line":261},"42":{"loc":{"start":{"line":261,"column":8},"end":{"line":261,"column":42}},"type":"binary-expr","locations":[{"start":{"line":261,"column":8},"end":{"line":261,"column":17}},{"start":{"line":261,"column":21},"end":{"line":261,"column":42}}],"line":261},"43":{"loc":{"start":{"line":268,"column":8},"end":{"line":270,"column":9}},"type":"if","locations":[{"start":{"line":268,"column":8},"end":{"line":270,"column":9}},{"start":{},"end":{}}],"line":268},"44":{"loc":{"start":{"line":285,"column":4},"end":{"line":285,"column":47}},"type":"if","locations":[{"start":{"line":285,"column":4},"end":{"line":285,"column":47}},{"start":{},"end":{}}],"line":285},"45":{"loc":{"start":{"line":285,"column":8},"end":{"line":285,"column":38}},"type":"binary-expr","locations":[{"start":{"line":285,"column":8},"end":{"line":285,"column":18}},{"start":{"line":285,"column":22},"end":{"line":285,"column":38}}],"line":285},"46":{"loc":{"start":{"line":288,"column":4},"end":{"line":290,"column":5}},"type":"if","locations":[{"start":{"line":288,"column":4},"end":{"line":290,"column":5}},{"start":{},"end":{}}],"line":288},"47":{"loc":{"start":{"line":298,"column":4},"end":{"line":303,"column":5}},"type":"if","locations":[{"start":{"line":298,"column":4},"end":{"line":303,"column":5}},{"start":{"line":300,"column":11},"end":{"line":303,"column":5}}],"line":298},"48":{"loc":{"start":{"line":307,"column":4},"end":{"line":309,"column":5}},"type":"if","locations":[{"start":{"line":307,"column":4},"end":{"line":309,"column":5}},{"start":{},"end":{}}],"line":307},"49":{"loc":{"start":{"line":307,"column":8},"end":{"line":307,"column":73}},"type":"binary-expr","locations":[{"start":{"line":307,"column":8},"end":{"line":307,"column":36}},{"start":{"line":307,"column":40},"end":{"line":307,"column":73}}],"line":307},"50":{"loc":{"start":{"line":312,"column":4},"end":{"line":319,"column":5}},"type":"if","locations":[{"start":{"line":312,"column":4},"end":{"line":319,"column":5}},{"start":{},"end":{}}],"line":312},"51":{"loc":{"start":{"line":316,"column":6},"end":{"line":318,"column":7}},"type":"if","locations":[{"start":{"line":316,"column":6},"end":{"line":318,"column":7}},{"start":{},"end":{}}],"line":316},"52":{"loc":{"start":{"line":329,"column":4},"end":{"line":329,"column":25}},"type":"if","locations":[{"start":{"line":329,"column":4},"end":{"line":329,"column":25}},{"start":{},"end":{}}],"line":329},"53":{"loc":{"start":{"line":339,"column":4},"end":{"line":341,"column":5}},"type":"if","locations":[{"start":{"line":339,"column":4},"end":{"line":341,"column":5}},{"start":{},"end":{}}],"line":339},"54":{"loc":{"start":{"line":348,"column":4},"end":{"line":348,"column":25}},"type":"if","locations":[{"start":{"line":348,"column":4},"end":{"line":348,"column":25}},{"start":{},"end":{}}],"line":348},"55":{"loc":{"start":{"line":351,"column":6},"end":{"line":353,"column":7}},"type":"if","locations":[{"start":{"line":351,"column":6},"end":{"line":353,"column":7}},{"start":{},"end":{}}],"line":351},"56":{"loc":{"start":{"line":365,"column":4},"end":{"line":365,"column":47}},"type":"if","locations":[{"start":{"line":365,"column":4},"end":{"line":365,"column":47}},{"start":{},"end":{}}],"line":365},"57":{"loc":{"start":{"line":365,"column":8},"end":{"line":365,"column":38}},"type":"binary-expr","locations":[{"start":{"line":365,"column":8},"end":{"line":365,"column":18}},{"start":{"line":365,"column":22},"end":{"line":365,"column":38}}],"line":365},"58":{"loc":{"start":{"line":368,"column":26},"end":{"line":368,"column":51}},"type":"binary-expr","locations":[{"start":{"line":368,"column":26},"end":{"line":368,"column":41}},{"start":{"line":368,"column":45},"end":{"line":368,"column":51}}],"line":368},"59":{"loc":{"start":{"line":376,"column":29},"end":{"line":376,"column":71}},"type":"binary-expr","locations":[{"start":{"line":376,"column":29},"end":{"line":376,"column":54}},{"start":{"line":376,"column":58},"end":{"line":376,"column":71}}],"line":376},"60":{"loc":{"start":{"line":385,"column":52},"end":{"line":385,"column":68}},"type":"default-arg","locations":[{"start":{"line":385,"column":63},"end":{"line":385,"column":68}}],"line":385},"61":{"loc":{"start":{"line":385,"column":70},"end":{"line":385,"column":90}},"type":"default-arg","locations":[{"start":{"line":385,"column":81},"end":{"line":385,"column":90}}],"line":385},"62":{"loc":{"start":{"line":390,"column":4},"end":{"line":390,"column":27}},"type":"if","locations":[{"start":{"line":390,"column":4},"end":{"line":390,"column":27}},{"start":{},"end":{}}],"line":390},"63":{"loc":{"start":{"line":393,"column":4},"end":{"line":395,"column":5}},"type":"if","locations":[{"start":{"line":393,"column":4},"end":{"line":395,"column":5}},{"start":{},"end":{}}],"line":393},"64":{"loc":{"start":{"line":393,"column":8},"end":{"line":393,"column":60}},"type":"binary-expr","locations":[{"start":{"line":393,"column":8},"end":{"line":393,"column":25}},{"start":{"line":393,"column":29},"end":{"line":393,"column":60}}],"line":393},"65":{"loc":{"start":{"line":398,"column":4},"end":{"line":400,"column":5}},"type":"if","locations":[{"start":{"line":398,"column":4},"end":{"line":400,"column":5}},{"start":{},"end":{}}],"line":398},"66":{"loc":{"start":{"line":398,"column":8},"end":{"line":398,"column":53}},"type":"binary-expr","locations":[{"start":{"line":398,"column":8},"end":{"line":398,"column":28}},{"start":{"line":398,"column":32},"end":{"line":398,"column":53}}],"line":398},"67":{"loc":{"start":{"line":403,"column":4},"end":{"line":405,"column":5}},"type":"if","locations":[{"start":{"line":403,"column":4},"end":{"line":405,"column":5}},{"start":{},"end":{}}],"line":403},"68":{"loc":{"start":{"line":410,"column":7},"end":{"line":410,"column":59}},"type":"binary-expr","locations":[{"start":{"line":410,"column":7},"end":{"line":410,"column":20}},{"start":{"line":410,"column":24},"end":{"line":410,"column":59}}],"line":410},"69":{"loc":{"start":{"line":413,"column":7},"end":{"line":433,"column":7}},"type":"binary-expr","locations":[{"start":{"line":413,"column":7},"end":{"line":413,"column":45}},{"start":{"line":414,"column":8},"end":{"line":432,"column":15}}],"line":413},"70":{"loc":{"start":{"line":424,"column":13},"end":{"line":430,"column":13}},"type":"binary-expr","locations":[{"start":{"line":424,"column":13},"end":{"line":424,"column":39}},{"start":{"line":425,"column":14},"end":{"line":429,"column":20}}],"line":424},"71":{"loc":{"start":{"line":426,"column":17},"end":{"line":426,"column":71}},"type":"cond-expr","locations":[{"start":{"line":426,"column":54},"end":{"line":426,"column":61}},{"start":{"line":426,"column":64},"end":{"line":426,"column":71}}],"line":426},"72":{"loc":{"start":{"line":427,"column":17},"end":{"line":427,"column":73}},"type":"cond-expr","locations":[{"start":{"line":427,"column":54},"end":{"line":427,"column":62}},{"start":{"line":427,"column":65},"end":{"line":427,"column":73}}],"line":427},"73":{"loc":{"start":{"line":428,"column":17},"end":{"line":428,"column":70}},"type":"cond-expr","locations":[{"start":{"line":428,"column":53},"end":{"line":428,"column":60}},{"start":{"line":428,"column":63},"end":{"line":428,"column":70}}],"line":428}},"s":{"0":0,"1":0,"2":0,"3":0,"4":0,"5":0,"6":0,"7":0,"8":0,"9":0,"10":0,"11":0,"12":0,"13":0,"14":0,"15":0,"16":0,"17":0,"18":0,"19":0,"20":0,"21":0,"22":0,"23":0,"24":0,"25":0,"26":0,"27":0,"28":0,"29":0,"30":0,"31":0,"32":0,"33":0,"34":0,"35":0,"36":0,"37":0,"38":0,"39":0,"40":0,"41":0,"42":0,"43":0,"44":0,"45":0,"46":0,"47":0,"48":0,"49":0,"50":0,"51":0,"52":0,"53":0,"54":0,"55":0,"56":0,"57":0,"58":0,"59":0,"60":0,"61":0,"62":0,"63":0,"64":0,"65":0,"66":0,"67":0,"68":0,"69":0,"70":0,"71":0,"72":0,"73":0,"74":0,"75":0,"76":0,"77":0,"78":0,"79":0,"80":0,"81":0,"82":0,"83":0,"84":0,"85":0,"86":0,"87":0,"88":0,"89":0,"90":0,"91":0,"92":0,"93":0,"94":0,"95":0,"96":0,"97":0,"98":0,"99":0,"100":0,"101":0,"102":0,"103":0,"104":0,"105":0,"106":0,"107":0,"108":0,"109":0,"110":0,"111":0,"112":0,"113":0,"114":0,"115":0,"116":0,"117":0,"118":0,"119":0,"120":0,"121":0,"122":0,"123":0,"124":0,"125":0,"126":0,"127":0,"128":0,"129":0,"130":0,"131":0,"132":0,"133":0,"134":0,"135":0,"136":0,"137":0,"138":0,"139":0,"140":0,"141":0,"142":0,"143":0,"144":0,"145":0,"146":0,"147":0,"148":0,"149":0,"150":0},"f":{"0":0,"1":0,"2":0,"3":0,"4":0,"5":0,"6":0,"7":0,"8":0,"9":0,"10":0,"11":0,"12":0,"13":0,"14":0,"15":0,"16":0,"17":0,"18":0,"19":0,"20":0,"21":0,"22":0},"b":{"0":[0,0],"1":[0,0,0],"2":[0,0,0],"3":[0,0],"4":[0,0,0],"5":[0,0],"6":[0,0],"7":[0,0],"8":[0,0,0,0],"9":[0,0],"10":[0,0,0,0,0,0],"11":[0,0],"12":[0,0],"13":[0,0,0],"14":[0,0,0],"15":[0,0],"16":[0,0],"17":[0,0],"18":[0,0],"19":[0,0],"20":[0,0],"21":[0,0],"22":[0,0],"23":[0,0],"24":[0,0],"25":[0,0],"26":[0,0],"27":[0,0],"28":[0,0],"29":[0,0],"30":[0,0],"31":[0,0],"32":[0,0],"33":[0,0],"34":[0,0],"35":[0,0],"36":[0,0],"37":[0,0],"38":[0],"39":[0,0],"40":[0,0],"41":[0,0],"42":[0,0],"43":[0,0],"44":[0,0],"45":[0,0],"46":[0,0],"47":[0,0],"48":[0,0],"49":[0,0],"50":[0,0],"51":[0,0],"52":[0,0],"53":[0,0],"54":[0,0],"55":[0,0],"56":[0,0],"57":[0,0],"58":[0,0],"59":[0,0],"60":[0],"61":[0],"62":[0,0],"63":[0,0],"64":[0,0],"65":[0,0],"66":[0,0],"67":[0,0],"68":[0,0],"69":[0,0],"70":[0,0],"71":[0,0],"72":[0,0],"73":[0,0]}}
,"/home/brpocock/Projects/tootsville.org/play/react/src/components/AvatarManager.js": {"path":"/home/brpocock/Projects/tootsville.org/play/react/src/components/AvatarManager.js","statementMap":{"0":{"start":{"line":29,"column":22},"end":{"line":70,"column":1}},"1":{"start":{"line":30,"column":43},"end":{"line":34,"column":5}},"2":{"start":{"line":30,"column":66},"end":{"line":34,"column":3}},"3":{"start":{"line":42,"column":23},"end":{"line":45,"column":26}},"4":{"start":{"line":43,"column":4},"end":{"line":43,"column":35}},"5":{"start":{"line":43,"column":20},"end":{"line":43,"column":35}},"6":{"start":{"line":44,"column":4},"end":{"line":44,"column":64}},"7":{"start":{"line":44,"column":36},"end":{"line":44,"column":62}},"8":{"start":{"line":47,"column":2},"end":{"line":69,"column":4}},"9":{"start":{"line":51,"column":8},"end":{"line":55,"column":10}},"10":{"start":{"line":90,"column":15},"end":{"line":159,"column":1}},"11":{"start":{"line":91,"column":18},"end":{"line":91,"column":26}},"12":{"start":{"line":92,"column":32},"end":{"line":92,"column":56}},"13":{"start":{"line":93,"column":22},"end":{"line":93,"column":56}},"14":{"start":{"line":101,"column":26},"end":{"line":106,"column":3}},"15":{"start":{"line":102,"column":4},"end":{"line":105,"column":5}},"16":{"start":{"line":103,"column":6},"end":{"line":103,"column":62}},"17":{"start":{"line":103,"column":47},"end":{"line":103,"column":60}},"18":{"start":{"line":104,"column":6},"end":{"line":104,"column":36}},"19":{"start":{"line":113,"column":25},"end":{"line":134,"column":3}},"20":{"start":{"line":114,"column":4},"end":{"line":114,"column":33}},"21":{"start":{"line":114,"column":26},"end":{"line":114,"column":33}},"22":{"start":{"line":117,"column":4},"end":{"line":117,"column":46}},"23":{"start":{"line":120,"column":4},"end":{"line":126,"column":5}},"24":{"start":{"line":121,"column":6},"end":{"line":121,"column":30}},"25":{"start":{"line":122,"column":11},"end":{"line":126,"column":5}},"26":{"start":{"line":123,"column":6},"end":{"line":123,"column":29}},"27":{"start":{"line":125,"column":6},"end":{"line":125,"column":30}},"28":{"start":{"line":129,"column":4},"end":{"line":133,"column":5}},"29":{"start":{"line":130,"column":6},"end":{"line":130,"column":30}},"30":{"start":{"line":131,"column":11},"end":{"line":133,"column":5}},"31":{"start":{"line":132,"column":6},"end":{"line":132,"column":29}},"32":{"start":{"line":136,"column":2},"end":{"line":138,"column":5}},"33":{"start":{"line":137,"column":4},"end":{"line":137,"column":21}},"34":{"start":{"line":140,"column":2},"end":{"line":158,"column":4}},"35":{"start":{"line":150,"column":12},"end":{"line":150,"column":60}},"36":{"start":{"line":173,"column":26},"end":{"line":192,"column":1}},"37":{"start":{"line":174,"column":37},"end":{"line":174,"column":51}},"38":{"start":{"line":176,"column":2},"end":{"line":176,"column":33}},"39":{"start":{"line":176,"column":21},"end":{"line":176,"column":33}},"40":{"start":{"line":178,"column":2},"end":{"line":191,"column":4}},"41":{"start":{"line":181,"column":29},"end":{"line":181,"column":67}},"42":{"start":{"line":184,"column":29},"end":{"line":184,"column":55}},"43":{"start":{"line":187,"column":29},"end":{"line":187,"column":79}}},"fnMap":{"0":{"name":"(anonymous_0)","decl":{"start":{"line":29,"column":22},"end":{"line":29,"column":23}},"loc":{"start":{"line":29,"column":28},"end":{"line":70,"column":1}},"line":29},"1":{"name":"(anonymous_1)","decl":{"start":{"line":30,"column":56},"end":{"line":30,"column":57}},"loc":{"start":{"line":30,"column":66},"end":{"line":34,"column":3}},"line":30},"2":{"name":"(anonymous_2)","decl":{"start":{"line":42,"column":31},"end":{"line":42,"column":32}},"loc":{"start":{"line":42,"column":37},"end":{"line":45,"column":3}},"line":42},"3":{"name":"(anonymous_3)","decl":{"start":{"line":44,"column":26},"end":{"line":44,"column":27}},"loc":{"start":{"line":44,"column":36},"end":{"line":44,"column":62}},"line":44},"4":{"name":"(anonymous_4)","decl":{"start":{"line":50,"column":24},"end":{"line":50,"column":25}},"loc":{"start":{"line":51,"column":8},"end":{"line":55,"column":10}},"line":51},"5":{"name":"(anonymous_5)","decl":{"start":{"line":90,"column":15},"end":{"line":90,"column":16}},"loc":{"start":{"line":90,"column":71},"end":{"line":159,"column":1}},"line":90},"6":{"name":"(anonymous_6)","decl":{"start":{"line":101,"column":26},"end":{"line":101,"column":27}},"loc":{"start":{"line":101,"column":45},"end":{"line":106,"column":3}},"line":101},"7":{"name":"(anonymous_7)","decl":{"start":{"line":103,"column":37},"end":{"line":103,"column":38}},"loc":{"start":{"line":103,"column":47},"end":{"line":103,"column":60}},"line":103},"8":{"name":"(anonymous_8)","decl":{"start":{"line":113,"column":25},"end":{"line":113,"column":26}},"loc":{"start":{"line":113,"column":31},"end":{"line":134,"column":3}},"line":113},"9":{"name":"(anonymous_9)","decl":{"start":{"line":136,"column":11},"end":{"line":136,"column":12}},"loc":{"start":{"line":136,"column":17},"end":{"line":138,"column":3}},"line":136},"10":{"name":"(anonymous_10)","decl":{"start":{"line":149,"column":19},"end":{"line":149,"column":20}},"loc":{"start":{"line":149,"column":25},"end":{"line":151,"column":11}},"line":149},"11":{"name":"(anonymous_11)","decl":{"start":{"line":173,"column":26},"end":{"line":173,"column":27}},"loc":{"start":{"line":173,"column":48},"end":{"line":192,"column":1}},"line":173},"12":{"name":"(anonymous_12)","decl":{"start":{"line":181,"column":23},"end":{"line":181,"column":24}},"loc":{"start":{"line":181,"column":29},"end":{"line":181,"column":67}},"line":181},"13":{"name":"(anonymous_13)","decl":{"start":{"line":184,"column":23},"end":{"line":184,"column":24}},"loc":{"start":{"line":184,"column":29},"end":{"line":184,"column":55}},"line":184},"14":{"name":"(anonymous_14)","decl":{"start":{"line":187,"column":23},"end":{"line":187,"column":24}},"loc":{"start":{"line":187,"column":29},"end":{"line":187,"column":79}},"line":187}},"branchMap":{"0":{"loc":{"start":{"line":43,"column":4},"end":{"line":43,"column":35}},"type":"if","locations":[{"start":{"line":43,"column":4},"end":{"line":43,"column":35}},{"start":{},"end":{}}],"line":43},"1":{"loc":{"start":{"line":59,"column":7},"end":{"line":67,"column":7}},"type":"binary-expr","locations":[{"start":{"line":59,"column":7},"end":{"line":59,"column":16}},{"start":{"line":60,"column":8},"end":{"line":66,"column":10}}],"line":59},"2":{"loc":{"start":{"line":90,"column":26},"end":{"line":90,"column":42}},"type":"default-arg","locations":[{"start":{"line":90,"column":37},"end":{"line":90,"column":42}}],"line":90},"3":{"loc":{"start":{"line":90,"column":44},"end":{"line":90,"column":64}},"type":"default-arg","locations":[{"start":{"line":90,"column":55},"end":{"line":90,"column":64}}],"line":90},"4":{"loc":{"start":{"line":102,"column":4},"end":{"line":105,"column":5}},"type":"if","locations":[{"start":{"line":102,"column":4},"end":{"line":105,"column":5}},{"start":{},"end":{}}],"line":102},"5":{"loc":{"start":{"line":114,"column":4},"end":{"line":114,"column":33}},"type":"if","locations":[{"start":{"line":114,"column":4},"end":{"line":114,"column":33}},{"start":{},"end":{}}],"line":114},"6":{"loc":{"start":{"line":120,"column":4},"end":{"line":126,"column":5}},"type":"if","locations":[{"start":{"line":120,"column":4},"end":{"line":126,"column":5}},{"start":{"line":122,"column":11},"end":{"line":126,"column":5}}],"line":120},"7":{"loc":{"start":{"line":122,"column":11},"end":{"line":126,"column":5}},"type":"if","locations":[{"start":{"line":122,"column":11},"end":{"line":126,"column":5}},{"start":{"line":124,"column":11},"end":{"line":126,"column":5}}],"line":122},"8":{"loc":{"start":{"line":129,"column":4},"end":{"line":133,"column":5}},"type":"if","locations":[{"start":{"line":129,"column":4},"end":{"line":133,"column":5}},{"start":{"line":131,"column":11},"end":{"line":133,"column":5}}],"line":129},"9":{"loc":{"start":{"line":131,"column":11},"end":{"line":133,"column":5}},"type":"if","locations":[{"start":{"line":131,"column":11},"end":{"line":133,"column":5}},{"start":{},"end":{}}],"line":131},"10":{"loc":{"start":{"line":145,"column":7},"end":{"line":156,"column":7}},"type":"binary-expr","locations":[{"start":{"line":145,"column":7},"end":{"line":145,"column":16}},{"start":{"line":146,"column":8},"end":{"line":155,"column":15}}],"line":145},"11":{"loc":{"start":{"line":176,"column":2},"end":{"line":176,"column":33}},"type":"if","locations":[{"start":{"line":176,"column":2},"end":{"line":176,"column":33}},{"start":{},"end":{}}],"line":176}},"s":{"0":0,"1":0,"2":0,"3":0,"4":0,"5":0,"6":0,"7":0,"8":0,"9":0,"10":0,"11":0,"12":0,"13":0,"14":0,"15":0,"16":0,"17":0,"18":0,"19":0,"20":0,"21":0,"22":0,"23":0,"24":0,"25":0,"26":0,"27":0,"28":0,"29":0,"30":0,"31":0,"32":0,"33":0,"34":0,"35":0,"36":0,"37":0,"38":0,"39":0,"40":0,"41":0,"42":0,"43":0},"f":{"0":0,"1":0,"2":0,"3":0,"4":0,"5":0,"6":0,"7":0,"8":0,"9":0,"10":0,"11":0,"12":0,"13":0,"14":0},"b":{"0":[0,0],"1":[0,0],"2":[0],"3":[0],"4":[0,0],"5":[0,0],"6":[0,0],"7":[0,0],"8":[0,0],"9":[0,0],"10":[0,0],"11":[0,0]}}
,"/home/brpocock/Projects/tootsville.org/play/react/src/components/GameWorld.js": {"path":"/home/brpocock/Projects/tootsville.org/play/react/src/components/GameWorld.js","statementMap":{"0":{"start":{"line":25,"column":18},"end":{"line":85,"column":1}},"1":{"start":{"line":26,"column":36},"end":{"line":26,"column":50}},"2":{"start":{"line":27,"column":28},"end":{"line":27,"column":42}},"3":{"start":{"line":28,"column":19},"end":{"line":28,"column":27}},"4":{"start":{"line":29,"column":48},"end":{"line":29,"column":62}},"5":{"start":{"line":31,"column":2},"end":{"line":53,"column":21}},"6":{"start":{"line":32,"column":28},"end":{"line":50,"column":5}},"7":{"start":{"line":33,"column":6},"end":{"line":49,"column":7}},"8":{"start":{"line":34,"column":8},"end":{"line":34,"column":27}},"9":{"start":{"line":37,"column":28},"end":{"line":37,"column":54}},"10":{"start":{"line":38,"column":8},"end":{"line":38,"column":57}},"11":{"start":{"line":41,"column":8},"end":{"line":43,"column":9}},"12":{"start":{"line":42,"column":10},"end":{"line":42,"column":36}},"13":{"start":{"line":45,"column":8},"end":{"line":45,"column":28}},"14":{"start":{"line":47,"column":8},"end":{"line":47,"column":30}},"15":{"start":{"line":48,"column":8},"end":{"line":48,"column":28}},"16":{"start":{"line":52,"column":4},"end":{"line":52,"column":22}},"17":{"start":{"line":55,"column":2},"end":{"line":63,"column":3}},"18":{"start":{"line":56,"column":4},"end":{"line":62,"column":6}},"19":{"start":{"line":60,"column":31},"end":{"line":60,"column":55}},"20":{"start":{"line":65,"column":2},"end":{"line":72,"column":3}},"21":{"start":{"line":66,"column":4},"end":{"line":71,"column":6}},"22":{"start":{"line":74,"column":2},"end":{"line":84,"column":4}},"23":{"start":{"line":92,"column":19},"end":{"line":166,"column":1}},"24":{"start":{"line":93,"column":28},"end":{"line":93,"column":38}},"25":{"start":{"line":94,"column":22},"end":{"line":94,"column":30}},"26":{"start":{"line":97,"column":2},"end":{"line":100,"column":14}},"27":{"start":{"line":98,"column":4},"end":{"line":98,"column":49}},"28":{"start":{"line":99,"column":4},"end":{"line":99,"column":49}},"29":{"start":{"line":103,"column":2},"end":{"line":116,"column":5}},"30":{"start":{"line":105,"column":4},"end":{"line":115,"column":5}},"31":{"start":{"line":107,"column":6},"end":{"line":114,"column":7}},"32":{"start":{"line":108,"column":8},"end":{"line":113,"column":11}},"33":{"start":{"line":109,"column":10},"end":{"line":109,"column":56}},"34":{"start":{"line":110,"column":10},"end":{"line":112,"column":11}},"35":{"start":{"line":111,"column":12},"end":{"line":111,"column":37}},"36":{"start":{"line":118,"column":2},"end":{"line":165,"column":4}},"37":{"start":{"line":143,"column":8},"end":{"line":143,"column":62}},"38":{"start":{"line":148,"column":8},"end":{"line":148,"column":47}},"39":{"start":{"line":172,"column":15},"end":{"line":179,"column":1}},"40":{"start":{"line":173,"column":2},"end":{"line":178,"column":4}},"41":{"start":{"line":186,"column":21},"end":{"line":196,"column":1}},"42":{"start":{"line":187,"column":2},"end":{"line":187,"column":34}},"43":{"start":{"line":187,"column":22},"end":{"line":187,"column":34}},"44":{"start":{"line":189,"column":2},"end":{"line":195,"column":4}},"45":{"start":{"line":192,"column":8},"end":{"line":192,"column":55}},"46":{"start":{"line":203,"column":20},"end":{"line":223,"column":1}},"47":{"start":{"line":204,"column":18},"end":{"line":204,"column":26}},"48":{"start":{"line":206,"column":2},"end":{"line":210,"column":5}},"49":{"start":{"line":207,"column":4},"end":{"line":209,"column":5}},"50":{"start":{"line":208,"column":6},"end":{"line":208,"column":41}},"51":{"start":{"line":212,"column":2},"end":{"line":222,"column":4}},"52":{"start":{"line":230,"column":18},"end":{"line":258,"column":1}},"53":{"start":{"line":231,"column":18},"end":{"line":231,"column":26}},"54":{"start":{"line":233,"column":2},"end":{"line":242,"column":5}},"55":{"start":{"line":234,"column":4},"end":{"line":241,"column":5}},"56":{"start":{"line":236,"column":6},"end":{"line":240,"column":8}},"57":{"start":{"line":244,"column":2},"end":{"line":257,"column":4}},"58":{"start":{"line":265,"column":18},"end":{"line":284,"column":1}},"59":{"start":{"line":266,"column":18},"end":{"line":266,"column":26}},"60":{"start":{"line":268,"column":2},"end":{"line":272,"column":5}},"61":{"start":{"line":269,"column":4},"end":{"line":271,"column":5}},"62":{"start":{"line":270,"column":6},"end":{"line":270,"column":88}},"63":{"start":{"line":274,"column":2},"end":{"line":283,"column":4}},"64":{"start":{"line":291,"column":23},"end":{"line":322,"column":1}},"65":{"start":{"line":292,"column":23},"end":{"line":292,"column":31}},"66":{"start":{"line":294,"column":2},"end":{"line":310,"column":21}},"67":{"start":{"line":295,"column":4},"end":{"line":309,"column":5}},"68":{"start":{"line":296,"column":23},"end":{"line":296,"column":49}},"69":{"start":{"line":297,"column":24},"end":{"line":297,"column":26}},"70":{"start":{"line":299,"column":6},"end":{"line":305,"column":7}},"71":{"start":{"line":299,"column":19},"end":{"line":299,"column":20}},"72":{"start":{"line":300,"column":8},"end":{"line":304,"column":10}},"73":{"start":{"line":307,"column":6},"end":{"line":307,"column":88}},"74":{"start":{"line":308,"column":6},"end":{"line":308,"column":47}},"75":{"start":{"line":312,"column":2},"end":{"line":319,"column":3}},"76":{"start":{"line":313,"column":4},"end":{"line":318,"column":6}},"77":{"start":{"line":321,"column":2},"end":{"line":321,"column":14}}},"fnMap":{"0":{"name":"(anonymous_0)","decl":{"start":{"line":25,"column":18},"end":{"line":25,"column":19}},"loc":{"start":{"line":25,"column":40},"end":{"line":85,"column":1}},"line":25},"1":{"name":"(anonymous_1)","decl":{"start":{"line":31,"column":12},"end":{"line":31,"column":13}},"loc":{"start":{"line":31,"column":18},"end":{"line":53,"column":3}},"line":31},"2":{"name":"(anonymous_2)","decl":{"start":{"line":32,"column":28},"end":{"line":32,"column":29}},"loc":{"start":{"line":32,"column":40},"end":{"line":50,"column":5}},"line":32},"3":{"name":"(anonymous_3)","decl":{"start":{"line":60,"column":25},"end":{"line":60,"column":26}},"loc":{"start":{"line":60,"column":31},"end":{"line":60,"column":55}},"line":60},"4":{"name":"(anonymous_4)","decl":{"start":{"line":92,"column":19},"end":{"line":92,"column":20}},"loc":{"start":{"line":92,"column":62},"end":{"line":166,"column":1}},"line":92},"5":{"name":"(anonymous_5)","decl":{"start":{"line":97,"column":12},"end":{"line":97,"column":13}},"loc":{"start":{"line":97,"column":18},"end":{"line":100,"column":3}},"line":97},"6":{"name":"(anonymous_6)","decl":{"start":{"line":103,"column":11},"end":{"line":103,"column":12}},"loc":{"start":{"line":103,"column":29},"end":{"line":116,"column":3}},"line":103},"7":{"name":"(anonymous_7)","decl":{"start":{"line":108,"column":34},"end":{"line":108,"column":35}},"loc":{"start":{"line":108,"column":46},"end":{"line":113,"column":9}},"line":108},"8":{"name":"(anonymous_8)","decl":{"start":{"line":142,"column":36},"end":{"line":142,"column":37}},"loc":{"start":{"line":143,"column":8},"end":{"line":143,"column":62}},"line":143},"9":{"name":"(anonymous_9)","decl":{"start":{"line":147,"column":26},"end":{"line":147,"column":27}},"loc":{"start":{"line":148,"column":8},"end":{"line":148,"column":47}},"line":148},"10":{"name":"(anonymous_10)","decl":{"start":{"line":172,"column":15},"end":{"line":172,"column":16}},"loc":{"start":{"line":172,"column":21},"end":{"line":179,"column":1}},"line":172},"11":{"name":"(anonymous_11)","decl":{"start":{"line":186,"column":21},"end":{"line":186,"column":22}},"loc":{"start":{"line":186,"column":36},"end":{"line":196,"column":1}},"line":186},"12":{"name":"(anonymous_12)","decl":{"start":{"line":191,"column":25},"end":{"line":191,"column":26}},"loc":{"start":{"line":192,"column":8},"end":{"line":192,"column":55}},"line":192},"13":{"name":"(anonymous_13)","decl":{"start":{"line":203,"column":20},"end":{"line":203,"column":21}},"loc":{"start":{"line":203,"column":36},"end":{"line":223,"column":1}},"line":203},"14":{"name":"(anonymous_14)","decl":{"start":{"line":206,"column":11},"end":{"line":206,"column":12}},"loc":{"start":{"line":206,"column":17},"end":{"line":210,"column":3}},"line":206},"15":{"name":"(anonymous_15)","decl":{"start":{"line":230,"column":18},"end":{"line":230,"column":19}},"loc":{"start":{"line":230,"column":37},"end":{"line":258,"column":1}},"line":230},"16":{"name":"(anonymous_16)","decl":{"start":{"line":233,"column":11},"end":{"line":233,"column":12}},"loc":{"start":{"line":233,"column":17},"end":{"line":242,"column":3}},"line":233},"17":{"name":"(anonymous_17)","decl":{"start":{"line":265,"column":18},"end":{"line":265,"column":19}},"loc":{"start":{"line":265,"column":32},"end":{"line":284,"column":1}},"line":265},"18":{"name":"(anonymous_18)","decl":{"start":{"line":268,"column":11},"end":{"line":268,"column":12}},"loc":{"start":{"line":268,"column":17},"end":{"line":272,"column":3}},"line":268},"19":{"name":"(anonymous_19)","decl":{"start":{"line":291,"column":23},"end":{"line":291,"column":24}},"loc":{"start":{"line":291,"column":40},"end":{"line":322,"column":1}},"line":291},"20":{"name":"(anonymous_20)","decl":{"start":{"line":294,"column":12},"end":{"line":294,"column":13}},"loc":{"start":{"line":294,"column":18},"end":{"line":310,"column":3}},"line":294}},"branchMap":{"0":{"loc":{"start":{"line":41,"column":8},"end":{"line":43,"column":9}},"type":"if","locations":[{"start":{"line":41,"column":8},"end":{"line":43,"column":9}},{"start":{},"end":{}}],"line":41},"1":{"loc":{"start":{"line":55,"column":2},"end":{"line":63,"column":3}},"type":"if","locations":[{"start":{"line":55,"column":2},"end":{"line":63,"column":3}},{"start":{},"end":{}}],"line":55},"2":{"loc":{"start":{"line":65,"column":2},"end":{"line":72,"column":3}},"type":"if","locations":[{"start":{"line":65,"column":2},"end":{"line":72,"column":3}},{"start":{},"end":{}}],"line":65},"3":{"loc":{"start":{"line":105,"column":4},"end":{"line":115,"column":5}},"type":"if","locations":[{"start":{"line":105,"column":4},"end":{"line":115,"column":5}},{"start":{},"end":{}}],"line":105},"4":{"loc":{"start":{"line":107,"column":6},"end":{"line":114,"column":7}},"type":"if","locations":[{"start":{"line":107,"column":6},"end":{"line":114,"column":7}},{"start":{},"end":{}}],"line":107},"5":{"loc":{"start":{"line":107,"column":10},"end":{"line":107,"column":38}},"type":"binary-expr","locations":[{"start":{"line":107,"column":10},"end":{"line":107,"column":17}},{"start":{"line":107,"column":21},"end":{"line":107,"column":38}}],"line":107},"6":{"loc":{"start":{"line":110,"column":10},"end":{"line":112,"column":11}},"type":"if","locations":[{"start":{"line":110,"column":10},"end":{"line":112,"column":11}},{"start":{},"end":{}}],"line":110},"7":{"loc":{"start":{"line":139,"column":7},"end":{"line":139,"column":46}},"type":"binary-expr","locations":[{"start":{"line":139,"column":7},"end":{"line":139,"column":12}},{"start":{"line":139,"column":16},"end":{"line":139,"column":46}}],"line":139},"8":{"loc":{"start":{"line":142,"column":7},"end":{"line":144,"column":8}},"type":"binary-expr","locations":[{"start":{"line":142,"column":7},"end":{"line":142,"column":17}},{"start":{"line":142,"column":21},"end":{"line":144,"column":8}}],"line":142},"9":{"loc":{"start":{"line":147,"column":7},"end":{"line":149,"column":8}},"type":"binary-expr","locations":[{"start":{"line":147,"column":7},"end":{"line":147,"column":12}},{"start":{"line":147,"column":16},"end":{"line":149,"column":8}}],"line":147},"10":{"loc":{"start":{"line":152,"column":7},"end":{"line":152,"column":54}},"type":"binary-expr","locations":[{"start":{"line":152,"column":7},"end":{"line":152,"column":14}},{"start":{"line":152,"column":18},"end":{"line":152,"column":54}}],"line":152},"11":{"loc":{"start":{"line":187,"column":2},"end":{"line":187,"column":34}},"type":"if","locations":[{"start":{"line":187,"column":2},"end":{"line":187,"column":34}},{"start":{},"end":{}}],"line":187},"12":{"loc":{"start":{"line":207,"column":4},"end":{"line":209,"column":5}},"type":"if","locations":[{"start":{"line":207,"column":4},"end":{"line":209,"column":5}},{"start":{},"end":{}}],"line":207},"13":{"loc":{"start":{"line":207,"column":8},"end":{"line":207,"column":42}},"type":"binary-expr","locations":[{"start":{"line":207,"column":8},"end":{"line":207,"column":23}},{"start":{"line":207,"column":27},"end":{"line":207,"column":42}}],"line":207},"14":{"loc":{"start":{"line":220,"column":35},"end":{"line":220,"column":59}},"type":"binary-expr","locations":[{"start":{"line":220,"column":35},"end":{"line":220,"column":47}},{"start":{"line":220,"column":51},"end":{"line":220,"column":59}}],"line":220},"15":{"loc":{"start":{"line":234,"column":4},"end":{"line":241,"column":5}},"type":"if","locations":[{"start":{"line":234,"column":4},"end":{"line":241,"column":5}},{"start":{},"end":{}}],"line":234},"16":{"loc":{"start":{"line":234,"column":8},"end":{"line":234,"column":46}},"type":"binary-expr","locations":[{"start":{"line":234,"column":8},"end":{"line":234,"column":23}},{"start":{"line":234,"column":27},"end":{"line":234,"column":46}}],"line":234},"17":{"loc":{"start":{"line":249,"column":37},"end":{"line":249,"column":64}},"type":"binary-expr","locations":[{"start":{"line":249,"column":37},"end":{"line":249,"column":52}},{"start":{"line":249,"column":56},"end":{"line":249,"column":64}}],"line":249},"18":{"loc":{"start":{"line":269,"column":4},"end":{"line":271,"column":5}},"type":"if","locations":[{"start":{"line":269,"column":4},"end":{"line":271,"column":5}},{"start":{},"end":{}}],"line":269},"19":{"loc":{"start":{"line":269,"column":8},"end":{"line":269,"column":40}},"type":"binary-expr","locations":[{"start":{"line":269,"column":8},"end":{"line":269,"column":23}},{"start":{"line":269,"column":27},"end":{"line":269,"column":40}}],"line":269},"20":{"loc":{"start":{"line":281,"column":35},"end":{"line":281,"column":57}},"type":"binary-expr","locations":[{"start":{"line":281,"column":35},"end":{"line":281,"column":45}},{"start":{"line":281,"column":49},"end":{"line":281,"column":57}}],"line":281},"21":{"loc":{"start":{"line":295,"column":4},"end":{"line":309,"column":5}},"type":"if","locations":[{"start":{"line":295,"column":4},"end":{"line":309,"column":5}},{"start":{},"end":{}}],"line":295},"22":{"loc":{"start":{"line":295,"column":8},"end":{"line":295,"column":55}},"type":"binary-expr","locations":[{"start":{"line":295,"column":8},"end":{"line":295,"column":31}},{"start":{"line":295,"column":35},"end":{"line":295,"column":55}}],"line":295},"23":{"loc":{"start":{"line":312,"column":2},"end":{"line":319,"column":3}},"type":"if","locations":[{"start":{"line":312,"column":2},"end":{"line":319,"column":3}},{"start":{},"end":{}}],"line":312}},"s":{"0":0,"1":0,"2":0,"3":0,"4":0,"5":0,"6":0,"7":0,"8":0,"9":0,"10":0,"11":0,"12":0,"13":0,"14":0,"15":0,"16":0,"17":0,"18":0,"19":0,"20":0,"21":0,"22":0,"23":0,"24":0,"25":0,"26":0,"27":0,"28":0,"29":0,"30":0,"31":0,"32":0,"33":0,"34":0,"35":0,"36":0,"37":0,"38":0,"39":0,"40":0,"41":0,"42":0,"43":0,"44":0,"45":0,"46":0,"47":0,"48":0,"49":0,"50":0,"51":0,"52":0,"53":0,"54":0,"55":0,"56":0,"57":0,"58":0,"59":0,"60":0,"61":0,"62":0,"63":0,"64":0,"65":0,"66":0,"67":0,"68":0,"69":0,"70":0,"71":0,"72":0,"73":0,"74":0,"75":0,"76":0,"77":0},"f":{"0":0,"1":0,"2":0,"3":0,"4":0,"5":0,"6":0,"7":0,"8":0,"9":0,"10":0,"11":0,"12":0,"13":0,"14":0,"15":0,"16":0,"17":0,"18":0,"19":0,"20":0},"b":{"0":[0,0],"1":[0,0],"2":[0,0],"3":[0,0],"4":[0,0],"5":[0,0],"6":[0,0],"7":[0,0],"8":[0,0],"9":[0,0],"10":[0,0],"11":[0,0],"12":[0,0],"13":[0,0],"14":[0,0],"15":[0,0],"16":[0,0],"17":[0,0],"18":[0,0],"19":[0,0],"20":[0,0],"21":[0,0],"22":[0,0],"23":[0,0]}}
,"/home/brpocock/Projects/tootsville.org/play/react/src/components/ItemManager.js": {"path":"/home/brpocock/Projects/tootsville.org/play/react/src/components/ItemManager.js","statementMap":{"0":{"start":{"line":33,"column":20},"end":{"line":104,"column":1}},"1":{"start":{"line":37,"column":34},"end":{"line":40,"column":5}},"2":{"start":{"line":37,"column":57},"end":{"line":40,"column":3}},"3":{"start":{"line":48,"column":22},"end":{"line":58,"column":61}},"4":{"start":{"line":49,"column":4},"end":{"line":49,"column":63}},"5":{"start":{"line":49,"column":50},"end":{"line":49,"column":63}},"6":{"start":{"line":51,"column":22},"end":{"line":51,"column":76}},"7":{"start":{"line":53,"column":4},"end":{"line":57,"column":7}},"8":{"start":{"line":54,"column":22},"end":{"line":54,"column":57}},"9":{"start":{"line":55,"column":23},"end":{"line":55,"column":52}},"10":{"start":{"line":56,"column":6},"end":{"line":56,"column":51}},"11":{"start":{"line":66,"column":32},"end":{"line":76,"column":3}},"12":{"start":{"line":67,"column":4},"end":{"line":67,"column":27}},"13":{"start":{"line":67,"column":20},"end":{"line":67,"column":27}},"14":{"start":{"line":69,"column":22},"end":{"line":69,"column":76}},"15":{"start":{"line":70,"column":20},"end":{"line":70,"column":55}},"16":{"start":{"line":71,"column":21},"end":{"line":71,"column":50}},"17":{"start":{"line":73,"column":4},"end":{"line":75,"column":5}},"18":{"start":{"line":74,"column":6},"end":{"line":74,"column":61}},"19":{"start":{"line":78,"column":2},"end":{"line":103,"column":4}},"20":{"start":{"line":81,"column":8},"end":{"line":88,"column":10}},"21":{"start":{"line":92,"column":28},"end":{"line":92,"column":55}},"22":{"start":{"line":93,"column":8},"end":{"line":100,"column":10}},"23":{"start":{"line":128,"column":13},"end":{"line":204,"column":1}},"24":{"start":{"line":135,"column":18},"end":{"line":135,"column":26}},"25":{"start":{"line":136,"column":20},"end":{"line":136,"column":72}},"26":{"start":{"line":143,"column":2},"end":{"line":156,"column":5}},"27":{"start":{"line":144,"column":4},"end":{"line":155,"column":5}},"28":{"start":{"line":146,"column":6},"end":{"line":149,"column":7}},"29":{"start":{"line":147,"column":8},"end":{"line":147,"column":90}},"30":{"start":{"line"
[...]
{"loc":{"start":{"line":130,"column":4},"end":{"line":134,"column":5}},"type":"if","locations":[{"start":{"line":130,"column":4},"end":{"line":134,"column":5}},{"start":{},"end":{}}],"line":130},"4":{"loc":{"start":{"line":130,"column":8},"end":{"line":130,"column":42}},"type":"binary-expr","locations":[{"start":{"line":130,"column":8},"end":{"line":130,"column":21}},{"start":{"line":130,"column":25},"end":{"line":130,"column":42}}],"line":130},"5":{"loc":{"start":{"line":137,"column":4},"end":{"line":139,"column":5}},"type":"if","locations":[{"start":{"line":137,"column":4},"end":{"line":139,"column":5}},{"start":{},"end":{}}],"line":137},"6":{"loc":{"start":{"line":150,"column":4},"end":{"line":153,"column":5}},"type":"if","locations":[{"start":{"line":150,"column":4},"end":{"line":153,"column":5}},{"start":{},"end":{}}],"line":150},"7":{"loc":{"start":{"line":150,"column":8},"end":{"line":150,"column":45}},"type":"binary-expr","locations":[{"start":{"line":150,"column":8},"end":{"line":150,"column":15}},{"start":{"line":150,"column":19},"end":{"line":150,"column":45}}],"line":150},"8":{"loc":{"start":{"line":160,"column":6},"end":{"line":163,"column":7}},"type":"if","locations":[{"start":{"line":160,"column":6},"end":{"line":163,"column":7}},{"start":{},"end":{}}],"line":160},"9":{"loc":{"start":{"line":186,"column":4},"end":{"line":188,"column":5}},"type":"if","locations":[{"start":{"line":186,"column":4},"end":{"line":188,"column":5}},{"start":{},"end":{}}],"line":186},"10":{"loc":{"start":{"line":191,"column":4},"end":{"line":193,"column":5}},"type":"if","locations":[{"start":{"line":191,"column":4},"end":{"line":193,"column":5}},{"start":{},"end":{}}],"line":191},"11":{"loc":{"start":{"line":196,"column":4},"end":{"line":210,"column":5}},"type":"if","locations":[{"start":{"line":196,"column":4},"end":{"line":210,"column":5}},{"start":{},"end":{}}],"line":196},"12":{"loc":{"start":{"line":209,"column":13},"end":{"line":209,"column":50}},"type":"binary-expr","locations":[{"start":{"line":209,"column":13},"end":{"line":209,"column":34}},{"start":{"line":209,"column":38},"end":{"line":209,"column":50}}],"line":209},"13":{"loc":{"start":{"line":227,"column":6},"end":{"line":233,"column":7}},"type":"if","locations":[{"start":{"line":227,"column":6},"end":{"line":233,"column":7}},{"start":{"line":229,"column":13},"end":{"line":233,"column":7}}],"line":227},"14":{"loc":{"start":{"line":238,"column":6},"end":{"line":240,"column":7}},"type":"if","locations":[{"start":{"line":238,"column":6},"end":{"line":240,"column":7}},{"start":{},"end":{}}],"line":238},"15":{"loc":{"start":{"line":245,"column":6},"end":{"line":247,"column":7}},"type":"if","locations":[{"start":{"line":245,"column":6},"end":{"line":247,"column":7}},{"start":{},"end":{}}],"line":245},"16":{"loc":{"start":{"line":276,"column":11},"end":{"line":276,"column":65}},"type":"cond-expr","locations":[{"start":{"line":276,"column":43},"end":{"line":276,"column":58}},{"start":{"line":276,"column":61},"end":{"line":276,"column":65}}],"line":276},"17":{"loc":{"start":{"line":289,"column":12},"end":{"line":289,"column":36}},"type":"binary-expr","locations":[{"start":{"line":289,"column":12},"end":{"line":289,"column":23}},{"start":{"line":289,"column":27},"end":{"line":289,"column":36}}],"line":289},"18":{"loc":{"start":{"line":290,"column":14},"end":{"line":290,"column":36}},"type":"binary-expr","locations":[{"start":{"line":290,"column":14},"end":{"line":290,"column":27}},{"start":{"line":290,"column":31},"end":{"line":290,"column":36}}],"line":290},"19":{"loc":{"start":{"line":296,"column":4},"end":{"line":296,"column":47}},"type":"if","locations":[{"start":{"line":296,"column":4},"end":{"line":296,"column":47}},{"start":{},"end":{}}],"line":296},"20":{"loc":{"start":{"line":297,"column":4},"end":{"line":297,"column":44}},"type":"if","locations":[{"start":{"line":297,"column":4},"end":{"line":297,"column":44}},{"start":{},"end":{}}],"line":297},"21":{"loc":{"start":{"line":298,"column":4},"end":{"line":298,"column":53}},"type":"if","locations":[{"start":{"line":298,"column":4},"end":{"line":298,"column":53}},{"start":{},"end":{}}],"line":298},"22":{"loc":{"start":{"line":352,"column":4},"end":{"line":354,"column":5}},"type":"if","locations":[{"start":{"line":352,"column":4},"end":{"line":354,"column":5}},{"start":{},"end":{}}],"line":352},"23":{"loc":{"start":{"line":366,"column":11},"end":{"line":366,"column":48}},"type":"binary-expr","locations":[{"start":{"line":366,"column":11},"end":{"line":366,"column":40}},{"start":{"line":366,"column":44},"end":{"line":366,"column":48}}],"line":366},"24":{"loc":{"start":{"line":415,"column":4},"end":{"line":417,"column":5}},"type":"if","locations":[{"start":{"line":415,"column":4},"end":{"line":417,"column":5}},{"start":{},"end":{}}],"line":415},"25":{"loc":{"start":{"line":415,"column":8},"end":{"line":415,"column":45}},"type":"binary-expr","locations":[{"start":{"line":415,"column":8},"end":{"line":415,"column":15}},{"start":{"line":415,"column":19},"end":{"line":415,"column":45}}],"line":415},"26":{"loc":{"start":{"line":419,"column":4},"end":{"line":421,"column":5}},"type":"if","locations":[{"start":{"line":419,"column":4},"end":{"line":421,"column":5}},{"start":{},"end":{}}],"line":419},"27":{"loc":{"start":{"line":419,"column":8},"end":{"line":419,"column":74}},"type":"binary-expr","locations":[{"start":{"line":419,"column":8},"end":{"line":419,"column":39}},{"start":{"line":419,"column":43},"end":{"line":419,"column":74}}],"line":419},"28":{"loc":{"start":{"line":432,"column":4},"end":{"line":434,"column":5}},"type":"if","locations":[{"start":{"line":432,"column":4},"end":{"line":434,"column":5}},{"start":{},"end":{}}],"line":432}},"s":{"0":46,"1":46,"2":46,"3":46,"4":46,"5":6,"6":6,"7":1,"8":1,"9":5,"10":5,"11":5,"12":5,"13":1,"14":4,"15":5,"16":25,"17":7,"18":5,"19":1,"20":1,"21":1,"22":4,"23":0,"24":4,"25":12,"26":3,"27":3,"28":9,"29":9,"30":9,"31":9,"32":0,"33":0,"34":9,"35":9,"36":9,"37":0,"38":0,"39":14,"40":2,"41":12,"42":1,"43":11,"44":10,"45":10,"46":10,"47":1,"48":9,"49":9,"50":17,"51":14,"52":3,"53":3,"54":9,"55":38,"56":4,"57":9,"58":25,"59":7,"60":9,"61":9,"62":9,"63":0,"64":0,"65":0,"66":0,"67":0,"68":0,"69":0,"70":0,"71":0,"72":0,"73":0,"74":0,"75":0,"76":0,"77":86,"78":1,"79":85,"80":85,"81":2,"82":1,"83":1,"84":1,"85":1,"86":1,"87":2,"88":1,"89":1,"90":1,"91":4,"92":0,"93":4,"94":2,"95":2,"96":2,"97":1,"98":1,"99":1},"f":{"0":46,"1":6,"2":12,"3":14,"4":9,"5":9,"6":0,"7":0,"8":0,"9":86,"10":2,"11":1,"12":2,"13":1,"14":4,"15":2},"b":{"0":[1,5],"1":[1,4],"2":[7,18],"3":[1,4],"4":[5,4],"5":[0,4],"6":[3,9],"7":[12,10],"8":[0,9],"9":[2,12],"10":[1,11],"11":[10,1],"12":[10,2],"13":[14,3],"14":[4,34],"15":[7,18],"16":[8,1],"17":[0,0],"18":[0,0],"19":[0,0],"20":[0,0],"21":[0,0],"22":[1,85],"23":[2,1],"24":[0,4],"25":[4,4],"26":[2,2],"27":[4,2],"28":[1,1]},"_coverageSchema":"1a1c01bbd47fc00a2c39e90264f33305004495a9","hash":"96593d8cdb4d6339b74bbdea6b410f68b9b74966"}
,"/home/brpocock/Projects/tootsville.org/play/react/src/stores/GameStore.js": {"path":"/home/brpocock/Projects/tootsville.org/play/react/src/stores/GameStore.js","statementMap":{"0":{"start":{"line":12,"column":29},"end":{"line":12,"column":55}},"1":{"start":{"line":14,"column":21},"end":{"line":262,"column":1}},"2":{"start":{"line":15,"column":39},"end":{"line":261,"column":3}},"3":{"start":{"line":88,"column":42},"end":{"line":90,"column":9}},"4":{"start":{"line":88,"column":56},"end":{"line":90,"column":7}},"5":{"start":{"line":92,"column":40},"end":{"line":94,"column":9}},"6":{"start":{"line":92,"column":54},"end":{"line":94,"column":7}},"7":{"start":{"line":96,"column":45},"end":{"line":104,"column":9}},"8":{"start":{"line":96,"column":59},"end":{"line":104,"column":7}},"9":{"start":{"line":106,"column":35},"end":{"line":106,"column":53}},"10":{"start":{"line":107,"column":29},"end":{"line":107,"column":44}},"11":{"start":{"line":108,"column":34},"end":{"line":108,"column":62}},"12":{"start":{"line":111,"column":36},"end":{"line":113,"column":9}},"13":{"start":{"line":111,"column":52},"end":{"line":113,"column":7}},"14":{"start":{"line":116,"column":29},"end":{"line":118,"column":9}},"15":{"start":{"line":116,"column":45},"end":{"line":118,"column":7}},"16":{"start":{"line":121,"column":32},"end":{"line":123,"column":9}},"17":{"start":{"line":121,"column":48},"end":{"line":123,"column":7}},"18":{"start":{"line":125,"column":30},"end":{"line":127,"column":9}},"19":{"start":{"line":125,"column":46},"end":{"line":127,"column":7}},"20":{"start":{"line":129,"column":24},"end":{"line":131,"column":9}},"21":{"start":{"line":129,"column":40},"end":{"line":131,"column":7}},"22":{"start":{"line":134,"column":40},"end":{"line":134,"column":59}},"23":{"start":{"line":135,"column":34},"end":{"line":135,"column":50}},"24":{"start":{"line":138,"column":38},"end":{"line":138,"column":56}},"25":{"start":{"line":141,"column":35},"end":{"line":146,"column":9}},"26":{"start":{"line":141,"column":51},"end":{"line":146,"column":7}},"27":{"start":{"line":149,"column":44},"end":{"line":151,"column":9}},"28":{"start":{"line":149,"column":60},"end":{"line":151,"column":7}},"29":{"start":{"line":153,"column":45},"end":{"line":155,"column":9}},"30":{"start":{"line":153,"column":61},"end":{"line":155,"column":7}},"31":{"start":{"line":158,"column":31},"end":{"line":164,"column":9}},"32":{"start":{"line":158,"column":47},"end":{"line":164,"column":7}},"33":{"start":{"line":168,"column":8},"end":{"line":168,"column":49}},"34":{"start":{"line":173,"column":28},"end":{"line":173,"column":33}},"35":{"start":{"line":175,"column":8},"end":{"line":177,"column":11}},"36":{"start":{"line":176,"column":10},"end":{"line":176,"column":50}},"37":{"start":{"line":179,"column":8},"end":{"line":181,"column":11}},"38":{"start":{"line":180,"column":10},"end":{"line":180,"column":51}},"39":{"start":{"line":183,"column":8},"end":{"line":185,"column":11}},"40":{"start":{"line":184,"column":10},"end":{"line":184,"column":47}},"41":{"start":{"line":187,"column":8},"end":{"line":189,"column":11}},"42":{"start":{"line":188,"column":10},"end":{"line":188,"column":47}},"43":{"start":{"line":191,"column":8},"end":{"line":193,"column":11}},"44":{"start":{"line":192,"column":10},"end":{"line":192,"column":48}},"45":{"start":{"line":195,"column":8},"end":{"line":197,"column":11}},"46":{"start":{"line":196,"column":10},"end":{"line":196,"column":51}},"47":{"start":{"line":199,"column":8},"end":{"line":199,"column":46}},"48":{"start":{"line":204,"column":8},"end":{"line":204,"column":42}},"49":{"start":{"line":205,"column":8},"end":{"line":211,"column":12}},"50":{"start":{"line":205,"column":24},"end":{"line":211,"column":9}},"51":{"start":{"line":215,"column":19},"end":{"line":259,"column":8}}},"fnMap":{"0":{"name":"(anonymous_0)","decl":{"start":{"line":15,"column":24},"end":{"line":15,"column":25}},"loc":{"start":{"line":15,"column":39},"end":{"line":261,"column":3}},"line":15},"1":{"name":"(anonymous_1)","decl":{"start":{"line":88,"column":28},"end":{"line":88,"column":29}},"loc":{"start":{"line":88,"column":42},"end":{"line":90,"column":9}},"line":88},"2":{"name":"(anonymous_2)","decl":{"start":{"line":88,"column":46},"end":{"line":88,"column":47}},"loc":{"start":{"line":88,"column":56},"end":{"line":90,"column":7}},"line":88},"3":{"name":"(anonymous_3)","decl":{"start":{"line":92,"column":26},"end":{"line":92,"column":27}},"loc":{"start":{"line":92,"column":40},"end":{"line":94,"column":9}},"line":92},"4":{"name":"(anonymous_4)","decl":{"start":{"line":92,"column":44},"end":{"line":92,"column":45}},"loc":{"start":{"line":92,"column":54},"end":{"line":94,"column":7}},"line":92},"5":{"name":"(anonymous_5)","decl":{"start":{"line":96,"column":31},"end":{"line":96,"column":32}},"loc":{"start":{"line":96,"column":45},"end":{"line":104,"column":9}},"line":96},"6":{"name":"(anonymous_6)","decl":{"start":{"line":96,"column":49},"end":{"line":96,"column":50}},"loc":{"start":{"line":96,"column":59},"end":{"line":104,"column":7}},"line":96},"7":{"name":"(anonymous_7)","decl":{"start":{"line":106,"column":20},"end":{"line":106,"column":21}},"loc":{"start":{"line":106,"column":35},"end":{"line":106,"column":53}},"line":106},"8":{"name":"(anonymous_8)","decl":{"start":{"line":107,"column":17},"end":{"line":107,"column":18}},"loc":{"start":{"line":107,"column":29},"end":{"line":107,"column":44}},"line":107},"9":{"name":"(anonymous_9)","decl":{"start":{"line":108,"column":24},"end":{"line":108,"column":25}},"loc":{"start":{"line":108,"column":34},"end":{"line":108,"column":62}},"line":108},"10":{"name":"(anonymous_10)","decl":{"start":{"line":111,"column":22},"end":{"line":111,"column":23}},"loc":{"start":{"line":111,"column":36},"end":{"line":113,"column":9}},"line":111},"11":{"name":"(anonymous_11)","decl":{"start":{"line":111,"column":40},"end":{"line":111,"column":41}},"loc":{"start":{"line":111,"column":52},"end":{"line":113,"column":7}},"line":111},"12":{"name":"(anonymous_12)","decl":{"start":{"line":116,"column":17},"end":{"line":116,"column":18}},"loc":{"start":{"line":116,"column":29},"end":{"line":118,"column":9}},"line":116},"13":{"name":"(anonymous_13)","decl":{"start":{"line":116,"column":33},"end":{"line":116,"column":34}},"loc":{"start":{"line":116,"column":45},"end":{"line":118,"column":7}},"line":116},"14":{"name":"(anonymous_14)","decl":{"start":{"line":121,"column":22},"end":{"line":121,"column":23}},"loc":{"start":{"line":121,"column":32},"end":{"line":123,"column":9}},"line":121},"15":{"name":"(anonymous_15)","decl":{"start":{"line":121,"column":36},"end":{"line":121,"column":37}},"loc":{"start":{"line":121,"column":48},"end":{"line":123,"column":7}},"line":121},"16":{"name":"(anonymous_16)","decl":{"start":{"line":125,"column":17},"end":{"line":125,"column":18}},"loc":{"start":{"line":125,"column":30},"end":{"line":127,"column":9}},"line":125},"17":{"name":"(anonymous_17)","decl":{"start":{"line":125,"column":34},"end":{"line":125,"column":35}},"loc":{"start":{"line":125,"column":46},"end":{"line":127,"column":7}},"line":125},"18":{"name":"(anonymous_18)","decl":{"start":{"line":129,"column":18},"end":{"line":129,"column":19}},"loc":{"start":{"line":129,"column":24},"end":{"line":131,"column":9}},"line":129},"19":{"name":"(anonymous_19)","decl":{"start":{"line":129,"column":28},"end":{"line":129,"column":29}},"loc":{"start":{"line":129,"column":40},"end":{"line":131,"column":7}},"line":129},"20":{"name":"(anonymous_20)","decl":{"start":{"line":134,"column":24},"end":{"line":134,"column":25}},"loc":{"start":{"line":134,"column":40},"end":{"line":134,"column":59}},"line":134},"21":{"name":"(anonymous_21)","decl":{"start":{"line":135,"column":21},"end":{"line":135,"column":22}},"loc":{"start":{"line":135,"column":34},"end":{"line":135,"column":50}},"line":135},"22":{"name":"(anonymous_22)","decl":{"start":{"line":138,"column":23},"end":{"line":138,"column":24}},"loc":{"start":{"line":138,"column":38},"end":{"line":138,"column":56}},"line":138},"23":{"name":"(anonymous_23)","decl":{"start":{"line":141,"column":22},"end":{"line":141,"column":23}},"loc":{"start":{"line":141,"column":35},"end":{"line":146,"column":9}},"line":141},"24":{"name":"(anonymous_24)","decl":{"start":{"line":141,"column":39},"end":{"line":141,"column":40}},"loc":{"start":{"line":141,"column":51},"end":{"line":146,"column":7}},"line":141},"25":{"name":"(anonymous_25)","decl":{"start":{"line":149,"column":27},"end":{"line":149,"column":28}},"loc":{"start":{"line":149,"column":44},"end":{"line":151,"column":9}},"line":149},"26":{"name":"(anonymous_26)","decl":{"start":{"line":149,"column":48},"end":{"line":149,"column":49}},"loc":{"start":{"line":149,"column":60},"end":{"line":151,"column":7}},"line":149},"27":{"name":"(anonymous_27)","decl":{"start":{"line":153,"column":24},"end":{"line":153,"column":25}},"loc":{"start":{"line":153,"column":45},"end":{"line":155,"column":9}},"line":153},"28":{"name":"(anonymous_28)","decl":{"start":{"line":153,"column":49},"end":{"line":153,"column":50}},"loc":{"start":{"line":153,"column":61},"end":{"line":155,"column":7}},"line":153},"29":{"name":"(anonymous_29)","decl":{"start":{"line":158,"column":22},"end":{"line":158,"column":23}},"loc":{"start":{"line":158,"column":31},"end":{"line":164,"column":9}},"line":158},"30":{"name":"(anonymous_30)","decl":{"start":{"line":158,"column":35},"end":{"line":158,"column":36}},"loc":{"start":{"line":158,"column":47},"end":{"line":164,"column":7}},"line":158},"31":{"name":"(anonymous_31)","decl":{"start":{"line":167,"column":19},"end":{"line":167,"column":20}},"loc":{"start":{"line":167,"column":38},"end":{"line":169,"column":7}},"line":167},"32":{"name":"(anonymous_32)","decl":{"start":{"line":172,"column":31},"end":{"line":172,"column":32}},"loc":{"start":{"line":172,"column":37},"end":{"line":200,"column":7}},"line":172},"33":{"name":"(anonymous_33)","decl":{"start":{"line":175,"column":45},"end":{"line":175,"column":46}},"loc":{"start":{"line":175,"column":51},"end":{"line":177,"column":9}},"line":175},"34":{"name":"(anonymous_34)","decl":{"start":{"line":179,"column":48},"end":{"line":179,"column":49}},"loc":{"start":{"line":179,"column":54},"end":{"line":181,"column":9}},"line":179},"35":{"name":"(anonymous_35)","decl":{"start":{"line":183,"column":48},"end":{"line":183,"column":49}},"loc":{"start":{"line":183,"column":58},"end":{"line":185,"column":9}},"line":183},"36":{"name":"(anonymous_36)","decl":{"start":{"line":187,"column":49},"end":{"line":187,"column":50}},"loc":{"start":{"line":187,"column":62},"end":{"line":189,"column":9}},"line":187},"37":{"name":"(anonymous_37)","decl":{"start":{"line":191,"column":49},"end":{"line":191,"column":50}},"loc":{"start":{"line":191,"column":62},"end":{"line":193,"column":9}},"line":191},"38":{"name":"(anonymous_38)","decl":{"start":{"line":195,"column":51},"end":{"line":195,"column":52}},"loc":{"start":{"line":195,"column":66},"end":{"line":197,"column":9}},"line":195},"39":{"name":"(anonymous_39)","decl":{"start":{"line":203,"column":18},"end":{"line":203,"column":19}},"loc":{"start":{"line":203,"column":24},"end":{"line":212,"column":7}},"line":203},"40":{"name":"(anonymous_40)","decl":{"start":{"line":205,"column":12},"end":{"line":205,"column":13}},"loc":{"start":{"line":205,"column":24},"end":{"line":211,"column":9}},"line":205},"41":{"name":"(anonymous_41)","decl":{"start":{"line":215,"column":13},"end":{"line":215,"column":14}},"loc":{"start":{"line":215,"column":19},"end":{"line":259,"column":8}},"line":215}},"branchMap":{"0":{"loc":{"start":{"line":100,"column":20},"end":{"line":102,"column":101}},"type":"binary-expr","locations":[{"start":{"line":100,"column":20},"end":{"line":100,"column":48}},{"start":{"line":101,"column":12},"end":{"line":101,"column":101}},{"start":{"line":102,"column":12},"end":{"line":102,"column":101}}],"line":100},"1":{"loc":{"start":{"line":162,"column":16},"end":{"line":162,"column":61}},"type":"cond-expr","locations":[{"start":{"line":162,"column":37},"end":{"line":162,"column":57}},{"start":{"line":162,"column":60},"end":{"line":162,"column":61}}],"line":162}},"s":{"0":1,"1":1,"2":1,"3":0,"4":0,"5":0,"6":0,"7":0,"8":0,"9":4,"10":3,"11":1,"12":104,"13":104,"14":2,"15":2,"16":1,"17":1,"18":3,"19":3,"20":1,"21":1,"22":1,"23":2,"24":1,"25":1003,"26":1003,"27":2,"28":2,"29":2,"30":2,"31":3,"32":3,"33":1,"34":1,"35":1,"36":0,"37":1,"38":0,"39":1,"40":0,"41":1,"42":0,"43":1,"44":0,"45":1,"46":0,"47":1,"48":1,"49":1,"50":1,"51":28},"f":{"0":1,"1":0,"2":0,"3":0,"4":0,"5":0,"6":0,"7":4,"8":3,"9":1,"10":104,"11":104,"12":2,"13":2,"14":1,"15":1,"16":3,"17":3,"18":1,"19":1,"20":1,"21":2,"22":1,"23":1003,"24":1003,"25":2,"26":2,"27":2,"28":2,"29":3,"30":3,"31":1,"32":1,"33":0,"34":0,"35":0,"36":0,"37":0,"38":0,"39":1,"40":1,"41":28},"b":{"0":[0,0,0],"1":[1,2]},"_coverageSchema":"1a1c01bbd47fc00a2c39e90264f33305004495a9","hash":"131152368abf11e647b97f1d51114ec2f6b6bcfd"}
}
