{"/home/brpocock/Projects/tootsville.org/play/react/src/App.js": {"path":"/home/brpocock/Projects/tootsville.org/play/react/src/App.js","statementMap":{"0":{"start":{"line":25,"column":12},"end":{"line":112,"column":1}},"1":{"start":{"line":26,"column":48},"end":{"line":26,"column":63}},"2":{"start":{"line":27,"column":36},"end":{"line":27,"column":50}},"3":{"start":{"line":28,"column":28},"end":{"line":28,"column":42}},"4":{"start":{"line":29,"column":58},"end":{"line":29,"column":72}},"5":{"start":{"line":31,"column":2},"end":{"line":49,"column":9}},"6":{"start":{"line":33,"column":22},"end":{"line":46,"column":5}},"7":{"start":{"line":34,"column":6},"end":{"line":45,"column":7}},"8":{"start":{"line":35,"column":22},"end":{"line":35,"column":62}},"9":{"start":{"line":36,"column":8},"end":{"line":40,"column":9}},"10":{"start":{"line":39,"column":10},"end":{"line":39,"column":35}},"11":{"start":{"line":42,"column":8},"end":{"line":42,"column":49}},"12":{"start":{"line":44,"column":8},"end":{"line":44,"column":28}},"13":{"start":{"line":48,"column":4},"end":{"line":48,"column":16}},"14":{"start":{"line":51,"column":22},"end":{"line":65,"column":3}},"15":{"start":{"line":52,"column":4},"end":{"line":64,"column":5}},"16":{"start":{"line":53,"column":6},"end":{"line":53,"column":25}},"17":{"start":{"line":57,"column":6},"end":{"line":57,"column":61}},"18":{"start":{"line":58,"column":6},"end":{"line":58,"column":31}},"19":{"start":{"line":61,"column":6},"end":{"line":61,"column":28}},"20":{"start":{"line":63,"column":6},"end":{"line":63,"column":26}},"21":{"start":{"line":67,"column":23},"end":{"line":71,"column":3}},"22":{"start":{"line":68,"column":4},"end":{"line":68,"column":48}},"23":{"start":{"line":69,"column":4},"end":{"line":69,"column":30}},"24":{"start":{"line":70,"column":4},"end":{"line":70,"column":34}},"25":{"start":{"line":73,"column":27},"end":{"line":75,"column":3}},"26":{"start":{"line":74,"column":4},"end":{"line":74,"column":41}},"27":{"start":{"line":77,"column":2},"end":{"line":79,"column":3}},"28":{"start":{"line":78,"column":4},"end":{"line":78,"column":29}},"29":{"start":{"line":81,"column":2},"end":{"line":91,"column":3}},"30":{"start":{"line":82,"column":4},"end":{"line":90,"column":6}},"31":{"start":{"line":87,"column":33},"end":{"line":87,"column":57}},"32":{"start":{"line":93,"column":2},"end":{"line":99,"column":3}},"33":{"start":{"line":94,"column":4},"end":{"line":98,"column":6}},"34":{"start":{"line":101,"column":2},"end":{"line":111,"column":4}}},"fnMap":{"0":{"name":"(anonymous_0)","decl":{"start":{"line":25,"column":12},"end":{"line":25,"column":13}},"loc":{"start":{"line":25,"column":18},"end":{"line":112,"column":1}},"line":25},"1":{"name":"(anonymous_1)","decl":{"start":{"line":31,"column":12},"end":{"line":31,"column":13}},"loc":{"start":{"line":31,"column":18},"end":{"line":49,"column":3}},"line":31},"2":{"name":"(anonymous_2)","decl":{"start":{"line":33,"column":22},"end":{"line":33,"column":23}},"loc":{"start":{"line":33,"column":34},"end":{"line":46,"column":5}},"line":33},"3":{"name":"(anonymous_3)","decl":{"start":{"line":51,"column":22},"end":{"line":51,"column":23}},"loc":{"start":{"line":51,"column":45},"end":{"line":65,"column":3}},"line":51},"4":{"name":"(anonymous_4)","decl":{"start":{"line":67,"column":23},"end":{"line":67,"column":24}},"loc":{"start":{"line":67,"column":29},"end":{"line":71,"column":3}},"line":67},"5":{"name":"(anonymous_5)","decl":{"start":{"line":73,"column":27},"end":{"line":73,"column":28}},"loc":{"start":{"line":73,"column":44},"end":{"line":75,"column":3}},"line":73},"6":{"name":"(anonymous_6)","decl":{"start":{"line":87,"column":27},"end":{"line":87,"column":28}},"loc":{"start":{"line":87,"column":33},"end":{"line":87,"column":57}},"line":87}},"branchMap":{"0":{"loc":{"start":{"line":36,"column":8},"end":{"line":40,"column":9}},"type":"if","locations":[{"start":{"line":36,"column":8},"end":{"line":40,"column":9}},{"start":{},"end":{}}],"line":36},"1":{"loc":{"start":{"line":77,"column":2},"end":{"line":79,"column":3}},"type":"if","locations":[{"start":{"line":77,"column":2},"end":{"line":79,"column":3}},{"start":{},"end":{}}],"line":77},"2":{"loc":{"start":{"line":81,"column":2},"end":{"line":91,"column":3}},"type":"if","locations":[{"start":{"line":81,"column":2},"end":{"line":91,"column":3}},{"start":{},"end":{}}],"line":81},"3":{"loc":{"start":{"line":93,"column":2},"end":{"line":99,"column":3}},"type":"if","locations":[{"start":{"line":93,"column":2},"end":{"line":99,"column":3}},{"start":{},"end":{}}],"line":93}},"s":{"0":0,"1":0,"2":0,"3":0,"4":0,"5":0,"6":0,"7":0,"8":0,"9":0,"10":0,"11":0,"12":0,"13":0,"14":0,"15":0,"16":0,"17":0,"18":0,"19":0,"20":0,"21":0,"22":0,"23":0,"24":0,"25":0,"26":0,"27":0,"28":0,"29":0,"30":0,"31":0,"32":0,"33":0,"34":0},"f":{"0":0,"1":0,"2":0,"3":0,"4":0,"5":0,"6":0},"b":{"0":[0,0],"1":[0,0],"2":[0,0],"3":[0,0]}}
,"/home/brpocock/Projects/tootsville.org/play/react/src/index.js": {"path":"/home/brpocock/Projects/tootsville.org/play/react/src/index.js","statementMap":{"0":{"start":{"line":17,"column":13},"end":{"line":17,"column":65}},"1":{"start":{"line":20,"column":0},"end":{"line":24,"column":2}}},"fnMap":{},"branchMap":{},"s":{"0":0,"1":0},"f":{},"b":{}}
,"/home/brpocock/Projects/tootsville.org/play/react/src/bindings/ClientBindings.js": {"path":"/home/brpocock/Projects/tootsville.org/play/react/src/bindings/ClientBindings.js","statementMap":{"0":{"start":{"line":39,"column":4},"end":{"line":39,"column":34}},"1":{"start":{"line":40,"column":4},"end":{"line":40,"column":46}},"2":{"start":{"line":41,"column":4},"end":{"line":47,"column":6}},"3":{"start":{"line":49,"column":4},"end":{"line":49,"column":31}},"4":{"start":{"line":50,"column":4},"end":{"line":50,"column":30}},"5":{"start":{"line":60,"column":4},"end":{"line":60,"column":48}},"6":{"start":{"line":61,"column":4},"end":{"line":61,"column":56}},"7":{"start":{"line":62,"column":4},"end":{"line":62,"column":54}},"8":{"start":{"line":63,"column":4},"end":{"line":63,"column":52}},"9":{"start":{"line":64,"column":4},"end":{"line":64,"column":56}},"10":{"start":{"line":67,"column":4},"end":{"line":67,"column":79}},"11":{"start":{"line":68,"column":4},"end":{"line":68,"column":77}},"12":{"start":{"line":69,"column":4},"end":{"line":69,"column":75}},"13":{"start":{"line":70,"column":4},"end":{"line":70,"column":81}},"14":{"start":{"line":80,"column":4},"end":{"line":88,"column":5}},"15":{"start":{"line":81,"column":6},"end":{"line":81,"column":39}},"16":{"start":{"line":82,"column":6},"end":{"line":87,"column":8}},"17":{"start":{"line":91,"column":4},"end":{"line":94,"column":5}},"18":{"start":{"line":92,"column":6},"end":{"line":92,"column":37}},"19":{"start":{"line":93,"column":6},"end":{"line":93,"column":42}},"20":{"start":{"line":108,"column":4},"end":{"line":188,"column":6}},"21":{"start":{"line":117,"column":8},"end":{"line":117,"column":62}},"22":{"start":{"line":118,"column":8},"end":{"line":118,"column":53}},"23":{"start":{"line":130,"column":8},"end":{"line":130,"column":67}},"24":{"start":{"line":131,"column":8},"end":{"line":131,"column":64}},"25":{"start":{"line":141,"column":8},"end":{"line":141,"column":69}},"26":{"start":{"line":142,"column":8},"end":{"line":142,"column":62}},"27":{"start":{"line":152,"column":8},"end":{"line":152,"column":66}},"28":{"start":{"line":153,"column":8},"end":{"line":153,"column":63}},"29":{"start":{"line":162,"column":8},"end":{"line":162,"column":51}},"30":{"start":{"line":171,"column":22},"end":{"line":171,"column":47}},"31":{"start":{"line":172,"column":8},"end":{"line":177,"column":10}},"32":{"start":{"line":186,"column":8},"end":{"line":186,"column":64}},"33":{"start":{"line":199,"column":4},"end":{"line":246,"column":6}},"34":{"start":{"line":207,"column":8},"end":{"line":207,"column":47}},"35":{"start":{"line":217,"column":8},"end":{"line":217,"column":47}},"36":{"start":{"line":227,"column":8},"end":{"line":227,"column":48}},"37":{"start":{"line":236,"column":8},"end":{"line":236,"column":44}},"38":{"start":{"line":244,"column":8},"end":{"line":244,"column":40}},"39":{"start":{"line":257,"column":4},"end":{"line":292,"column":6}},"40":{"start":{"line":263,"column":26},"end":{"line":263,"column":51}},"41":{"start":{"line":270,"column":30},"end":{"line":270,"column":59}},"42":{"start":{"line":277,"column":29},"end":{"line":277,"column":57}},"43":{"start":{"line":284,"column":28},"end":{"line":284,"column":55}},"44":{"start":{"line":291,"column":30},"end":{"line":291,"column":59}},"45":{"start":{"line":303,"column":4},"end":{"line":349,"column":6}},"46":{"start":{"line":312,"column":19},"end":{"line":312,"column":34}},"47":{"start":{"line":313,"column":19},"end":{"line":313,"column":34}},"48":{"start":{"line":314,"column":19},"end":{"line":314,"column":34}},"49":{"start":{"line":315,"column":8},"end":{"line":315,"column":54}},"50":{"start":{"line":326,"column":8},"end":{"line":326,"column":65}},"51":{"start":{"line":337,"column":8},"end":{"line":337,"column":66}},"52":{"start":{"line":347,"column":8},"end":{"line":347,"column":56}},"53":{"start":{"line":359,"column":4},"end":{"line":359,"column":53}},"54":{"start":{"line":369,"column":4},"end":{"line":369,"column":53}},"55":{"start":{"line":379,"column":4},"end":{"line":379,"column":49}},"56":{"start":{"line":389,"column":4},"end":{"line":389,"column":54}},"57":{"start":{"line":397,"column":4},"end":{"line":397,"column":69}},"58":{"start":{"line":398,"column":4},"end":{"line":398,"column":67}},"59":{"start":{"line":399,"column":4},"end":{"line":399,"column":65}},"60":{"start":{"line":400,"column":4},"end":{"line":400,"column":71}},"61":{"start":{"line":402,"column":4},"end":{"line":405,"column":5}},"62":{"start":{"line":403,"column":6},"end":{"line":403,"column":39}},"63":{"start":{"line":404,"column":6},"end":{"line":404,"column":31}},"64":{"start":{"line":407,"column":4},"end":{"line":410,"column":5}},"65":{"start":{"line":408,"column":6},"end":{"line":408,"column":37}},"66":{"start":{"line":409,"column":6},"end":{"line":409,"column":29}},"67":{"start":{"line":415,"column":23},"end":{"line":415,"column":43}}},"fnMap":{"0":{"name":"(anonymous_0)","decl":{"start":{"line":38,"column":2},"end":{"line":38,"column":3}},"loc":{"start":{"line":38,"column":16},"end":{"line":51,"column":3}},"line":38},"1":{"name":"(anonymous_1)","decl":{"start":{"line":58,"column":2},"end":{"line":58,"column":3}},"loc":{"start":{"line":58,"column":24},"end":{"line":71,"column":3}},"line":58},"2":{"name":"(anonymous_2)","decl":{"start":{"line":78,"column":2},"end":{"line":78,"column":3}},"loc":{"start":{"line":78,"column":23},"end":{"line":95,"column":3}},"line":78},"3":{"name":"(anonymous_3)","decl":{"start":{"line":107,"column":2},"end":{"line":107,"column":3}},"loc":{"start":{"line":107,"column":13},"end":{"line":189,"column":3}},"line":107},"4":{"name":"(anonymous_4)","decl":{"start":{"line":116,"column":18},"end":{"line":116,"column":19}},"loc":{"start":{"line":116,"column":31},"end":{"line":119,"column":7}},"line":116},"5":{"name":"(anonymous_5)","decl":{"start":{"line":129,"column":16},"end":{"line":129,"column":17}},"loc":{"start":{"line":129,"column":36},"end":{"line":132,"column":7}},"line":129},"6":{"name":"(anonymous_6)","decl":{"start":{"line":140,"column":19},"end":{"line":140,"column":20}},"loc":{"start":{"line":140,"column":49},"end":{"line":143,"column":7}},"line":140},"7":{"name":"(anonymous_7)","decl":{"start":{"line":151,"column":15},"end":{"line":151,"column":16}},"loc":{"start":{"line":151,"column":35},"end":{"line":154,"column":7}},"line":151},"8":{"name":"(anonymous_8)","decl":{"start":{"line":161,"column":20},"end":{"line":161,"column":21}},"loc":{"start":{"line":161,"column":26},"end":{"line":163,"column":7}},"line":161},"9":{"name":"(anonymous_9)","decl":{"start":{"line":170,"column":19},"end":{"line":170,"column":20}},"loc":{"start":{"line":170,"column":25},"end":{"line":178,"column":7}},"line":170},"10":{"name":"(anonymous_10)","decl":{"start":{"line":185,"column":24},"end":{"line":185,"column":25}},"loc":{"start":{"line":185,"column":30},"end":{"line":187,"column":7}},"line":185},"11":{"name":"(anonymous_11)","decl":{"start":{"line":198,"column":2},"end":{"line":198,"column":3}},"loc":{"start":{"line":198,"column":22},"end":{"line":247,"column":3}},"line":198},"12":{"name":"(anonymous_12)","decl":{"start":{"line":206,"column":12},"end":{"line":206,"column":13}},"loc":{"start":{"line":206,"column":31},"end":{"line":208,"column":7}},"line":206},"13":{"name":"(anonymous_13)","decl":{"start":{"line":216,"column":10},"end":{"line":216,"column":11}},"loc":{"start":{"line":216,"column":31},"end":{"line":218,"column":7}},"line":216},"14":{"name":"(anonymous_14)","decl":{"start":{"line":226,"column":11},"end":{"line":226,"column":12}},"loc":{"start":{"line":226,"column":32},"end":{"line":228,"column":7}},"line":226},"15":{"name":"(anonymous_15)","decl":{"start":{"line":235,"column":15},"end":{"line":235,"column":16}},"loc":{"start":{"line":235,"column":28},"end":{"line":237,"column":7}},"line":235},"16":{"name":"(anonymous_16)","decl":{"start":{"line":243,"column":18},"end":{"line":243,"column":19}},"loc":{"start":{"line":243,"column":24},"end":{"line":245,"column":7}},"line":243},"17":{"name":"(anonymous_17)","decl":{"start":{"line":256,"column":2},"end":{"line":256,"column":3}},"loc":{"start":{"line":256,"column":19},"end":{"line":293,"column":3}},"line":256},"18":{"name":"(anonymous_18)","decl":{"start":{"line":263,"column":20},"end":{"line":263,"column":21}},"loc":{"start":{"line":263,"column":26},"end":{"line":263,"column":51}},"line":263},"19":{"name":"(anonymous_19)","decl":{"start":{"line":270,"column":24},"end":{"line":270,"column":25}},"loc":{"start":{"line":270,"column":30},"end":{"line":270,"column":59}},"line":270},"20":{"name":"(anonymous_20)","decl":{"start":{"line":277,"column":23},"end":{"line":277,"column":24}},"loc":{"start":{"line":277,"column":29},"end":{"line":277,"column":57}},"line":277},"21":{"name":"(anonymous_21)","decl":{"start":{"line":284,"column":22},"end":{"line":284,"column":23}},"loc":{"start":{"line":284,"column":28},"end":{"line":284,"column":55}},"line":284},"22":{"name":"(anonymous_22)","decl":{"start":{"line":291,"column":24},"end":{"line":291,"column":25}},"loc":{"start":{"line":291,"column":30},"end":{"line":291,"column":59}},"line":291},"23":{"name":"(anonymous_23)","decl":{"start":{"line":302,"column":2},"end":{"line":302,"column":3}},"loc":{"start":{"line":302,"column":14},"end":{"line":350,"column":3}},"line":302},"24":{"name":"(anonymous_24)","decl":{"start":{"line":311,"column":25},"end":{"line":311,"column":26}},"loc":{"start":{"line":311,"column":41},"end":{"line":316,"column":7}},"line":311},"25":{"name":"(anonymous_25)","decl":{"start":{"line":324,"column":21},"end":{"line":324,"column":22}},"loc":{"start":{"line":324,"column":35},"end":{"line":327,"column":7}},"line":324},"26":{"name":"(anonymous_26)","decl":{"start":{"line":335,"column":21},"end":{"line":335,"column":22}},"loc":{"start":{"line":335,"column":36},"end":{"line":338,"column":7}},"line":335},"27":{"name":"(anonymous_27)","decl":{"start":{"line":346,"column":18},"end":{"line":346,"column":19}},"loc":{"start":{"line":346,"column":33},"end":{"line":348,"column":7}},"line":346},"28":{"name":"(anonymous_28)","decl":{"start":{"line":358,"column":2},"end":{"line":358,"column":3}},"loc":{"start":{"line":358,"column":28},"end":{"line":360,"column":3}},"line":358},"29":{"name":"(anonymous_29)","decl":{"start":{"line":368,"column":2},"end":{"line":368,"column":3}},"loc":{"start":{"line":368,"column":27},"end":{"line":370,"column":3}},"line":368},"30":{"name":"(anonymous_30)","decl":{"start":{"line":378,"column":2},"end":{"line":378,"column":3}},"loc":{"start":{"line":378,"column":26},"end":{"line":380,"column":3}},"line":378},"31":{"name":"(anonymous_31)","decl":{"start":{"line":388,"column":2},"end":{"line":388,"column":3}},"loc":{"start":{"line":388,"column":29},"end":{"line":390,"column":3}},"line":388},"32":{"name":"(anonymous_32)","decl":{"start":{"line":396,"column":2},"end":{"line":396,"column":3}},"loc":{"start":{"line":396,"column":12},"end":{"line":411,"column":3}},"line":396}},"branchMap":{"0":{"loc":{"start":{"line":80,"column":4},"end":{"line":88,"column":5}},"type":"if","locations":[{"start":{"line":80,"column":4},"end":{"line":88,"column":5}},{"start":{},"end":{}}],"line":80},"1":{"loc":{"start":{"line":91,"column":4},"end":{"line":94,"column":5}},"type":"if","locations":[{"start":{"line":91,"column":4},"end":{"line":94,"column":5}},{"start":{},"end":{}}],"line":91},"2":{"loc":{"start":{"line":140,"column":29},"end":{"line":140,"column":44}},"type":"default-arg","locations":[{"start":{"line":140,"column":36},"end":{"line":140,"column":44}}],"line":140},"3":{"loc":{"start":{"line":402,"column":4},"end":{"line":405,"column":5}},"type":"if","locations":[{"start":{"line":402,"column":4},"end":{"line":405,"column":5}},{"start":{},"end":{}}],"line":402},"4":{"loc":{"start":{"line":407,"column":4},"end":{"line":410,"column":5}},"type":"if","locations":[{"start":{"line":407,"column":4},"end":{"line":410,"column":5}},{"start":{},"end":{}}],"line":407}},"s":{"0":0,"1":0,"2":0,"3":0,"4":0,"5":0,"6":0,"7":0,"8":0,"9":0,"10":0,"11":0,"12":0,"13":0,"14":0,"15":0,"16":0,"17":0,"18":0,"19":0,"20":0,"21":0,"22":0,"23":0,"24":0,"25":0,"26":0,"27":0,"28":0,"29":0,"30":0,"31":0,"32":0,"33":0,"34":0,"35":0,"36":0,"37":0,"38":0,"39":0,"40":0,"41":0,"42":0,"43":0,"44":0,"45":0,"46":0,"47":0,"48":0,"49":0,"50":0,"51":0,"52":0,"53":0,"54":0,"55":0,"56":0,"57":0,"58":0,"59":0,"60":0,"61":0,"62":0,"63":0,"64":0,"65":0,"66":0,"67":0},"f":{"0":0,"1":0,"2":0,"3":0,"4":0,"5":0,"6":0,"7":0,"8":0,"9":0,"10":0,"11":0,"12":0,"13":0,"14":0,"15":0,"16":0,"17":0,"18":0,"19":0,"20":0,"21":0,"22":0,"23":0,"24":0,"25":0,"26":0,"27":0,"28":0,"29":0,"30":0,"31":0,"32":0},"b":{"0":[0,0],"1":[0,0],"2":[0],"3":[0,0],"4":[0,0]}}
,"/home/brpocock/Projects/tootsville.org/play/react/src/components/AvatarManager.js": {"path":"/home/brpocock/Projects/tootsville.org/play/react/src/components/AvatarManager.js","statementMap":{"0":{"start":{"line":29,"column":22},"end":{"line":69,"column":1}},"1":{"start":{"line":30,"column":43},"end":{"line":34,"column":5}},"2":{"start":{"line":30,"column":66},"end":{"line":34,"column":3}},"3":{"start":{"line":42,"column":23},"end":{"line":45,"column":26}},"4":{"start":{"line":43,"column":4},"end":{"line":43,"column":35}},"5":{"start":{"line":43,"column":20},"end":{"line":43,"column":35}},"6":{"start":{"line":44,"column":4},"end":{"line":44,"column":64}},"7":{"start":{"line":44,"column":36},"end":{"line":44,"column":62}},"8":{"start":{"line":47,"column":2},"end":{"line":68,"column":4}},"9":{"start":{"line":51,"column":8},"end":{"line":55,"column":10}},"10":{"start":{"line":83,"column":26},"end":{"line":102,"column":1}},"11":{"start":{"line":84,"column":37},"end":{"line":84,"column":51}},"12":{"start":{"line":86,"column":2},"end":{"line":86,"column":33}},"13":{"start":{"line":86,"column":21},"end":{"line":86,"column":33}},"14":{"start":{"line":88,"column":2},"end":{"line":101,"column":4}},"15":{"start":{"line":91,"column":29},"end":{"line":91,"column":67}},"16":{"start":{"line":94,"column":29},"end":{"line":94,"column":55}},"17":{"start":{"line":97,"column":29},"end":{"line":97,"column":79}}},"fnMap":{"0":{"name":"(anonymous_0)","decl":{"start":{"line":29,"column":22},"end":{"line":29,"column":23}},"loc":{"start":{"line":29,"column":28},"end":{"line":69,"column":1}},"line":29},"1":{"name":"(anonymous_1)","decl":{"start":{"line":30,"column":56},"end":{"line":30,"column":57}},"loc":{"start":{"line":30,"column":66},"end":{"line":34,"column":3}},"line":30},"2":{"name":"(anonymous_2)","decl":{"start":{"line":42,"column":31},"end":{"line":42,"column":32}},"loc":{"start":{"line":42,"column":37},"end":{"line":45,"column":3}},"line":42},"3":{"name":"(anonymous_3)","decl":{"start":{"line":44,"column":26},"end":{"line":44,"column":27}},"loc":{"start":{"line":44,"column":36},"end":{"line":44,"column":62}},"line":44},"4":{"name":"(anonymous_4)","decl":{"start":{"line":50,"column":24},"end":{"line":50,"column":25}},"loc":{"start":{"line":51,"column":8},"end":{"line":55,"column":10}},"line":51},"5":{"name":"(anonymous_5)","decl":{"start":{"line":83,"column":26},"end":{"line":83,"column":27}},"loc":{"start":{"line":83,"column":48},"end":{"line":102,"column":1}},"line":83},"6":{"name":"(anonymous_6)","decl":{"start":{"line":91,"column":23},"end":{"line":91,"column":24}},"loc":{"start":{"line":91,"column":29},"end":{"line":91,"column":67}},"line":91},"7":{"name":"(anonymous_7)","decl":{"start":{"line":94,"column":23},"end":{"line":94,"column":24}},"loc":{"start":{"line":94,"column":29},"end":{"line":94,"column":55}},"line":94},"8":{"name":"(anonymous_8)","decl":{"start":{"line":97,"column":23},"end":{"line":97,"column":24}},"loc":{"start":{"line":97,"column":29},"end":{"line":97,"column":79}},"line":97}},"branchMap":{"0":{"loc":{"start":{"line":43,"column":4},"end":{"line":43,"column":35}},"type":"if","locations":[{"start":{"line":43,"column":4},"end":{"line":43,"column":35}},{"start":{},"end":{}}],"line":43},"1":{"loc":{"start":{"line":59,"column":7},"end":{"line":66,"column":7}},"type":"binary-expr","locations":[{"start":{"line":59,"column":7},"end":{"line":59,"column":16}},{"start":{"line":60,"column":8},"end":{"line":65,"column":10}}],"line":59},"2":{"loc":{"start":{"line":86,"column":2},"end":{"line":86,"column":33}},"type":"if","locations":[{"start":{"line":86,"column":2},"end":{"line":86,"column":33}},{"start":{},"end":{}}],"line":86}},"s":{"0":0,"1":0,"2":0,"3":0,"4":0,"5":0,"6":0,"7":0,"8":0,"9":0,"10":0,"11":0,"12":0,"13":0,"14":0,"15":0,"16":0,"17":0},"f":{"0":0,"1":0,"2":0,"3":0,"4":0,"5":0,"6":0,"7":0,"8":0},"b":{"0":[0,0],"1":[0,0],"2":[0,0]}}
,"/home/brpocock/Projects/tootsville.org/play/react/src/components/GameWorld.js": {"path":"/home/brpocock/Projects/tootsville.org/play/react/src/components/GameWorld.js","statementMap":{"0":{"start":{"line":25,"column":18},"end":{"line":85,"column":1}},"1":{"start":{"line":26,"column":36},"end":{"line":26,"column":50}},"2":{"start":{"line":27,"column":28},"end":{"line":27,"column":42}},"3":{"start":{"line":28,"column":19},"end":{"line":28,"column":27}},"4":{"start":{"line":29,"column":48},"end":{"line":29,"column":62}},"5":{"start":{"line":31,"column":2},"end":{"line":53,"column":21}},"6":{"start":{"line":32,"column":28},"end":{"line":50,"column":5}},"7":{"start":{"line":33,"column":6},"end":{"line":49,"column":7}},"8":{"start":{"line":34,"column":8},"end":{"line":34,"column":27}},"9":{"start":{"line":37,"column":28},"end":{"line":37,"column":54}},"10":{"start":{"line":38,"column":8},"end":{"line":38,"column":57}},"11":{"start":{"line":41,"column":8},"end":{"line":43,"column":9}},"12":{"start":{"line":42,"column":10},"end":{"line":42,"column":36}},"13":{"start":{"line":45,"column":8},"end":{"line":45,"column":28}},"14":{"start":{"line":47,"column":8},"end":{"line":47,"column":30}},"15":{"start":{"line":48,"column":8},"end":{"line":48,"column":28}},"16":{"start":{"line":52,"column":4},"end":{"line":52,"column":22}},"17":{"start":{"line":55,"column":2},"end":{"line":63,"column":3}},"18":{"start":{"line":56,"column":4},"end":{"line":62,"column":6}},"19":{"start":{"line":60,"column":31},"end":{"line":60,"column":55}},"20":{"start":{"line":65,"column":2},"end":{"line":72,"column":3}},"21":{"start":{"line":66,"column":4},"end":{"line":71,"column":6}},"22":{"start":{"line":74,"column":2},"end":{"line":84,"column":4}},"23":{"start":{"line":92,"column":19},"end":{"line":166,"column":1}},"24":{"start":{"line":93,"column":28},"end":{"line":93,"column":38}},"25":{"start":{"line":94,"column":22},"end":{"line":94,"column":30}},"26":{"start":{"line":97,"column":2},"end":{"line":100,"column":14}},"27":{"start":{"line":98,"column":4},"end":{"line":98,"column":49}},"28":{"start":{"line":99,"column":4},"end":{"line":99,"column":49}},"29":{"start":{"line":103,"column":2},"end":{"line":116,"column":5}},"30":{"start":{"line":105,"column":4},"end":{"line":115,"column":5}},"31":{"start":{"line":107,"column":6},"end":{"line":114,"column":7}},"32":{"start":{"line":108,"column":8},"end":{"line":113,"column":11}},"33":{"start":{"line":109,"column":10},"end":{"line":109,"column":56}},"34":{"start":{"line":110,"column":10},"end":{"line":112,"column":11}},"35":{"start":{"line":111,"column":12},"end":{"line":111,"column":37}},"36":{"start":{"line":118,"column":2},"end":{"line":165,"column":4}},"37":{"start":{"line":143,"column":8},"end":{"line":143,"column":62}},"38":{"start":{"line":148,"column":8},"end":{"line":148,"column":47}},"39":{"start":{"line":172,"column":15},"end":{"line":179,"column":1}},"40":{"start":{"line":173,"column":2},"end":{"line":178,"column":4}},"41":{"start":{"line":186,"column":21},"end":{"line":196,"column":1}},"42":{"start":{"line":187,"column":2},"end":{"line":187,"column":34}},"43":{"start":{"line":187,"column":22},"end":{"line":187,"column":34}},"44":{"start":{"line":189,"column":2},"end":{"line":195,"column":4}},"45":{"start":{"line":192,"column":8},"end":{"line":192,"column":55}},"46":{"start":{"line":203,"column":20},"end":{"line":223,"column":1}},"47":{"start":{"line":204,"column":18},"end":{"line":204,"column":26}},"48":{"start":{"line":206,"column":2},"end":{"line":210,"column":5}},"49":{"start":{"line":207,"column":4},"end":{"line":209,"column":5}},"50":{"start":{"line":208,"column":6},"end":{"line":208,"column":41}},"51":{"start":{"line":212,"column":2},"end":{"line":222,"column":4}},"52":{"start":{"line":230,"column":18},"end":{"line":258,"column":1}},"53":{"start":{"line":231,"column":18},"end":{"line":231,"column":26}},"54":{"start":{"line":233,"column":2},"end":{"line":242,"column":5}},"55":{"start":{"line":234,"column":4},"end":{"line":241,"column":5}},"56":{"start":{"line":236,"column":6},"end":{"line":240,"column":8}},"57":{"start":{"line":244,"column":2},"end":{"line":257,"column":4}},"58":{"start":{"line":265,"column":18},"end":{"line":284,"column":1}},"59":{"start":{"line":266,"column":18},"end":{"line":266,"column":26}},"60":{"start":{"line":268,"column":2},"end":{"line":272,"column":5}},"61":{"start":{"line":269,"column":4},"end":{"line":271,"column":5}},"62":{"start":{"line":270,"column":6},"end":{"line":270,"column":88}},"63":{"start":{"line":274,"column":2},"end":{"line":283,"column":4}},"64":{"start":{"line":291,"column":23},"end":{"line":322,"column":1}},"65":{"start":{"line":292,"column":23},"end":{"line":292,"column":31}},"66":{"start":{"line":294,"column":2},"end":{"line":310,"column":21}},"67":{"start":{"line":295,"column":4},"end":{"line":309,"column":5}},"68":{"start":{"line":296,"column":23},"end":{"line":296,"column":49}},"69":{"start":{"line":297,"column":24},"end":{"line":297,"column":26}},"70":{"start":{"line":299,"column":6},"end":{"line":305,"column":7}},"71":{"start":{"line":299,"column":19},"end":{"line":299,"column":20}},"72":{"start":{"line":300,"column":8},"end":{"line":304,"column":10}},"73":{"start":{"line":307,"column":6},"end":{"line":307,"column":88}},"74":{"start":{"line":308,"column":6},"end":{"line":308,"column":47}},"75":{"start":{"line":312,"column":2},"end":{"line":319,"column":3}},"76":{"start":{"line":313,"column":4},"end":{"line":318,"column":6}},"77":{"start":{"line":321,"column":2},"end":{"line":321,"column":14}}},"fnMap":{"0":{"name":"(anonymous_0)","decl":{"start":{"line":25,"column":18},"end":{"line":25,"column":19}},"loc":{"start":{"line":25,"column":40},"end":{"line":85,"column":1}},"line":25},"1":{"name":"(anonymous_1)","decl":{"start":{"line":31,"column":12},"end":{"line":31,"column":13}},"loc":{"start":{"line":31,"column":18},"end":{"line":53,"column":3}},"line":31},"2":{"name":"(anonymous_2)","decl":{"start":{"line":32,"column":28},"end":{"line":32,"column":29}},"loc":{"start":{"line":32,"column":40},"end":{"line":50,"column":5}},"line":32},"3":{"name":"(anonymous_3)","decl":{"start":{"line":60,"column":25},"end":{"line":60,"column":26}},"loc":{"start":{"line":60,"column":31},"end":{"line":60,"column":55}},"line":60},"4":{"name":"(anonymous_4)","decl":{"start":{"line":92,"column":19},"end":{"line":92,"column":20}},"loc":{"start":{"line":92,"column":62},"end":{"line":166,"column":1}},"line":92},"5":{"name":"(anonymous_5)","decl":{"start":{"line":97,"column":12},"end":{"line":97,"column":13}},"loc":{"start":{"line":97,"column":18},"end":{"line":100,"column":3}},"line":97},"6":{"name":"(anonymous_6)","decl":{"start":{"line":103,"column":11},"end":{"line":103,"column":12}},"loc":{"start":{"line":103,"column":29},"end":{"line":116,"column":3}},"line":103},"7":{"name":"(anonymous_7)","decl":{"start":{"line":108,"column":34},"end":{"line":108,"column":35}},"loc":{"start":{"line":108,"column":46},"end":{"line":113,"column":9}},"line":108},"8":{"name":"(anonymous_8)","decl":{"start":{"line":142,"column":36},"end":{"line":142,"column":37}},"loc":{"start":{"line":143,"column":8},"end":{"line":143,"column":62}},"line":143},"9":{"name":"(anonymous_9)","decl":{"start":{"line":147,"column":26},"end":{"line":147,"column":27}},"loc":{"start":{"line":148,"column":8},"end":{"line":148,"column":47}},"line":148},"10":{"name":"(anonymous_10)","decl":{"start":{"line":172,"column":15},"end":{"line":172,"column":16}},"loc":{"start":{"line":172,"column":21},"end":{"line":179,"column":1}},"line":172},"11":{"name":"(anonymous_11)","decl":{"start":{"line":186,"column":21},"end":{"line":186,"column":22}},"loc":{"start":{"line":186,"column":36},"end":{"line":196,"column":1}},"line":186},"12":{"name":"(anonymous_12)","decl":{"start":{"line":191,"column":25},"end":{"line":191,"column":26}},"loc":{"start":{"line":192,"column":8},"end":{"line":192,"column":55}},"line":192},"13":{"name":"(anonymous_13)","decl":{"start":{"line":203,"column":20},"end":{"line":203,"column":21}},"loc":{"start":{"line":203,"column":36},"end":{"line":223,"column":1}},"line":203},"14":{"name":"(anonymous_14)","decl":{"start":{"line":206,"column":11},"end":{"line":206,"column":12}},"loc":{"start":{"line":206,"column":17},"end":{"line":210,"column":3}},"line":206},"15":{"name":"(anonymous_15)","decl":{"start":{"line":230,"column":18},"end":{"line":230,"column":19}},"loc":{"start":{"line":230,"column":37},"end":{"line":258,"column":1}},"line":230},"16":{"name":"(anonymous_16)","decl":{"start":{"line":233,"column":11},"end":{"line":233,"column":12}},"loc":{"start":{"line":233,"column":17},"end":{"line":242,"column":3}},"line":233},"17":{"name":"(anonymous_17)","decl":{"start":{"line":265,"column":18},"end":{"line":265,"column":19}},"loc":{"start":{"line":265,"column":32},"end":{"line":284,"column":1}},"line":265},"18":{"name":"(anonymous_18)","decl":{"start":{"line":268,"column":11},"end":{"line":268,"column":12}},"loc":{"start":{"line":268,"column":17},"end":{"line":272,"column":3}},"line":268},"19":{"name":"(anonymous_19)","decl":{"start":{"line":291,"column":23},"end":{"line":291,"column":24}},"loc":{"start":{"line":291,"column":40},"end":{"line":322,"column":1}},"line":291},"20":{"name":"(anonymous_20)","decl":{"start":{"line":294,"column":12},"end":{"line":294,"column":13}},"loc":{"start":{"line":294,"column":18},"end":{"line":310,"column":3}},"line":294}},"branchMap":{"0":{"loc":{"start":{"line":41,"column":8},"end":{"line":43,"column":9}},"type":"if","locations":[{"start":{"line":41,"column":8},"end":{"line":43,"column":9}},{"start":{},"end":{}}],"line":41},"1":{"loc":{"start":{"line":55,"column":2},"end":{"line":63,"column":3}},"type":"if","locations":[{"start":{"line":55,"column":2},"end":{"line":63,"column":3}},{"start":{},"end":{}}],"line":55},"2":{"loc":{"start":{"line":65,"column":2},"end":{"line":72,"column":3}},"type":"if","locations":[{"start":{"line":65,"column":2},"end":{"line":72,"column":3}},{"start":{},"end":{}}],"line":65},"3":{"loc":{"start":{"line":105,"column":4},"end":{"line":115,"column":5}},"type":"if","locations":[{"start":{"line":105,"column":4},"end":{"line":115,"column":5}},{"start":{},"end":{}}],"line":105},"4":{"loc":{"start":{"line":107,"column":6},"end":{"line":114,"column":7}},"type":"if","locations":[{"start":{"line":107,"column":6},"end":{"line":114,"column":7}},{"start":{},"end":{}}],"line":107},"5":{"loc":{"start":{"line":107,"column":10},"end":{"line":107,"column":38}},"type":"binary-expr","locations":[{"start":{"line":107,"column":10},"end":{"line":107,"column":17}},{"start":{"line":107,"column":21},"end":{"line":107,"column":38}}],"line":107},"6":{"loc":{"start":{"line":110,"column":10},"end":{"line":112,"column":11}},"type":"if","locations":[{"start":{"line":110,"column":10},"end":{"line":112,"column":11}},{"start":{},"end":{}}],"line":110},"7":{"loc":{"start":{"line":139,"column":7},"end":{"line":139,"column":46}},"type":"binary-expr","locations":[{"start":{"line":139,"column":7},"end":{"line":139,"column":12}},{"start":{"line":139,"column":16},"end":{"line":139,"column":46}}],"line":139},"8":{"loc":{"start":{"line":142,"column":7},"end":{"line":144,"column":8}},"type":"binary-expr","locations":[{"start":{"line":142,"column":7},"end":{"line":142,"column":17}},{"start":{"line":142,"column":21},"end":{"line":144,"column":8}}],"line":142},"9":{"loc":{"start":{"line":147,"column":7},"end":{"line":149,"column":8}},"type":"binary-expr","locations":[{"start":{"line":147,"column":7},"end":{"line":147,"column":12}},{"start":{"line":147,"column":16},"end":{"line":149,"column":8}}],"line":147},"10":{"loc":{"start":{"line":152,"column":7},"end":{"line":152,"column":54}},"type":"binary-expr","locations":[{"start":{"line":152,"column":7},"end":{"line":152,"column":14}},{"start":{"line":152,"column":18},"end":{"line":152,"column":54}}],"line":152},"11":{"loc":{"start":{"line":187,"column":2},"end":{"line":187,"column":34}},"type":"if","locations":[{"start":{"line":187,"column":2},"end":{"line":187,"column":34}},{"start":{},"end":{}}],"line":187},"12":{"loc":{"start":{"line":207,"column":4},"end":{"line":209,"column":5}},"type":"if","locations":[{"start":{"line":207,"column":4},"end":{"line":209,"column":5}},{"start":{},"end":{}}],"line":207},"13":{"loc":{"start":{"line":207,"column":8},"end":{"line":207,"column":42}},"type":"binary-expr","locations":[{"start":{"line":207,"column":8},"end":{"line":207,"column":23}},{"start":{"line":207,"column":27},"end":{"line":207,"column":42}}],"line":207},"14":{"loc":{"start":{"line":220,"column":35},"end":{"line":220,"column":59}},"type":"binary-expr","locations":[{"start":{"line":220,"column":35},"end":{"line":220,"column":47}},{"start":{"line":220,"column":51},"end":{"line":220,"column":59}}],"line":220},"15":{"loc":{"start":{"line":234,"column":4},"end":{"line":241,"column":5}},"type":"if","locations":[{"start":{"line":234,"column":4},"end":{"line":241,"column":5}},{"start":{},"end":{}}],"line":234},"16":{"loc":{"start":{"line":234,"column":8},"end":{"line":234,"column":46}},"type":"binary-expr","locations":[{"start":{"line":234,"column":8},"end":{"line":234,"column":23}},{"start":{"line":234,"column":27},"end":{"line":234,"column":46}}],"line":234},"17":{"loc":{"start":{"line":249,"column":37},"end":{"line":249,"column":64}},"type":"binary-expr","locations":[{"start":{"line":249,"column":37},"end":{"line":249,"column":52}},{"start":{"line":249,"column":56},"end":{"line":249,"column":64}}],"line":249},"18":{"loc":{"start":{"line":269,"column":4},"end":{"line":271,"column":5}},"type":"if","locations":[{"start":{"line":269,"column":4},"end":{"line":271,"column":5}},{"start":{},"end":{}}],"line":269},"19":{"loc":{"start":{"line":269,"column":8},"end":{"line":269,"column":40}},"type":"binary-expr","locations":[{"start":{"line":269,"column":8},"end":{"line":269,"column":23}},{"start":{"line":269,"column":27},"end":{"line":269,"column":40}}],"line":269},"20":{"loc":{"start":{"line":281,"column":35},"end":{"line":281,"column":57}},"type":"binary-expr","locations":[{"start":{"line":281,"column":35},"end":{"line":281,"column":45}},{"start":{"line":281,"column":49},"end":{"line":281,"column":57}}],"line":281},"21":{"loc":{"start":{"line":295,"column":4},"end":{"line":309,"column":5}},"type":"if","locations":[{"start":{"line":295,"column":4},"end":{"line":309,"column":5}},{"start":{},"end":{}}],"line":295},"22":{"loc":{"start":{"line":295,"column":8},"end":{"line":295,"column":55}},"type":"binary-expr","locations":[{"start":{"line":295,"column":8},"end":{"line":295,"column":31}},{"start":{"line":295,"column":35},"end":{"line":295,"column":55}}],"line":295},"23":{"loc":{"start":{"line":312,"column":2},"end":{"line":319,"column":3}},"type":"if","locations":[{"start":{"line":312,"column":2},"end":{"line":319,"column":3}},{"start":{},"end":{}}],"line":312}},"s":{"0":0,"1":0,"2":0,"3":0,"4":0,"5":0,"6":0,"7":0,"8":0,"9":0,"10":0,"11":0,"12":0,"13":0,"14":0,"15":0,"16":0,"17":0,"18":0,"19":0,"20":0,"21":0,"22":0,"23":0,"24":0,"25":0,"26":0,"27":0,"28":0,"29":0,"30":0,"31":0,"32":0,"33":0,"34":0,"35":0,"36":0,"37":0,"38":0,"39":0,"40":0,"41":0,"42":0,"43":0,"44":0,"45":0,"46":0,"47":0,"48":0,"49":0,"50":0,"51":0,"52":0,"53":0,"54":0,"55":0,"56":0,"57":0,"58":0,"59":0,"60":0,"61":0,"62":0,"63":0,"64":0,"65":0,"66":0,"67":0,"68":0,"69":0,"70":0,"71":0,"72":0,"73":0,"74":0,"75":0,"76":0,"77":0},"f":{"0":0,"1":0,"2":0,"3":0,"4":0,"5":0,"6":0,"7":0,"8":0,"9":0,"10":0,"11":0,"12":0,"13":0,"14":0,"15":0,"16":0,"17":0,"18":0,"19":0,"20":0},"b":{"0":[0,0],"1":[0,0],"2":[0,0],"3":[0,0],"4":[0,0],"5":[0,0],"6":[0,0],"7":[0,0],"8":[0,0],"9":[0,0],"10":[0,0],"11":[0,0],"12":[0,0],"13":[0,0],"14":[0,0],"15":[0,0],"16":[0,0],"17":[0,0],"18":[0,0],"19":[0,0],"20":[0,0],"21":[0,0],"22":[0,0],"23":[0,0]}}
,"/home/brpocock/Projects/tootsville.org/play/react/src/components/ItemManager.js": {"path":"/home/brpocock/Projects/tootsville.org/play/react/src/components/ItemManager.js","statementMap":{"0":{"start":{"line":33,"column":20},"end":{"line":104,"column":1}},"1":{"start":{"line":37,"column":34},"end":{"line":40,"column":5}},"2":{"start":{"line":37,"column":57},"end":{"line":40,"column":3}},"3":{"start":{"line":48,"column":22},"end":{"line":58,"column":61}},"4":{"start":{"line":49,"column":4},"end":{"line":49,"column":63}},"5":{"start":{"line":49,"column":50},"end":{"line":49,"column":63}},"6":{"start":{"line":51,"column":22},"end":{"line":51,"column":76}},"7":{"start":{"line":53,"column":4},"end":{"line":57,"column":7}},"8":{"start":{"line":54,"column":22},"end":{"line":54,"column":57}},"9":{"start":{"line":55,"column":23},"end":{"line":55,"column":52}},"10":{"start":{"line":56,"column":6},"end":{"line":56,"column":51}},"11":{"start":{"line":66,"column":32},"end":{"line":76,"column":3}},"12":{"start":{"line":67,"column":4},"end":{"line":67,"column":27}},"13":{"start":{"line":67,"column":20},"end":{"line":67,"column":27}},"14":{"start":{"line":69,"column":22},"end":{"line":69,"column":76}},"15":{"start":{"line":70,"column":20},"end":{"line":70,"column":55}},"16":{"start":{"line":71,"column":21},"end":{"line":71,"column":50}},"17":{"start":{"line":73,"column":4},"end":{"line":75,"column":5}},"18":{"start":{"line":74,"column":6},"end":{"line":74,"column":61}},"19":{"start":{"line":78,"column":2},"end":{"line":103,"column":4}},"20":{"start":{"line":81,"column":8},"end":{"line":88,"column":10}},"21":{"start":{"line":92,"column":28},"end":{"line":92,"column":55}},"22":{"start":{"line":93,"column":8},"end":{"line":100,"column":10}},"23":{"start":{"line":128,"column":13},"end":{"line":204,"column":1}},"24":{"start":{"line":135,"column":18},"end":{"line":135,"column":26}},"25":{"start":{"line":136,"column":20},"end":{"line":136,"column":72}},"26":{"start":{"line":143,"column":2},"end":{"line":156,"column":5}},"27":{"start":{"line":144,"column":4},"end":{"line":155,"column":5}},"28":{"start":{"line":146,"column":6},"end":{"line":149,"column":7}},"29":{"start":{"line":147,"column":8},"end":{"line":147,"column":90}},"30":{"start":{"line":148,"column":8},"end":{"line":148,"column":43}},"31":{"start":{"line":152,"column":6},"end":{"line":154,"column":7}},"32":{"start":{"line":153,"column":8},"end":{"line":153,"column":103}},"33":{"start":{"line":163,"column":22},"end":{"line":167,"column":3}},"34":{"start":{"line":164,"column":4},"end":{"line":166,"column":5}},"35":{"start":{"line":165,"column":6},"end":{"line":165,"column":26}},"36":{"start":{"line":169,"column":2},"end":{"line":203,"column":4}},"37":{"start":{"line":221,"column":26},"end":{"line":282,"column":1}},"38":{"start":{"line":222,"column":19},"end":{"line":236,"column":3}},"39":{"start":{"line":239,"column":2},"end":{"line":281,"column":3}},"40":{"start":{"line":241,"column":6},"end":{"line":246,"column":8}},"41":{"start":{"line":249,"column":6},"end":{"line":254,"column":8}},"42":{"start":{"line":257,"column":6},"end":{"line":262,"column":8}},"43":{"start":{"line":265,"column":6},"end":{"line":269,"column":8}},"44":{"start":{"line":272,"column":6},"end":{"line":277,"column":8}},"45":{"start":{"line":280,"column":6},"end":{"line":280,"column":22}}},"fnMap":{"0":{"name":"(anonymous_0)","decl":{"start":{"line":33,"column":20},"end":{"line":33,"column":21}},"loc":{"start":{"line":36,"column":6},"end":{"line":104,"column":1}},"line":36},"1":{"name":"(anonymous_1)","decl":{"start":{"line":37,"column":47},"end":{"line":37,"column":48}},"loc":{"start":{"line":37,"column":57},"end":{"line":40,"column":3}},"line":37},"2":{"name":"(anonymous_2)","decl":{"start":{"line":48,"column":30},"end":{"line":48,"column":31}},"loc":{"start":{"line":48,"column":36},"end":{"line":58,"column":3}},"line":48},"3":{"name":"(anonymous_3)","decl":{"start":{"line":53,"column":24},"end":{"line":53,"column":25}},"loc":{"start":{"line":53,"column":32},"end":{"line":57,"column":5}},"line":53},"4":{"name":"(anonymous_4)","decl":{"start":{"line":66,"column":32},"end":{"line":66,"column":33}},"loc":{"start":{"line":66,"column":42},"end":{"line":76,"column":3}},"line":66},"5":{"name":"(anonymous_5)","decl":{"start":{"line":80,"column":23},"end":{"line":80,"column":24}},"loc":{"start":{"line":81,"column":8},"end":{"line":88,"column":10}},"line":81},"6":{"name":"(anonymous_6)","decl":{"start":{"line":92,"column":20},"end":{"line":92,"column":21}},"loc":{"start":{"line":92,"column":28},"end":{"line":92,"column":55}},"line":92},"7":{"name":"(anonymous_7)","decl":{"start":{"line":92,"column":61},"end":{"line":92,"column":62}},"loc":{"start":{"line":93,"column":8},"end":{"line":100,"column":10}},"line":93},"8":{"name":"(anonymous_8)","decl":{"start":{"line":128,"column":13},"end":{"line":128,"column":14}},"loc":{"start":{"line":134,"column":6},"end":{"line":204,"column":1}},"line":134},"9":{"name":"(anonymous_9)","decl":{"start":{"line":143,"column":11},"end":{"line":143,"column":12}},"loc":{"start":{"line":143,"column":22},"end":{"line":156,"column":3}},"line":143},"10":{"name":"(anonymous_10)","decl":{"start":{"line":163,"column":22},"end":{"line":163,"column":23}},"loc":{"start":{"line":163,"column":28},"end":{"line":167,"column":3}},"line":163},"11":{"name":"(anonymous_11)","decl":{"start":{"line":221,"column":26},"end":{"line":221,"column":27}},"loc":{"start":{"line":221,"column":53},"end":{"line":282,"column":1}},"line":221}},"branchMap":{"0":{"loc":{"start":{"line":34,"column":2},"end":{"line":34,"column":12}},"type":"default-arg","locations":[{"start":{"line":34,"column":10},"end":{"line":34,"column":12}}],"line":34},"1":{"loc":{"start":{"line":35,"column":2},"end":{"line":35,"column":71}},"type":"default-arg","locations":[{"start":{"line":35,"column":24},"end":{"line":35,"column":71}}],"line":35},"2":{"loc":{"start":{"line":49,"column":4},"end":{"line":49,"column":63}},"type":"if","locations":[{"start":{"line":49,"column":4},"end":{"line":49,"column":63}},{"start":{},"end":{}}],"line":49},"3":{"loc":{"start":{"line":49,"column":8},"end":{"line":49,"column":48}},"type":"binary-expr","locations":[{"start":{"line":49,"column":8},"end":{"line":49,"column":18}},{"start":{"line":49,"column":22},"end":{"line":49,"column":48}}],"line":49},"4":{"loc":{"start":{"line":67,"column":4},"end":{"line":67,"column":27}},"type":"if","locations":[{"start":{"line":67,"column":4},"end":{"line":67,"column":27}},{"start":{},"end":{}}],"line":67},"5":{"loc":{"start":{"line":73,"column":4},"end":{"line":75,"column":5}},"type":"if","locations":[{"start":{"line":73,"column":4},"end":{"line":75,"column":5}},{"start":{},"end":{}}],"line":73},"6":{"loc":{"start":{"line":130,"column":2},"end":{"line":130,"column":18}},"type":"default-arg","locations":[{"start":{"line":130,"column":13},"end":{"line":130,"column":18}}],"line":130},"7":{"loc":{"start":{"line":132,"column":2},"end":{"line":132,"column":19}},"type":"default-arg","locations":[{"start":{"line":132,"column":14},"end":{"line":132,"column":19}}],"line":132},"8":{"loc":{"start":{"line":133,"column":2},"end":{"line":133,"column":19}},"type":"default-arg","locations":[{"start":{"line":133,"column":14},"end":{"line":133,"column":19}}],"line":133},"9":{"loc":{"start":{"line":136,"column":28},"end":{"line":136,"column":71}},"type":"binary-expr","locations":[{"start":{"line":136,"column":28},"end":{"line":136,"column":41}},{"start":{"line":136,"column":45},"end":{"line":136,"column":71}}],"line":136},"10":{"loc":{"start":{"line":144,"column":4},"end":{"line":155,"column":5}},"type":"if","locations":[{"start":{"line":144,"column":4},"end":{"line":155,"column":5}},{"start":{},"end":{}}],"line":144},"11":{"loc":{"start":{"line":146,"column":6},"end":{"line":149,"column":7}},"type":"if","locations":[{"start":{"line":146,"column":6},"end":{"line":149,"column":7}},{"start":{},"end":{}}],"line":146},"12":{"loc":{"start":{"line":146,"column":10},"end":{"line":146,"column":61}},"type":"binary-expr","locations":[{"start":{"line":146,"column":10},"end":{"line":146,"column":33}},{"start":{"line":146,"column":37},"end":{"line":146,"column":61}}],"line":146},"13":{"loc":{"start":{"line":152,"column":6},"end":{"line":154,"column":7}},"type":"if","locations":[{"start":{"line":152,"column":6},"end":{"line":154,"column":7}},{"start":{},"end":{}}],"line":152},"14":{"loc":{"start":{"line":152,"column":10},"end":{"line":152,"column":31}},"type":"binary-expr","locations":[{"start":{"line":152,"column":10},"end":{"line":152,"column":19}},{"start":{"line":152,"column":23},"end":{"line":152,"column":31}}],"line":152},"15":{"loc":{"start":{"line":164,"column":4},"end":{"line":166,"column":5}},"type":"if","locations":[{"start":{"line":164,"column":4},"end":{"line":166,"column":5}},{"start":{},"end":{}}],"line":164},"16":{"loc":{"start":{"line":176,"column":15},"end":{"line":176,"column":33}},"type":"cond-expr","locations":[{"start":{"line":176,"column":26},"end":{"line":176,"column":27}},{"start":{"line":176,"column":30},"end":{"line":176,"column":33}}],"line":176},"17":{"loc":{"start":{"line":180,"column":7},"end":{"line":189,"column":7}},"type":"binary-expr","locations":[{"start":{"line":180,"column":7},"end":{"line":180,"column":16}},{"start":{"line":180,"column":20},"end":{"line":180,"column":28}},{"start":{"line":181,"column":8},"end":{"line":188,"column":15}}],"line":180},"18":{"loc":{"start":{"line":184,"column":13},"end":{"line":186,"column":13}},"type":"binary-expr","locations":[{"start":{"line":184,"column":13},"end":{"line":184,"column":29}},{"start":{"line":185,"column":14},"end":{"line":185,"column":72}}],"line":184},"19":{"loc":{"start":{"line":192,"column":7},"end":{"line":201,"column":7}},"type":"binary-expr","locations":[{"start":{"line":192,"column":7},"end":{"line":192,"column":16}},{"start":{"line":192,"column":20},"end":{"line":192,"column":28}},{"start":{"line":193,"column":8},"end":{"line":200,"column":15}}],"line":192},"20":{"loc":{"start":{"line":221,"column":33},"end":{"line":221,"column":48}},"type":"default-arg","locations":[{"start":{"line":221,"column":46},"end":{"line":221,"column":48}}],"line":221},"21":{"loc":{"start":{"line":225,"column":10},"end":{"line":225,"column":43}},"type":"binary-expr","locations":[{"start":{"line":225,"column":10},"end":{"line":225,"column":25}},{"start":{"line":225,"column":29},"end":{"line":225,"column":43}}],"line":225},"22":{"loc":{"start":{"line":226,"column":17},"end":{"line":226,"column":45}},"type":"binary-expr","locations":[{"start":{"line":226,"column":17},"end":{"line":226,"column":39}},{"start":{"line":226,"column":43},"end":{"line":226,"column":45}}],"line":226},"23":{"loc":{"start":{"line":227,"column":14},"end":{"line":227,"column":63}},"type":"binary-expr","locations":[{"start":{"line":227,"column":14},"end":{"line":227,"column":33}},{"start":{"line":227,"column":37},"end":{"line":227,"column":63}}],"line":227},"24":{"loc":{"start":{"line":228,"column":7},"end":{"line":228,"column":24}},"type":"binary-expr","locations":[{"start":{"line":228,"column":7},"end":{"line":228,"column":19}},{"start":{"line":228,"column":23},"end":{"line":228,"column":24}}],"line":228},"25":{"loc":{"start":{"line":229,"column":7},"end":{"line":229,"column":24}},"type":"binary-expr","locations":[{"start":{"line":229,"column":7},"end":{"line":229,"column":19}},{"start":{"line":229,"column":23},"end":{"line":229,"column":24}}],"line":229},"26":{"loc":{"start":{"line":230,"column":7},"end":{"line":230,"column":24}},"type":"binary-expr","locations":[{"start":{"line":230,"column":7},"end":{"line":230,"column":19}},{"start":{"line":230,"column":23},"end":{"line":230,"column":24}}],"line":230},"27":{"loc":{"start":{"line":232,"column":15},"end":{"line":232,"column":44}},"type":"binary-expr","locations":[{"start":{"line":232,"column":15},"end":{"line":232,"column":35}},{"start":{"line":232,"column":39},"end":{"line":232,"column":44}}],"line":232},"28":{"loc":{"start":{"line":233,"column":14},"end":{"line":233,"column":38}},"type":"binary-expr","locations":[{"start":{"line":233,"column":14},"end":{"line":233,"column":33}},{"start":{"line":233,"column":37},"end":{"line":233,"column":38}}],"line":233},"29":{"loc":{"start":{"line":234,"column":12},"end":{"line":234,"column":41}},"type":"binary-expr","locations":[{"start":{"line":234,"column":12},"end":{"line":234,"column":29}},{"start":{"line":234,"column":33},"end":{"line":234,"column":41}}],"line":234},"30":{"loc":{"start":{"line":235,"column":11},"end":{"line":235,"column":32}},"type":"binary-expr","locations":[{"start":{"line":235,"column":11},"end":{"line":235,"column":27}},{"start":{"line":235,"column":31},"end":{"line":235,"column":32}}],"line":235},"31":{"loc":{"start":{"line":239,"column":2},"end":{"line":281,"column":3}},"type":"switch","locations":[{"start":{"line":240,"column":4},"end":{"line":246,"column":8}},{"start":{"line":248,"column":4},"end":{"line":254,"column":8}},{"start":{"line":256,"column":4},"end":{"line":262,"column":8}},{"start":{"line":264,"column":4},"end":{"line":269,"column":8}},{"start":{"line":271,"column":4},"end":{"line":277,"column":8}},{"start":{"line":279,"column":4},"end":{"line":280,"column":22}}],"line":239},"32":{"loc":{"start":{"line":243,"column":16},"end":{"line":243,"column":38}},"type":"binary-expr","locations":[{"start":{"line":243,"column":16},"end":{"line":243,"column":33}},{"start":{"line":243,"column":37},"end":{"line":243,"column":38}}],"line":243},"33":{"loc":{"start":{"line":244,"column":20},"end":{"line":244,"column":48}},"type":"binary-expr","locations":[{"start":{"line":244,"column":20},"end":{"line":244,"column":41}},{"start":{"line":244,"column":45},"end":{"line":244,"column":48}}],"line":244},"34":{"loc":{"start":{"line":245,"column":20},"end":{"line":245,"column":52}},"type":"binary-expr","locations":[{"start":{"line":245,"column":20},"end":{"line":245,"column":41}},{"start":{"line":245,"column":45},"end":{"line":245,"column":52}}],"line":245},"35":{"loc":{"start":{"line":251,"column":17},"end":{"line":251,"column":40}},"type":"binary-expr","locations":[{"start":{"line":251,"column":17},"end":{"line":251,"column":35}},{"start":{"line":251,"column":39},"end":{"line":251,"column":40}}],"line":251},"36":{"loc":{"start":{"line":252,"column":20},"end":{"line":252,"column":48}},"type":"binary-expr","locations":[{"start":{"line":252,"column":20},"end":{"line":252,"column":41}},{"start":{"line":252,"column":45},"end":{"line":252,"column":48}}],"line":252},"37":{"loc":{"start":{"line":253,"column":19},"end":{"line":253,"column":50}},"type":"binary-expr","locations":[{"start":{"line":253,"column":19},"end":{"line":253,"column":39}},{"start":{"line":253,"column":43},"end":{"line":253,"column":50}}],"line":253},"38":{"loc":{"start":{"line":259,"column":16},"end":{"line":259,"column":43}},"type":"binary-expr","locations":[{"start":{"line":259,"column":16},"end":{"line":259,"column":33}},{"start":{"line":259,"column":37},"end":{"line":259,"column":43}}],"line":259},"39":{"loc":{"start":{"line":260,"column":21},"end":{"line":260,"column":49}},"type":"binary-expr","locations":[{"start":{"line":260,"column":21},"end":{"line":260,"column":43}},{"start":{"line":260,"column":47},"end":{"line":260,"column":49}}],"line":260},"40":{"loc":{"start":{"line":261,"column":18},"end":{"line":261,"column":42}},"type":"binary-expr","locations":[{"start":{"line":261,"column":18},"end":{"line":261,"column":37}},{"start":{"line":261,"column":41},"end":{"line":261,"column":42}}],"line":261},"41":{"loc":{"start":{"line":267,"column":15},"end":{"line":267,"column":38}},"type":"binary-expr","locations":[{"start":{"line":267,"column":15},"end":{"line":267,"column":31}},{"start":{"line":267,"column":35},"end":{"line":267,"column":38}}],"line":267},"42":{"loc":{"start":{"line":268,"column":16},"end":{"line":268,"column":43}},"type":"binary-expr","locations":[{"start":{"line":268,"column":16},"end":{"line":268,"column":33}},{"start":{"line":268,"column":37},"end":{"line":268,"column":43}}],"line":268},"43":{"loc":{"start":{"line":274,"column":15},"end":{"line":274,"column":41}},"type":"binary-expr","locations":[{"start":{"line":274,"column":15},"end":{"line":274,"column":31}},{"start":{"line":274,"column":35},"end":{"line":274,"column":41}}],"line":274},"44":{"loc":{"start":{"line":275,"column":18},"end":{"line":275,"column":42}},"type":"binary-expr","locations":[{"start":{"line":275,"column":18},"end":{"line":275,"column":37}},{"start":{"line":275,"column":41},"end":{"line":275,"column":42}}],"line":275},"45":{"loc":{"start":{"line":276,"column":18},"end":{"line":276,"column":42}},"type":"binary-expr","locations":[{"start":{"line":276,"column":18},"end":{"line":276,"column":37}},{"start":{"line":276,"column":41},"end":{"line":276,"column":42}}],"line":276}},"s":{"0":0,"1":0,"2":0,"3":0,"4":0,"5":0,"6":0,"7":0,"8":0,"9":0,"10":0,"11":0,"12":0,"13":0,"14":0,"15":0,"16":0,"17":0,"18":0,"19":0,"20":0,"21":0,"22":0,"23":0,"24":0,"25":0,"26":0,"27":0,"28":0,"29":0,"30":0,"31":0,"32":0,"33":0,"34":0,"35":0,"36":0,"37":0,"38":0,"39":0,"40":0,"41":0,"42":0,"43":0,"44":0,"45":0},"f":{"0":0,"1":0,"2":0,"3":0,"4":0,"5":0,"6":0,"7":0,"8":0,"9":0,"10":0,"11":0},"b":{"0":[0],"1":[0],"2":[0,0],"3":[0,0],"4":[0,0],"5":[0,0],"6":[0],"7":[0],"8":[0],"9":[0,0],"10":[0,0],"11":[0,0],"12":[0,0],"13":[0,0],"14":[0,0],"15":[0,0],"16":[0,0],"17":[0,0,0],"18":[0,0],"19":[0,0,0],"20":[0],"21":[0,0],"22":[0,0],"23":[0,0],"24":[0,0],"25":[0,0],"26":[0,0],"27":[0,0],"28":[0,0],"29":[0,0],"30":[0,0],"31":[0,0,0,0,0,0],"32":[0,0],"33":[0,0],"34":[0,0],"35":[0,0],"36":[0,0],"37":[0,0],"38":[0,0],"39":[0,0],"40":[0,0],"41":[0,0],"42":[0,0],"43":[0,0],"44":[0,0],"45":[0,0]}}
,"/home/brpocock/Projects/tootsville.org/play/react/src/components/WeatherSystem.js": {"path":"/home/brpocock/Projects/tootsville.org/play/react/src/components/WeatherSystem.js","statementMap":{"0":{"start":{"line":31,"column":22},"end":{"line":111,"column":1}},"1":{"start":{"line":32,"column":33},"end":{"line":35,"column":5}},"2":{"start":{"line":32,"column":56},"end":{"line":35,"column":3}},"3":{"start":{"line":43,"column":24},"end":{"line":45,"column":33}},"4":{"start":{"line":44,"column":4},"end":{"line":44,"column":62}},"5":{"start":{"line":52,"column":30},"end":{"line":62,"column":3}},"6":{"start":{"line":54,"column":4},"end":{"line":56,"column":5}},"7":{"start":{"line":55,"column":6},"end":{"line":55,"column":59}},"8":{"start":{"line":59,"column":4},"end":{"line":61,"column":5}},"9":{"start":{"line":60,"column":6},"end":{"line":60,"column":69}},"10":{"start":{"line":64,"column":2},"end":{"line":66,"column":5}},"11":{"start":{"line":65,"column":4},"end":{"line":65,"column":26}},"12":{"start":{"line":68,"column":2},"end":{"line":110,"column":4}},"13":{"start":{"line":126,"column":19},"end":{"line":187,"column":1}},"14":{"start":{"line":127,"column":23},"end":{"line":127,"column":31}},"15":{"start":{"line":128,"column":24},"end":{"line":128,"column":52}},"16":{"start":{"line":136,"column":24},"end":{"line":147,"column":21}},"17":{"start":{"line":137,"column":22},"end":{"line":137,"column":24}},"18":{"start":{"line":138,"column":4},"end":{"line":145,"column":5}},"19":{"start":{"line":138,"column":17},"end":{"line":138,"column":18}},"20":{"start":{"line":139,"column":6},"end":{"line":144,"column":9}},"21":{"start":{"line":146,"column":4},"end":{"line":146,"column":21}},"22":{"start":{"line":154,"column":22},"end":{"line":168,"column":3}},"23":{"start":{"line":155,"column":4},"end":{"line":155,"column":38}},"24":{"start":{"line":155,"column":31},"end":{"line":155,"column":38}},"25":{"start":{"line":157,"column":4},"end":{"line":167,"column":7}},"26":{"start":{"line":158,"column":6},"end":{"line":158,"column":35}},"27":{"start":{"line":159,"column":6},"end":{"line":159,"column":37}},"28":{"start":{"line":162,"column":6},"end":{"line":166,"column":7}},"29":{"start":{"line":163,"column":8},"end":{"line":163,"column":46}},"30":{"start":{"line":164,"column":8},"end":{"line":164,"column":49}},"31":{"start":{"line":165,"column":8},"end":{"line":165,"column":49}},"32":{"start":{"line":170,"column":2},"end":{"line":172,"column":5}},"33":{"start":{"line":171,"column":4},"end":{"line":171,"column":18}},"34":{"start":{"line":174,"column":2},"end":{"line":186,"column":4}},"35":{"start":{"line":177,"column":8},"end":{"line":183,"column":15}},"36":{"start":{"line":202,"column":19},"end":{"line":266,"column":1}},"37":{"start":{"line":203,"column":23},"end":{"line":203,"column":31}},"38":{"start":{"line":204,"column":24},"end":{"line":204,"column":51}},"39":{"start":{"line":212,"column":24},"end":{"line":224,"column":21}},"40":{"start":{"line":213,"column":22},"end":{"line":213,"column":24}},"41":{"start":{"line":214,"column":4},"end":{"line":222,"column":5}},"42":{"start":{"line":214,"column":17},"end":{"line":214,"column":18}},"43":{"start":{"line":215,"column":6},"end":{"line":221,"column":9}},"44":{"start":{"line":223,"column":4},"end":{"line":223,"column":21}},"45":{"start":{"line":231,"column":22},"end":{"line":246,"column":3}},"46":{"start":{"line":232,"column":4},"end":{"line":232,"column":38}},"47":{"start":{"line":232,"column":31},"end":{"line":232,"column":38}},"48":{"start":{"line":234,"column":4},"end":{"line":245,"column":7}},"49":{"start":{"line":235,"column":6},"end":{"line":235,"column":35}},"50":{"start":{"line":236,"column":6},"end":{"line":236,"column":83}},"51":{"start":{"line":237,"column":6},"end":{"line":237,"column":32}},"52":{"start":{"line":240,"column":6},"end":{"line":244,"column":7}},"53":{"start":{"line":241,"column":8},"end":{"line":241,"column":46}},"54":{"start":{"line":242,"column":8},"end":{"line":242,"column":49}},"55":{"start":{"line":243,"column":8},"end":{"line":243,"column":49}},"56":{"start":{"line":248,"column":2},"end":{"line":250,"column":5}},"57":{"start":{"line":249,"column":4},"end":{"line":249,"column":18}},"58":{"start":{"line":252,"column":2},"end":{"line":265,"column":4}},"59":{"start":{"line":255,"column":8},"end":{"line":262,"column":15}},"60":{"start":{"line":281,"column":18},"end":{"line":293,"column":1}},"61":{"start":{"line":282,"column":20},"end":{"line":282,"column":30}},"62":{"start":{"line":284,"column":2},"end":{"line":290,"column":30}},"63":{"start":{"line":285,"column":4},"end":{"line":289,"column":5}},"64":{"start":{"line":286,"column":6},"end":{"line":286,"column":58}},"65":{"start":{"line":288,"column":6},"end":{"line":288,"column":23}},"66":{"start":{"line":292,"column":2},"end":{"line":292,"column":14}},"67":{"start":{"line":308,"column":19},"end":{"line":328,"column":1}},"68":{"start":{"line":309,"column":21},"end":{"line":309,"column":86}},"69":{"start":{"line":309,"column":35},"end":{"line":309,"column":72}},"70":{"start":{"line":316,"column":27},"end":{"line":319,"column":3}},"71":{"start":{"line":318,"column":4},"end":{"line":318,"column":57}},"72":{"start":{"line":321,"column":2},"end":{"line":325,"column":5}},"73":{"start":{"line":322,"column":4},"end":{"line":324,"column":5}},"74":{"start":{"line":323,"column":6},"end":{"line":323,"column":25}},"75":{"start":{"line":327,"column":2},"end":{"line":327,"column":14}},"76":{"start":{"line":343,"column":23},"end":{"line":424,"column":1}},"77":{"start":{"line":344,"column":23},"end":{"line":344,"column":31}},"78":{"start":{"line":345,"column":24},"end":{"line":345,"column":49}},"79":{"start":{"line":354,"column":28},"end":{"line":361,"column":3}},"80":{"start":{"line":355,"column":20},"end":{"line":359,"column":5}},"81":{"start":{"line":360,"column":4},"end":{"line":360,"column":49}},"82":{"start":{"line":363,"column":17},"end":{"line":363,"column":40}},"83":{"start":{"line":371,"column":31},"end":{"line":383,"column":29}},"84":{"start":{"line":372,"column":22},"end":{"line":372,"column":24}},"85":{"start":{"line":373,"column":4},"end":{"line":381,"column":5}},"86":{"start":{"line":373,"column":17},"end":{"line":373,"column":18}},"87":{"start":{"line":374,"column":6},"end":{"line":380,"column":9}},"88":{"start":{"line":382,"column":4},"end":{"line":382,"column":21}},"89":{"start":{"line":390,"column":38},"end":{"line":404,"column":3}},"90":{"start":{"line":391,"column":4},"end":{"line":391,"column":38}},"91":{"start":{"line":391,"column":31},"end":{"line":391,"column":38}},"92":{"start":{"line":393,"column":4},"end":{"line":403,"column":7}},"93":{"start":{"line":394,"column":6},"end":{"line":394,"column":35}},"94":{"start":{"line":395,"column":6},"end":{"line":395,"column":33}},"95":{"start":{"line":398,"column":6},"end":{"line":402,"column":7}},"96":{"start":{"line":399,"column":8},"end":{"line":399,"column":23}},"97":{"start":{"line":400,"column":8},"end":{"line":400,"column":49}},"98":{"start":{"line":401,"column":8},"end":{"line":401,"column":49}},"99":{"start":{"line":406,"column":2},"end":{"line":408,"column":5}},"100":{"start":{"line":407,"column":4},"end":{"line":407,"column":34}},"101":{"start":{"line":410,"column":2},"end":{"line":423,"column":4}},"102":{"start":{"line":413,"column":8},"end":{"line":420,"column":15}},"103":{"start":{"line":435,"column":32},"end":{"line":468,"column":1}},"104":{"start":{"line":436,"column":21},"end":{"line":465,"column":3}},"105":{"start":{"line":467,"column":2},"end":{"line":467,"column":49}}},"fnMap":{"0":{"name":"(anonymous_0)","decl":{"start":{"line":31,"column":22},"end":{"line":31,"column":23}},"loc":{"start":{"line":31,"column":46},"end":{"line":111,"column":1}},"line":31},"1":{"name":"(anonymous_1)","decl":{"start":{"line":32,"column":46},"end":{"line":32,"column":47}},"loc":{"start":{"line":32,"column":56},"end":{"line":35,"column":3}},"line":32},"2":{"name":"(anonymous_2)","decl":{"start":{"line":43,"column":32},"end":{"line":43,"column":33}},"loc":{"start":{"line":43,"column":38},"end":{"line":45,"column":3}},"line":43},"3":{"name":"(anonymous_3)","decl":{"start":{"line":52,"column":30},"end":{"line":52,"column":31}},"loc":{"start":{"line":52,"column":36},"end":{"line":62,"column":3}},"line":52},"4":{"name":"(anonymous_4)","decl":{"start":{"line":64,"column":11},"end":{"line":64,"column":12}},"loc":{"start":{"line":64,"column":17},"end":{"line":66,"column":3}},"line":64},"5":{"name":"(anonymous_5)","decl":{"start":{"line":126,"column":19},"end":{"line":126,"column":20}},"loc":{"start":{"line":126,"column":59},"end":{"line":187,"column":1}},"line":126},"6":{"name":"(anonymous_6)","decl":{"start":{"line":136,"column":32},"end":{"line":136,"column":33}},"loc":{"start":{"line":136,"column":38},"end":{"line":147,"column":3}},"line":136},"7":{"name":"(anonymous_7)","decl":{"start":{"line":154,"column":22},"end":{"line":154,"column":23}},"loc":{"start":{"line":154,"column":28},"end":{"line":168,"column":3}},"line":154},"8":{"name":"(anonymous_8)","decl":{"start":{"line":157,"column":26},"end":{"line":157,"column":27}},"loc":{"start":{"line":157,"column":47},"end":{"line":167,"column":5}},"line":157},"9":{"name":"(anonymous_9)","decl":{"start":{"line":170,"column":11},"end":{"line":170,"column":12}},"loc":{"start":{"line":170,"column":17},"end":{"line":172,"column":3}},"line":170},"10":{"name":"(anonymous_10)","decl":{"start":{"line":176,"column":25},"end":{"line":176,"column":26}},"loc":{"start":{"line":177,"column":8},"end":{"line":183,"column":15}},"line":177},"11":{"name":"(anonymous_11)","decl":{"start":{"line":202,"column":19},"end":{"line":202,"column":20}},"loc":{"start":{"line":202,"column":59},"end":{"line":266,"column":1}},"line":202},"12":{"name":"(anonymous_12)","decl":{"start":{"line":212,"column":32},"end":{"line":212,"column":33}},"loc":{"start":{"line":212,"column":38},"end":{"line":224,"column":3}},"line":212},"13":{"name":"(anonymous_13)","decl":{"start":{"line":231,"column":22},"end":{"line":231,"column":23}},"loc":{"start":{"line":231,"column":28},"end":{"line":246,"column":3}},"line":231},"14":{"name":"(anonymous_14)","decl":{"start":{"line":234,"column":26},"end":{"line":234,"column":27}},"loc":{"start":{"line":234,"column":47},"end":{"line":245,"column":5}},"line":234},"15":{"name":"(anonymous_15)","decl":{"start":{"line":248,"column":11},"end":{"line":248,"column":12}},"loc":{"start":{"line":248,"column":17},"end":{"line":250,"column":3}},"line":248},"16":{"name":"(anonymous_16)","decl":{"start":{"line":254,"column":25},"end":{"line":254,"column":26}},"loc":{"start":{"line":255,"column":8},"end":{"line":262,"column":15}},"line":255},"17":{"name":"(anonymous_17)","decl":{"start":{"line":281,"column":18},"end":{"line":281,"column":19}},"loc":{"start":{"line":281,"column":60},"end":{"line":293,"column":1}},"line":281},"18":{"name":"(anonymous_18)","decl":{"start":{"line":284,"column":18},"end":{"line":284,"column":19}},"loc":{"start":{"line":284,"column":24},"end":{"line":290,"column":3}},"line":284},"19":{"name":"(anonymous_19)","decl":{"start":{"line":308,"column":19},"end":{"line":308,"column":20}},"loc":{"start":{"line":308,"column":61},"end":{"line":328,"column":1}},"line":308},"20":{"name":"(anonymous_20)","decl":{"start":{"line":309,"column":29},"end":{"line":309,"column":30}},"loc":{"start":{"line":309,"column":35},"end":{"line":309,"column":72}},"line":309},"21":{"name":"(anonymous_21)","decl":{"start":{"line":316,"column":27},"end":{"line":316,"column":28}},"loc":{"start":{"line":316,"column":33},"end":{"line":319,"column":3}},"line":316},"22":{"name":"(anonymous_22)","decl":{"start":{"line":321,"column":11},"end":{"line":321,"column":12}},"loc":{"start":{"line":321,"column":17},"end":{"line":325,"column":3}},"line":321},"23":{"name":"(anonymous_23)","decl":{"start":{"line":343,"column":23},"end":{"line":343,"column":24}},"loc":{"start":{"line":343,"column":61},"end":{"line":424,"column":1}},"line":343},"24":{"name":"(anonymous_24)","decl":{"start":{"line":354,"column":28},"end":{"line":354,"column":29}},"loc":{"start":{"line":354,"column":46},"end":{"line":361,"column":3}},"line":354},"25":{"name":"(anonymous_25)","decl":{"start":{"line":371,"column":39},"end":{"line":371,"column":40}},"loc":{"start":{"line":371,"column":45},"end":{"line":383,"column":3}},"line":371},"26":{"name":"(anonymous_26)","decl":{"start":{"line":390,"column":38},"end":{"line":390,"column":39}},"loc":{"start":{"line":390,"column":44},"end":{"line":404,"column":3}},"line":390},"27":{"name":"(anonymous_27)","decl":{"start":{"line":393,"column":33},"end":{"line":393,"column":34}},"loc":{"start":{"line":393,"column":54},"end":{"line":403,"column":5}},"line":393},"28":{"name":"(anonymous_28)","decl":{"start":{"line":406,"column":11},"end":{"line":406,"column":12}},"loc":{"start":{"line":406,"column":17},"end":{"line":408,"column":3}},"line":406},"29":{"name":"(anonymous_29)","decl":{"start":{"line":412,"column":32},"end":{"line":412,"column":33}},"loc":{"start":{"line":413,"column":8},"end":{"line":420,"column":15}},"line":413},"30":{"name":"(anonymous_30)","decl":{"start":{"line":435,"column":32},"end":{"line":435,"column":33}},"loc":{"start":{"line":435,"column":63},"end":{"line":468,"column":1}},"line":435}},"branchMap":{"0":{"loc":{"start":{"line":31,"column":25},"end":{"line":31,"column":39}},"type":"default-arg","locations":[{"start":{"line":31,"column":33},"end":{"line":31,"column":39}}],"line":31},"1":{"loc":{"start":{"line":54,"column":4},"end":{"line":56,"column":5}},"type":"if","locations":[{"start":{"line":54,"column":4},"end":{"line":56,"column":5}},{"start":{},"end":{}}],"line":54},"2":{"loc":{"start":{"line":59,"column":4},"end":{"line":61,"column":5}},"type":"if","locations":[{"start":{"line":59,"column":4},"end":{"line":61,"column":5}},{"start":{},"end":{}}],"line":59},"3":{"loc":{"start":{"line":71,"column":7},"end":{"line":76,"column":7}},"type":"binary-expr","locations":[{"start":{"line":71,"column":7},"end":{"line":71,"column":34}},{"start":{"line":72,"column":8},"end":{"line":75,"column":10}}],"line":71},"4":{"loc":{"start":{"line":79,"column":7},"end":{"line":84,"column":7}},"type":"binary-expr","locations":[{"start":{"line":79,"column":7},"end":{"line":79,"column":25}},{"start":{"line":80,"column":8},"end":{"line":83,"column":10}}],"line":79},"5":{"loc":{"start":{"line":87,"column":7},"end":{"line":92,"column":7}},"type":"binary-expr","locations":[{"start":{"line":87,"column":7},"end":{"line":87,"column":24}},{"start":{"line":88,"column":8},"end":{"line":91,"column":10}}],"line":87},"6":{"loc":{"start":{"line":95,"column":7},"end":{"line":100,"column":7}},"type":"binary-expr","locations":[{"start":{"line":95,"column":7},"end":{"line":95,"column":25}},{"start":{"line":96,"column":8},"end":{"line":99,"column":10}}],"line":95},"7":{"loc":{"start":{"line":103,"column":7},"end":{"line":108,"column":7}},"type":"binary-expr","locations":[{"start":{"line":103,"column":7},"end":{"line":103,"column":30}},{"start":{"line":104,"column":8},"end":{"line":107,"column":10}}],"line":103},"8":{"loc":{"start":{"line":126,"column":22},"end":{"line":126,"column":37}},"type":"default-arg","locations":[{"start":{"line":126,"column":34},"end":{"line":126,"column":37}}],"line":126},"9":{"loc":{"start":{"line":126,"column":39},"end":{"line":126,"column":52}},"type":"default-arg","locations":[{"start":{"line":126,"column":51},"end":{"line":126,"column":52}}],"line":126},"10":{"loc":{"start":{"line":155,"column":4},"end":{"line":155,"column":38}},"type":"if","locations":[{"start":{"line":155,"column":4},"end":{"line":155,"column":38}},{"start":{},"end":{}}],"line":155},"11":{"loc":{"start":{"line":162,"column":6},"end":{"line":166,"column":7}},"type":"if","locations":[{"start":{"line":162,"column":6},"end":{"line":166,"column":7}},{"start":{},"end":{}}],"line":162},"12":{"loc":{"start":{"line":202,"column":22},"end":{"line":202,"column":37}},"type":"default-arg","locations":[{"start":{"line":202,"column":34},"end":{"line":202,"column":37}}],"line":202},"13":{"loc":{"start":{"line":202,"column":39},"end":{"line":202,"column":52}},"type":"default-arg","locations":[{"start":{"line":202,"column":51},"end":{"line":202,"column":52}}],"line":202},"14":{"loc":{"start":{"line":232,"column":4},"end":{"line":232,"column":38}},"type":"if","locations":[{"start":{"line":232,"column":4},"end":{"line":232,"column":38}},{"start":{},"end":{}}],"line":232},"15":{"loc":{"start":{"line":240,"column":6},"end":{"line":244,"column":7}},"type":"if","locations":[{"start":{"line":240,"column":6},"end":{"line":244,"column":7}},{"start":{},"end":{}}],"line":240},"16":{"loc":{"start":{"line":281,"column":21},"end":{"line":281,"column":34}},"type":"default-arg","locations":[{"start":{"line":281,"column":31},"end":{"line":281,"column":34}}],"line":281},"17":{"loc":{"start":{"line":281,"column":36},"end":{"line":281,"column":53}},"type":"default-arg","locations":[{"start":{"line":281,"column":44},"end":{"line":281,"column":53}}],"line":281},"18":{"loc":{"start":{"line":285,"column":4},"end":{"line":289,"column":5}},"type":"if","locations":[{"start":{"line":285,"column":4},"end":{"line":289,"column":5}},{"start":{"line":287,"column":11},"end":{"line":289,"column":5}}],"line":285},"19":{"loc":{"start":{"line":308,"column":22},"end":{"line":308,"column":31}},"type":"default-arg","locations":[{"start":{"line":308,"column":30},"end":{"line":308,"column":31}}],"line":308},"20":{"loc":{"start":{"line":308,"column":33},"end":{"line":308,"column":54}},"type":"default-arg","locations":[{"start":{"line":308,"column":45},"end":{"line":308,"column":54}}],"line":308},"21":{"loc":{"start":{"line":322,"column":4},"end":{"line":324,"column":5}},"type":"if","locations":[{"start":{"line":322,"column":4},"end":{"line":324,"column":5}},{"start":{},"end":{}}],"line":322},"22":{"loc":{"start":{"line":343,"column":26},"end":{"line":343,"column":39}},"type":"default-arg","locations":[{"start":{"line":343,"column":33},"end":{"line":343,"column":39}}],"line":343},"23":{"loc":{"start":{"line":343,"column":41},"end":{"line":343,"column":54}},"type":"default-arg","locations":[{"start":{"line":343,"column":51},"end":{"line":343,"column":54}}],"line":343},"24":{"loc":{"start":{"line":360,"column":11},"end":{"line":360,"column":48}},"type":"binary-expr","locations":[{"start":{"line":360,"column":11},"end":{"line":360,"column":32}},{"start":{"line":360,"column":36},"end":{"line":360,"column":48}}],"line":360},"25":{"loc":{"start":{"line":391,"column":4},"end":{"line":391,"column":38}},"type":"if","locations":[{"start":{"line":391,"column":4},"end":{"line":391,"column":38}},{"start":{},"end":{}}],"line":391},"26":{"loc":{"start":{"line":398,"column":6},"end":{"line":402,"column":7}},"type":"if","locations":[{"start":{"line":398,"column":6},"end":{"line":402,"column":7}},{"start":{},"end":{}}],"line":398},"27":{"loc":{"start":{"line":467,"column":9},"end":{"line":467,"column":48}},"type":"binary-expr","locations":[{"start":{"line":467,"column":9},"end":{"line":467,"column":28}},{"start":{"line":467,"column":32},"end":{"line":467,"column":48}}],"line":467}},"s":{"0":0,"1":0,"2":0,"3":0,"4":0,"5":0,"6":0,"7":0,"8":0,"9":0,"10":0,"11":0,"12":0,"13":0,"14":0,"15":0,"16":0,"17":0,"18":0,"19":0,"20":0,"21":0,"22":0,"23":0,"24":0,"25":0,"26":0,"27":0,"28":0,"29":0,"30":0,"31":0,"32":0,"33":0,"34":0,"35":0,"36":0,"37":0,"38":0,"39":0,"40":0,"41":0,"42":0,"43":0,"44":0,"45":0,"46":0,"47":0,"48":0,"49":0,"50":0,"51":0,"52":0,"53":0,"54":0,"55":0,"56":0,"57":0,"58":0,"59":0,"60":0,"61":0,"62":0,"63":0,"64":0,"65":0,"66":0,"67":0,"68":0,"69":0,"70":0,"71":0,"72":0,"73":0,"74":0,"75":0,"76":0,"77":0,"78":0,"79":0,"80":0,"81":0,"82":0,"83":0,"84":0,"85":0,"86":0,"87":0,"88":0,"89":0,"90":0,"91":0,"92":0,"93":0,"94":0,"95":0,"96":0,"97":0,"98":0,"99":0,"100":0,"101":0,"102":0,"103":0,"104":0,"105":0},"f":{"0":0,"1":0,"2":0,"3":0,"4":0,"5":0,"6":0,"7":0,"8":0,"9":0,"10":0,"11":0,"12":0,"13":0,"14":0,"15":0,"16":0,"17":0,"18":0,"19":0,"20":0,"21":0,"22":0,"23":0,"24":0,"25":0,"26":0,"27":0,"28":0,"29":0,"30":0},"b":{"0":[0],"1":[0,0],"2":[0,0],"3":[0,0],"4":[0,0],"5":[0,0],"6":[0,0],"7":[0,0],"8":[0],"9":[0],"10":[0,0],"11":[0,0],"12":[0],"13":[0],"14":[0,0],"15":[0,0],"16":[0],"17":[0],"18":[0,0],"19":[0],"20":[0],"21":[0,0],"22":[0],"23":[0],"24":[0,0],"25":[0,0],"26":[0,0],"27":[0,0]}}
,"/home/brpocock/Projects/tootsville.org/play/react/src/components/WorldTerrain.js": {"path":"/home/brpocock/Projects/tootsville.org/play/react/src/components/WorldTerrain.js","statementMap":{"0":{"start":{"line":33,"column":21},"end":{"line":122,"column":1}},"1":{"start":{"line":37,"column":18},"end":{"line":37,"column":26}},"2":{"start":{"line":38,"column":23},"end":{"line":38,"column":76}},"3":{"start":{"line":38,"column":46},"end":{"line":38,"column":74}},"4":{"start":{"line":46,"column":24},"end":{"line":83,"column":13}},"5":{"start":{"line":47,"column":20},"end":{"line":80,"column":5}},"6":{"start":{"line":82,"column":4},"end":{"line":82,"column":42}},"7":{"start":{"line":90,"column":2},"end":{"line":94,"column":5}},"8":{"start":{"line":91,"column":4},"end":{"line":93,"column":5}},"9":{"start":{"line":92,"column":6},"end":{"line":92,"column":93}},"10":{"start":{"line":96,"column":2},"end":{"line":121,"column":4}},"11":{"start":{"line":130,"column":21},"end":{"line":138,"column":1}},"12":{"start":{"line":131,"column":2},"end":{"line":137,"column":10}},"13":{"start":{"line":146,"column":21},"end":{"line":154,"column":1}},"14":{"start":{"line":147,"column":2},"end":{"line":153,"column":10}},"15":{"start":{"line":162,"column":21},"end":{"line":170,"column":1}},"16":{"start":{"line":163,"column":2},"end":{"line":169,"column":10}},"17":{"start":{"line":178,"column":21},"end":{"line":186,"column":1}},"18":{"start":{"line":179,"column":2},"end":{"line":185,"column":10}}},"fnMap":{"0":{"name":"(anonymous_0)","decl":{"start":{"line":33,"column":21},"end":{"line":33,"column":22}},"loc":{"start":{"line":36,"column":6},"end":{"line":122,"column":1}},"line":36},"1":{"name":"(anonymous_1)","decl":{"start":{"line":38,"column":36},"end":{"line":38,"column":37}},"loc":{"start":{"line":38,"column":46},"end":{"line":38,"column":74}},"line":38},"2":{"name":"(anonymous_2)","decl":{"start":{"line":46,"column":32},"end":{"line":46,"column":33}},"loc":{"start":{"line":46,"column":38},"end":{"line":83,"column":3}},"line":46},"3":{"name":"(anonymous_3)","decl":{"start":{"line":90,"column":11},"end":{"line":90,"column":12}},"loc":{"start":{"line":90,"column":22},"end":{"line":94,"column":3}},"line":90},"4":{"name":"(anonymous_4)","decl":{"start":{"line":130,"column":21},"end":{"line":130,"column":22}},"loc":{"start":{"line":131,"column":2},"end":{"line":137,"column":10}},"line":131},"5":{"name":"(anonymous_5)","decl":{"start":{"line":146,"column":21},"end":{"line":146,"column":22}},"loc":{"start":{"line":147,"column":2},"end":{"line":153,"column":10}},"line":147},"6":{"name":"(anonymous_6)","decl":{"start":{"line":162,"column":21},"end":{"line":162,"column":22}},"loc":{"start":{"line":163,"column":2},"end":{"line":169,"column":10}},"line":163},"7":{"name":"(anonymous_7)","decl":{"start":{"line":178,"column":21},"end":{"line":178,"column":22}},"loc":{"start":{"line":179,"column":2},"end":{"line":185,"column":10}},"line":179}},"branchMap":{"0":{"loc":{"start":{"line":34,"column":2},"end":{"line":34,"column":16}},"type":"default-arg","locations":[{"start":{"line":34,"column":10},"end":{"line":34,"column":16}}],"line":34},"1":{"loc":{"start":{"line":35,"column":2},"end":{"line":35,"column":67}},"type":"default-arg","locations":[{"start":{"line":35,"column":20},"end":{"line":35,"column":67}}],"line":35},"2":{"loc":{"start":{"line":82,"column":11},"end":{"line":82,"column":41}},"type":"binary-expr","locations":[{"start":{"line":82,"column":11},"end":{"line":82,"column":25}},{"start":{"line":82,"column":29},"end":{"line":82,"column":41}}],"line":82},"3":{"loc":{"start":{"line":91,"column":4},"end":{"line":93,"column":5}},"type":"if","locations":[{"start":{"line":91,"column":4},"end":{"line":93,"column":5}},{"start":{},"end":{}}],"line":91},"4":{"loc":{"start":{"line":116,"column":7},"end":{"line":116,"column":43}},"type":"binary-expr","locations":[{"start":{"line":116,"column":7},"end":{"line":116,"column":23}},{"start":{"line":116,"column":27}
[...]
40}},{"start":{"line":207,"column":44},"end":{"line":207,"column":45}}],"line":207},"27":{"loc":{"start":{"line":208,"column":16},"end":{"line":208,"column":35}},"type":"binary-expr","locations":[{"start":{"line":208,"column":16},"end":{"line":208,"column":30}},{"start":{"line":208,"column":34},"end":{"line":208,"column":35}}],"line":208},"28":{"loc":{"start":{"line":214,"column":14},"end":{"line":214,"column":54}},"type":"binary-expr","locations":[{"start":{"line":214,"column":14},"end":{"line":214,"column":36}},{"start":{"line":214,"column":40},"end":{"line":214,"column":54}}],"line":214},"29":{"loc":{"start":{"line":223,"column":27},"end":{"line":223,"column":56}},"type":"binary-expr","locations":[{"start":{"line":223,"column":27},"end":{"line":223,"column":51}},{"start":{"line":223,"column":55},"end":{"line":223,"column":56}}],"line":223},"30":{"loc":{"start":{"line":237,"column":24},"end":{"line":237,"column":47}},"type":"binary-expr","locations":[{"start":{"line":237,"column":24},"end":{"line":237,"column":42}},{"start":{"line":237,"column":46},"end":{"line":237,"column":47}}],"line":237},"31":{"loc":{"start":{"line":282,"column":4},"end":{"line":295,"column":5}},"type":"if","locations":[{"start":{"line":282,"column":4},"end":{"line":295,"column":5}},{"start":{"line":289,"column":11},"end":{"line":295,"column":5}}],"line":282},"32":{"loc":{"start":{"line":289,"column":11},"end":{"line":295,"column":5}},"type":"if","locations":[{"start":{"line":289,"column":11},"end":{"line":295,"column":5}},{"start":{},"end":{}}],"line":289},"33":{"loc":{"start":{"line":298,"column":4},"end":{"line":302,"column":5}},"type":"if","locations":[{"start":{"line":298,"column":4},"end":{"line":302,"column":5}},{"start":{},"end":{}}],"line":298},"34":{"loc":{"start":{"line":305,"column":4},"end":{"line":309,"column":5}},"type":"if","locations":[{"start":{"line":305,"column":4},"end":{"line":309,"column":5}},{"start":{},"end":{}}],"line":305},"35":{"loc":{"start":{"line":311,"column":4},"end":{"line":314,"column":5}},"type":"if","locations":[{"start":{"line":311,"column":4},"end":{"line":314,"column":5}},{"start":{},"end":{}}],"line":311},"36":{"loc":{"start":{"line":316,"column":4},"end":{"line":319,"column":5}},"type":"if","locations":[{"start":{"line":316,"column":4},"end":{"line":319,"column":5}},{"start":{},"end":{}}],"line":316},"37":{"loc":{"start":{"line":332,"column":15},"end":{"line":332,"column":65}},"type":"cond-expr","locations":[{"start":{"line":332,"column":35},"end":{"line":332,"column":58}},{"start":{"line":332,"column":61},"end":{"line":332,"column":65}}],"line":332},"38":{"loc":{"start":{"line":334,"column":23},"end":{"line":334,"column":81}},"type":"cond-expr","locations":[{"start":{"line":334,"column":43},"end":{"line":334,"column":74}},{"start":{"line":334,"column":77},"end":{"line":334,"column":81}}],"line":334},"39":{"loc":{"start":{"line":335,"column":20},"end":{"line":335,"column":75}},"type":"cond-expr","locations":[{"start":{"line":335,"column":40},"end":{"line":335,"column":68}},{"start":{"line":335,"column":71},"end":{"line":335,"column":75}}],"line":335},"40":{"loc":{"start":{"line":354,"column":17},"end":{"line":354,"column":56}},"type":"binary-expr","locations":[{"start":{"line":354,"column":17},"end":{"line":354,"column":35}},{"start":{"line":354,"column":39},"end":{"line":354,"column":56}}],"line":354},"41":{"loc":{"start":{"line":357,"column":17},"end":{"line":357,"column":56}},"type":"binary-expr","locations":[{"start":{"line":357,"column":17},"end":{"line":357,"column":35}},{"start":{"line":357,"column":39},"end":{"line":357,"column":56}}],"line":357},"42":{"loc":{"start":{"line":378,"column":4},"end":{"line":390,"column":5}},"type":"if","locations":[{"start":{"line":378,"column":4},"end":{"line":390,"column":5}},{"start":{"line":382,"column":11},"end":{"line":390,"column":5}}],"line":378},"43":{"loc":{"start":{"line":381,"column":17},"end":{"line":381,"column":49}},"type":"cond-expr","locations":[{"start":{"line":381,"column":31},"end":{"line":381,"column":38}},{"start":{"line":381,"column":41},"end":{"line":381,"column":49}}],"line":381},"44":{"loc":{"start":{"line":382,"column":11},"end":{"line":390,"column":5}},"type":"if","locations":[{"start":{"line":382,"column":11},"end":{"line":390,"column":5}},{"start":{"line":386,"column":11},"end":{"line":390,"column":5}}],"line":382},"45":{"loc":{"start":{"line":385,"column":17},"end":{"line":385,"column":49}},"type":"cond-expr","locations":[{"start":{"line":385,"column":31},"end":{"line":385,"column":38}},{"start":{"line":385,"column":41},"end":{"line":385,"column":49}}],"line":385},"46":{"loc":{"start":{"line":386,"column":11},"end":{"line":390,"column":5}},"type":"if","locations":[{"start":{"line":386,"column":11},"end":{"line":390,"column":5}},{"start":{},"end":{}}],"line":386},"47":{"loc":{"start":{"line":389,"column":17},"end":{"line":389,"column":49}},"type":"cond-expr","locations":[{"start":{"line":389,"column":31},"end":{"line":389,"column":39}},{"start":{"line":389,"column":42},"end":{"line":389,"column":49}}],"line":389},"48":{"loc":{"start":{"line":413,"column":6},"end":{"line":413,"column":29}},"type":"if","locations":[{"start":{"line":413,"column":6},"end":{"line":413,"column":29}},{"start":{},"end":{}}],"line":413},"49":{"loc":{"start":{"line":418,"column":6},"end":{"line":427,"column":7}},"type":"if","locations":[{"start":{"line":418,"column":6},"end":{"line":427,"column":7}},{"start":{},"end":{}}],"line":418},"50":{"loc":{"start":{"line":424,"column":8},"end":{"line":426,"column":9}},"type":"if","locations":[{"start":{"line":424,"column":8},"end":{"line":426,"column":9}},{"start":{},"end":{}}],"line":424},"51":{"loc":{"start":{"line":459,"column":4},"end":{"line":461,"column":5}},"type":"if","locations":[{"start":{"line":459,"column":4},"end":{"line":461,"column":5}},{"start":{},"end":{}}],"line":459},"52":{"loc":{"start":{"line":466,"column":4},"end":{"line":472,"column":5}},"type":"if","locations":[{"start":{"line":466,"column":4},"end":{"line":472,"column":5}},{"start":{"line":468,"column":11},"end":{"line":472,"column":5}}],"line":466},"53":{"loc":{"start":{"line":468,"column":11},"end":{"line":472,"column":5}},"type":"if","locations":[{"start":{"line":468,"column":11},"end":{"line":472,"column":5}},{"start":{"line":470,"column":11},"end":{"line":472,"column":5}}],"line":468},"54":{"loc":{"start":{"line":470,"column":11},"end":{"line":472,"column":5}},"type":"if","locations":[{"start":{"line":470,"column":11},"end":{"line":472,"column":5}},{"start":{},"end":{}}],"line":470},"55":{"loc":{"start":{"line":476,"column":4},"end":{"line":478,"column":5}},"type":"if","locations":[{"start":{"line":476,"column":4},"end":{"line":478,"column":5}},{"start":{},"end":{}}],"line":476},"56":{"loc":{"start":{"line":476,"column":8},"end":{"line":476,"column":53}},"type":"binary-expr","locations":[{"start":{"line":476,"column":8},"end":{"line":476,"column":26}},{"start":{"line":476,"column":30},"end":{"line":476,"column":53}}],"line":476},"57":{"loc":{"start":{"line":483,"column":4},"end":{"line":485,"column":5}},"type":"if","locations":[{"start":{"line":483,"column":4},"end":{"line":485,"column":5}},{"start":{},"end":{}}],"line":483}},"s":{"0":34,"1":34,"2":34,"3":34,"4":34,"5":34,"6":34,"7":34,"8":34,"9":0,"10":0,"11":34,"12":0,"13":0,"14":0,"15":0,"16":0,"17":0,"18":0,"19":0,"20":34,"21":0,"22":34,"23":34,"24":34,"25":34,"26":34,"27":34,"28":31,"29":31,"30":0,"31":0,"32":0,"33":0,"34":0,"35":3,"36":34,"37":34,"38":34,"39":34,"40":34,"41":34,"42":0,"43":0,"44":0,"45":0,"46":34,"47":34,"48":34,"49":34,"50":34,"51":34,"52":34,"53":34,"54":34,"55":34,"56":34,"57":34,"58":34,"59":34,"60":0,"61":0,"62":0,"63":0,"64":0,"65":0,"66":34,"67":34,"68":34,"69":34,"70":34,"71":0,"72":0,"73":0,"74":34,"75":0,"76":0,"77":34,"78":0,"79":0,"80":34,"81":0,"82":0,"83":0,"84":0,"85":0,"86":0,"87":0,"88":0,"89":0,"90":0,"91":0,"92":0,"93":0,"94":0,"95":0,"96":0,"97":0,"98":0,"99":0,"100":0,"101":0,"102":0,"103":0,"104":0,"105":3,"106":3,"107":3,"108":3,"109":3,"110":3,"111":0,"112":0,"113":0,"114":0,"115":0,"116":0,"117":0,"118":0,"119":0,"120":0,"121":0,"122":3,"123":3,"124":0,"125":0,"126":0,"127":0,"128":0,"129":0,"130":0,"131":0,"132":0,"133":0,"134":0,"135":0,"136":0,"137":0,"138":0,"139":0,"140":0,"141":0},"f":{"0":34,"1":34,"2":34,"3":34,"4":34,"5":34,"6":34,"7":34,"8":34,"9":0,"10":0,"11":0,"12":3,"13":0,"14":0,"15":0,"16":0,"17":0,"18":0,"19":0,"20":0,"21":0},"b":{"0":[34,22],"1":[0,34],"2":[34,34,34],"3":[0,0,0,0,0],"4":[0,34],"5":[0,0],"6":[0,0],"7":[0,0],"8":[0,0],"9":[0,0],"10":[0,0],"11":[0,34],"12":[34,31],"13":[31,0],"14":[0,0],"15":[0,0],"16":[0,0],"17":[0,0],"18":[34,0],"19":[34,34],"20":[34,34],"21":[34,34],"22":[34,34],"23":[34,34,34],"24":[34,0],"25":[0,0],"26":[0,0],"27":[0,0],"28":[0,0],"29":[34,22],"30":[34,34],"31":[34,0],"32":[0,0],"33":[34,0],"34":[0,34],"35":[0,34],"36":[0,34],"37":[0,0],"38":[0,0],"39":[0,0],"40":[0,0],"41":[0,0],"42":[0,0],"43":[0,0],"44":[0,0],"45":[0,0],"46":[0,0],"47":[0,0],"48":[0,0],"49":[0,0],"50":[0,0],"51":[0,0],"52":[0,0],"53":[0,0],"54":[0,0],"55":[0,0],"56":[0,0],"57":[0,0]},"_coverageSchema":"1a1c01bbd47fc00a2c39e90264f33305004495a9","hash":"c48c71ca434788cca3ad069e398879560fcc6f72"}
,"/home/brpocock/Projects/tootsville.org/play/react/src/stores/GameStore.js": {"path":"/home/brpocock/Projects/tootsville.org/play/react/src/stores/GameStore.js","statementMap":{"0":{"start":{"line":12,"column":29},"end":{"line":12,"column":55}},"1":{"start":{"line":14,"column":21},"end":{"line":234,"column":1}},"2":{"start":{"line":15,"column":39},"end":{"line":233,"column":3}},"3":{"start":{"line":78,"column":35},"end":{"line":78,"column":53}},"4":{"start":{"line":79,"column":29},"end":{"line":79,"column":44}},"5":{"start":{"line":80,"column":34},"end":{"line":80,"column":62}},"6":{"start":{"line":83,"column":36},"end":{"line":85,"column":9}},"7":{"start":{"line":83,"column":52},"end":{"line":85,"column":7}},"8":{"start":{"line":88,"column":29},"end":{"line":90,"column":9}},"9":{"start":{"line":88,"column":45},"end":{"line":90,"column":7}},"10":{"start":{"line":93,"column":32},"end":{"line":95,"column":9}},"11":{"start":{"line":93,"column":48},"end":{"line":95,"column":7}},"12":{"start":{"line":97,"column":30},"end":{"line":99,"column":9}},"13":{"start":{"line":97,"column":46},"end":{"line":99,"column":7}},"14":{"start":{"line":101,"column":24},"end":{"line":103,"column":9}},"15":{"start":{"line":101,"column":40},"end":{"line":103,"column":7}},"16":{"start":{"line":106,"column":40},"end":{"line":106,"column":59}},"17":{"start":{"line":107,"column":34},"end":{"line":107,"column":50}},"18":{"start":{"line":110,"column":38},"end":{"line":110,"column":56}},"19":{"start":{"line":113,"column":35},"end":{"line":118,"column":9}},"20":{"start":{"line":113,"column":51},"end":{"line":118,"column":7}},"21":{"start":{"line":121,"column":44},"end":{"line":123,"column":9}},"22":{"start":{"line":121,"column":60},"end":{"line":123,"column":7}},"23":{"start":{"line":125,"column":45},"end":{"line":127,"column":9}},"24":{"start":{"line":125,"column":61},"end":{"line":127,"column":7}},"25":{"start":{"line":130,"column":31},"end":{"line":136,"column":9}},"26":{"start":{"line":130,"column":47},"end":{"line":136,"column":7}},"27":{"start":{"line":140,"column":8},"end":{"line":140,"column":49}},"28":{"start":{"line":145,"column":28},"end":{"line":145,"column":33}},"29":{"start":{"line":147,"column":8},"end":{"line":149,"column":11}},"30":{"start":{"line":148,"column":10},"end":{"line":148,"column":50}},"31":{"start":{"line":151,"column":8},"end":{"line":153,"column":11}},"32":{"start":{"line":152,"column":10},"end":{"line":152,"column":51}},"33":{"start":{"line":155,"column":8},"end":{"line":157,"column":11}},"34":{"start":{"line":156,"column":10},"end":{"line":156,"column":47}},"35":{"start":{"line":159,"column":8},"end":{"line":161,"column":11}},"36":{"start":{"line":160,"column":10},"end":{"line":160,"column":47}},"37":{"start":{"line":163,"column":8},"end":{"line":165,"column":11}},"38":{"start":{"line":164,"column":10},"end":{"line":164,"column":48}},"39":{"start":{"line":167,"column":8},"end":{"line":169,"column":11}},"40":{"start":{"line":168,"column":10},"end":{"line":168,"column":51}},"41":{"start":{"line":171,"column":8},"end":{"line":171,"column":46}},"42":{"start":{"line":176,"column":8},"end":{"line":176,"column":42}},"43":{"start":{"line":177,"column":8},"end":{"line":183,"column":12}},"44":{"start":{"line":177,"column":24},"end":{"line":183,"column":9}},"45":{"start":{"line":187,"column":19},"end":{"line":231,"column":8}}},"fnMap":{"0":{"name":"(anonymous_0)","decl":{"start":{"line":15,"column":24},"end":{"line":15,"column":25}},"loc":{"start":{"line":15,"column":39},"end":{"line":233,"column":3}},"line":15},"1":{"name":"(anonymous_1)","decl":{"start":{"line":78,"column":20},"end":{"line":78,"column":21}},"loc":{"start":{"line":78,"column":35},"end":{"line":78,"column":53}},"line":78},"2":{"name":"(anonymous_2)","decl":{"start":{"line":79,"column":17},"end":{"line":79,"column":18}},"loc":{"start":{"line":79,"column":29},"end":{"line":79,"column":44}},"line":79},"3":{"name":"(anonymous_3)","decl":{"start":{"line":80,"column":24},"end":{"line":80,"column":25}},"loc":{"start":{"line":80,"column":34},"end":{"line":80,"column":62}},"line":80},"4":{"name":"(anonymous_4)","decl":{"start":{"line":83,"column":22},"end":{"line":83,"column":23}},"loc":{"start":{"line":83,"column":36},"end":{"line":85,"column":9}},"line":83},"5":{"name":"(anonymous_5)","decl":{"start":{"line":83,"column":40},"end":{"line":83,"column":41}},"loc":{"start":{"line":83,"column":52},"end":{"line":85,"column":7}},"line":83},"6":{"name":"(anonymous_6)","decl":{"start":{"line":88,"column":17},"end":{"line":88,"column":18}},"loc":{"start":{"line":88,"column":29},"end":{"line":90,"column":9}},"line":88},"7":{"name":"(anonymous_7)","decl":{"start":{"line":88,"column":33},"end":{"line":88,"column":34}},"loc":{"start":{"line":88,"column":45},"end":{"line":90,"column":7}},"line":88},"8":{"name":"(anonymous_8)","decl":{"start":{"line":93,"column":22},"end":{"line":93,"column":23}},"loc":{"start":{"line":93,"column":32},"end":{"line":95,"column":9}},"line":93},"9":{"name":"(anonymous_9)","decl":{"start":{"line":93,"column":36},"end":{"line":93,"column":37}},"loc":{"start":{"line":93,"column":48},"end":{"line":95,"column":7}},"line":93},"10":{"name":"(anonymous_10)","decl":{"start":{"line":97,"column":17},"end":{"line":97,"column":18}},"loc":{"start":{"line":97,"column":30},"end":{"line":99,"column":9}},"line":97},"11":{"name":"(anonymous_11)","decl":{"start":{"line":97,"column":34},"end":{"line":97,"column":35}},"loc":{"start":{"line":97,"column":46},"end":{"line":99,"column":7}},"line":97},"12":{"name":"(anonymous_12)","decl":{"start":{"line":101,"column":18},"end":{"line":101,"column":19}},"loc":{"start":{"line":101,"column":24},"end":{"line":103,"column":9}},"line":101},"13":{"name":"(anonymous_13)","decl":{"start":{"line":101,"column":28},"end":{"line":101,"column":29}},"loc":{"start":{"line":101,"column":40},"end":{"line":103,"column":7}},"line":101},"14":{"name":"(anonymous_14)","decl":{"start":{"line":106,"column":24},"end":{"line":106,"column":25}},"loc":{"start":{"line":106,"column":40},"end":{"line":106,"column":59}},"line":106},"15":{"name":"(anonymous_15)","decl":{"start":{"line":107,"column":21},"end":{"line":107,"column":22}},"loc":{"start":{"line":107,"column":34},"end":{"line":107,"column":50}},"line":107},"16":{"name":"(anonymous_16)","decl":{"start":{"line":110,"column":23},"end":{"line":110,"column":24}},"loc":{"start":{"line":110,"column":38},"end":{"line":110,"column":56}},"line":110},"17":{"name":"(anonymous_17)","decl":{"start":{"line":113,"column":22},"end":{"line":113,"column":23}},"loc":{"start":{"line":113,"column":35},"end":{"line":118,"column":9}},"line":113},"18":{"name":"(anonymous_18)","decl":{"start":{"line":113,"column":39},"end":{"line":113,"column":40}},"loc":{"start":{"line":113,"column":51},"end":{"line":118,"column":7}},"line":113},"19":{"name":"(anonymous_19)","decl":{"start":{"line":121,"column":27},"end":{"line":121,"column":28}},"loc":{"start":{"line":121,"column":44},"end":{"line":123,"column":9}},"line":121},"20":{"name":"(anonymous_20)","decl":{"start":{"line":121,"column":48},"end":{"line":121,"column":49}},"loc":{"start":{"line":121,"column":60},"end":{"line":123,"column":7}},"line":121},"21":{"name":"(anonymous_21)","decl":{"start":{"line":125,"column":24},"end":{"line":125,"column":25}},"loc":{"start":{"line":125,"column":45},"end":{"line":127,"column":9}},"line":125},"22":{"name":"(anonymous_22)","decl":{"start":{"line":125,"column":49},"end":{"line":125,"column":50}},"loc":{"start":{"line":125,"column":61},"end":{"line":127,"column":7}},"line":125},"23":{"name":"(anonymous_23)","decl":{"start":{"line":130,"column":22},"end":{"line":130,"column":23}},"loc":{"start":{"line":130,"column":31},"end":{"line":136,"column":9}},"line":130},"24":{"name":"(anonymous_24)","decl":{"start":{"line":130,"column":35},"end":{"line":130,"column":36}},"loc":{"start":{"line":130,"column":47},"end":{"line":136,"column":7}},"line":130},"25":{"name":"(anonymous_25)","decl":{"start":{"line":139,"column":19},"end":{"line":139,"column":20}},"loc":{"start":{"line":139,"column":38},"end":{"line":141,"column":7}},"line":139},"26":{"name":"(anonymous_26)","decl":{"start":{"line":144,"column":31},"end":{"line":144,"column":32}},"loc":{"start":{"line":144,"column":37},"end":{"line":172,"column":7}},"line":144},"27":{"name":"(anonymous_27)","decl":{"start":{"line":147,"column":45},"end":{"line":147,"column":46}},"loc":{"start":{"line":147,"column":51},"end":{"line":149,"column":9}},"line":147},"28":{"name":"(anonymous_28)","decl":{"start":{"line":151,"column":48},"end":{"line":151,"column":49}},"loc":{"start":{"line":151,"column":54},"end":{"line":153,"column":9}},"line":151},"29":{"name":"(anonymous_29)","decl":{"start":{"line":155,"column":48},"end":{"line":155,"column":49}},"loc":{"start":{"line":155,"column":58},"end":{"line":157,"column":9}},"line":155},"30":{"name":"(anonymous_30)","decl":{"start":{"line":159,"column":49},"end":{"line":159,"column":50}},"loc":{"start":{"line":159,"column":62},"end":{"line":161,"column":9}},"line":159},"31":{"name":"(anonymous_31)","decl":{"start":{"line":163,"column":49},"end":{"line":163,"column":50}},"loc":{"start":{"line":163,"column":62},"end":{"line":165,"column":9}},"line":163},"32":{"name":"(anonymous_32)","decl":{"start":{"line":167,"column":51},"end":{"line":167,"column":52}},"loc":{"start":{"line":167,"column":66},"end":{"line":169,"column":9}},"line":167},"33":{"name":"(anonymous_33)","decl":{"start":{"line":175,"column":18},"end":{"line":175,"column":19}},"loc":{"start":{"line":175,"column":24},"end":{"line":184,"column":7}},"line":175},"34":{"name":"(anonymous_34)","decl":{"start":{"line":177,"column":12},"end":{"line":177,"column":13}},"loc":{"start":{"line":177,"column":24},"end":{"line":183,"column":9}},"line":177},"35":{"name":"(anonymous_35)","decl":{"start":{"line":187,"column":13},"end":{"line":187,"column":14}},"loc":{"start":{"line":187,"column":19},"end":{"line":231,"column":8}},"line":187}},"branchMap":{},"s":{"0":1,"1":1,"2":1,"3":4,"4":3,"5":1,"6":104,"7":104,"8":2,"9":2,"10":1,"11":1,"12":3,"13":3,"14":1,"15":1,"16":1,"17":2,"18":1,"19":1003,"20":1003,"21":2,"22":2,"23":2,"24":2,"25":3,"26":3,"27":1,"28":1,"29":1,"30":0,"31":1,"32":0,"33":1,"34":0,"35":1,"36":0,"37":1,"38":0,"39":1,"40":0,"41":1,"42":1,"43":1,"44":1,"45":28},"f":{"0":1,"1":4,"2":3,"3":1,"4":104,"5":104,"6":2,"7":2,"8":1,"9":1,"10":3,"11":3,"12":1,"13":1,"14":1,"15":2,"16":1,"17":1003,"18":1003,"19":2,"20":2,"21":2,"22":2,"23":3,"24":3,"25":1,"26":1,"27":0,"28":0,"29":0,"30":0,"31":0,"32":0,"33":1,"34":1,"35":28},"b":{},"_coverageSchema":"1a1c01bbd47fc00a2c39e90264f33305004495a9","hash":"32058d7d3159875e035a9d7c731b95ea2127d659"}
}
