TN:
SF:src/App.js
FN:25,(anonymous_0)
FN:31,(anonymous_1)
FN:33,(anonymous_2)
FN:51,(anonymous_3)
FN:67,(anonymous_4)
FN:73,(anonymous_5)
FN:87,(anonymous_6)
FNF:7
FNH:0
FNDA:0,(anonymous_0)
FNDA:0,(anonymous_1)
FNDA:0,(anonymous_2)
FNDA:0,(anonymous_3)
FNDA:0,(anonymous_4)
FNDA:0,(anonymous_5)
FNDA:0,(anonymous_6)
DA:25,0
DA:26,0
DA:27,0
DA:28,0
DA:29,0
DA:31,0
DA:33,0
DA:34,0
DA:35,0
DA:36,0
DA:39,0
DA:42,0
DA:44,0
DA:48,0
DA:51,0
DA:52,0
DA:53,0
DA:57,0
DA:58,0
DA:61,0
DA:63,0
DA:67,0
DA:68,0
DA:69,0
DA:70,0
DA:73,0
DA:74,0
DA:77,0
DA:78,0
DA:81,0
DA:82,0
DA:87,0
DA:93,0
DA:94,0
DA:101,0
LF:35
LH:0
BRDA:36,0,0,0
BRDA:36,0,1,0
BRDA:77,1,0,0
BRDA:77,1,1,0
BRDA:81,2,0,0
BRDA:81,2,1,0
BRDA:93,3,0,0
BRDA:93,3,1,0
BRF:8
BRH:0
end_of_record
TN:
SF:src/index.js
FNF:0
FNH:0
DA:17,0
DA:20,0
LF:2
LH:0
BRF:0
BRH:0
end_of_record
TN:
SF:src/bindings/ClientBindings.js
FN:38,(anonymous_0)
FN:58,(anonymous_1)
FN:78,(anonymous_2)
FN:107,(anonymous_3)
FN:116,(anonymous_4)
FN:129,(anonymous_5)
FN:140,(anonymous_6)
FN:151,(anonymous_7)
FN:161,(anonymous_8)
FN:170,(anonymous_9)
FN:185,(anonymous_10)
FN:198,(anonymous_11)
FN:206,(anonymous_12)
FN:216,(anonymous_13)
FN:226,(anonymous_14)
FN:235,(anonymous_15)
FN:243,(anonymous_16)
FN:256,(anonymous_17)
FN:263,(anonymous_18)
FN:270,(anonymous_19)
FN:277,(anonymous_20)
FN:284,(anonymous_21)
FN:291,(anonymous_22)
FN:302,(anonymous_23)
FN:311,(anonymous_24)
FN:324,(anonymous_25)
FN:335,(anonymous_26)
FN:346,(anonymous_27)
FN:358,(anonymous_28)
FN:368,(anonymous_29)
FN:378,(anonymous_30)
FN:388,(anonymous_31)
FN:396,(anonymous_32)
FNF:33
FNH:0
FNDA:0,(anonymous_0)
FNDA:0,(anonymous_1)
FNDA:0,(anonymous_2)
FNDA:0,(anonymous_3)
FNDA:0,(anonymous_4)
FNDA:0,(anonymous_5)
FNDA:0,(anonymous_6)
FNDA:0,(anonymous_7)
FNDA:0,(anonymous_8)
FNDA:0,(anonymous_9)
FNDA:0,(anonymous_10)
FNDA:0,(anonymous_11)
FNDA:0,(anonymous_12)
FNDA:0,(anonymous_13)
FNDA:0,(anonymous_14)
FNDA:0,(anonymous_15)
FNDA:0,(anonymous_16)
FNDA:0,(anonymous_17)
FNDA:0,(anonymous_18)
FNDA:0,(anonymous_19)
FNDA:0,(anonymous_20)
FNDA:0,(anonymous_21)
FNDA:0,(anonymous_22)
FNDA:0,(anonymous_23)
FNDA:0,(anonymous_24)
FNDA:0,(anonymous_25)
FNDA:0,(anonymous_26)
FNDA:0,(anonymous_27)
FNDA:0,(anonymous_28)
FNDA:0,(anonymous_29)
FNDA:0,(anonymous_30)
FNDA:0,(anonymous_31)
FNDA:0,(anonymous_32)
DA:39,0
DA:40,0
DA:41,0
DA:49,0
DA:50,0
DA:60,0
DA:61,0
DA:62,0
DA:63,0
DA:64,0
DA:67,0
DA:68,0
DA:69,0
DA:70,0
DA:80,0
DA:81,0
DA:82,0
DA:91,0
DA:92,0
DA:93,0
DA:108,0
DA:117,0
DA:118,0
DA:130,0
DA:131,0
DA:141,0
DA:142,0
DA:152,0
DA:153,0
DA:162,0
DA:171,0
DA:172,0
DA:186,0
DA:199,0
DA:207,0
DA:217,0
DA:227,0
DA:236,0
DA:244,0
DA:257,0
DA:263,0
DA:270,0
DA:277,0
DA:284,0
DA:291,0
DA:303,0
DA:312,0
DA:313,0
DA:314,0
DA:315,0
DA:326,0
DA:337,0
DA:347,0
DA:359,0
DA:369,0
DA:379,0
DA:389,0
DA:397,0
DA:398,0
DA:399,0
DA:400,0
DA:402,0
DA:403,0
DA:404,0
DA:407,0
DA:408,0
DA:409,0
DA:415,0
LF:68
LH:0
BRDA:80,0,0,0
BRDA:80,0,1,0
BRDA:91,1,0,0
BRDA:91,1,1,0
BRDA:140,2,0,0
BRDA:402,3,0,0
BRDA:402,3,1,0
BRDA:407,4,0,0
BRDA:407,4,1,0
BRF:9
BRH:0
end_of_record
TN:
SF:src/components/AvatarManager.js
FN:29,(anonymous_0)
FN:30,(anonymous_1)
FN:42,(anonymous_2)
FN:44,(anonymous_3)
FN:50,(anonymous_4)
FN:83,(anonymous_5)
FN:91,(anonymous_6)
FN:94,(anonymous_7)
FN:97,(anonymous_8)
FNF:9
FNH:0
FNDA:0,(anonymous_0)
FNDA:0,(anonymous_1)
FNDA:0,(anonymous_2)
FNDA:0,(anonymous_3)
FNDA:0,(anonymous_4)
FNDA:0,(anonymous_5)
FNDA:0,(anonymous_6)
FNDA:0,(anonymous_7)
FNDA:0,(anonymous_8)
DA:29,0
DA:30,0
DA:42,0
DA:43,0
DA:44,0
DA:47,0
DA:51,0
DA:83,0
DA:84,0
DA:86,0
DA:88,0
DA:91,0
DA:94,0
DA:97,0
LF:14
LH:0
BRDA:43,0,0,0
BRDA:43,0,1,0
BRDA:59,1,0,0
BRDA:59,1,1,0
BRDA:86,2,0,0
BRDA:86,2,1,0
BRF:6
BRH:0
end_of_record
TN:
SF:src/components/GameWorld.js
FN:25,(anonymous_0)
FN:31,(anonymous_1)
FN:32,(anonymous_2)
FN:60,(anonymous_3)
FN:92,(anonymous_4)
FN:97,(anonymous_5)
FN:103,(anonymous_6)
FN:108,(anonymous_7)
FN:142,(anonymous_8)
FN:147,(anonymous_9)
FN:172,(anonymous_10)
FN:186,(anonymous_11)
FN:191,(anonymous_12)
FN:203,(anonymous_13)
FN:206,(anonymous_14)
FN:230,(anonymous_15)
FN:233,(anonymous_16)
FN:265,(anonymous_17)
FN:268,(anonymous_18)
FN:291,(anonymous_19)
FN:294,(anonymous_20)
FNF:21
FNH:0
FNDA:0,(anonymous_0)
FNDA:0,(anonymous_1)
FNDA:0,(anonymous_2)
FNDA:0,(anonymous_3)
FNDA:0,(anonymous_4)
FNDA:0,(anonymous_5)
FNDA:0,(anonymous_6)
FNDA:0,(anonymous_7)
FNDA:0,(anonymous_8)
FNDA:0,(anonymous_9)
FNDA:0,(anonymous_10)
FNDA:0,(anonymous_11)
FNDA:0,(anonymous_12)
FNDA:0,(anonymous_13)
FNDA:0,(anonymous_14)
FNDA:0,(anonymous_15)
FNDA:0,(anonymous_16)
FNDA:0,(anonymous_17)
FNDA:0,(anonymous_18)
FNDA:0,(anonymous_19)
FNDA:0,(anonymous_20)
DA:25,0
DA:26,0
DA:27,0
DA:28,0
DA:29,0
DA:31,0
DA:32,0
DA:33,0
DA:34,0
DA:37,0
DA:38,0
DA:41,0
DA:42,0
DA:45,0
DA:47,0
DA:48,0
DA:52,0
DA:55,0
DA:56,0
DA:60,0
DA:65,0
DA:66,0
DA:74,0
DA:92,0
DA:93,0
DA:94,0
DA:97,0
DA:98,0
DA:99,0
DA:103,0
DA:105,0
DA:107,0
DA:108,0
DA:109,0
DA:110,0
DA:111,0
DA:118,0
DA:143,0
DA:148,0
DA:172,0
DA:173,0
DA:186,0
DA:187,0
DA:189,0
DA:192,0
DA:203,0
DA:204,0
DA:206,0
DA:207,0
DA:208,0
DA:212,0
DA:230,0
DA:231,0
DA:233,0
DA:234,0
DA:236,0
DA:244,0
DA:265,0
DA:266,0
DA:268,0
DA:269,0
DA:270,0
DA:274,0
DA:291,0
DA:292,0
DA:294,0
DA:295,0
DA:296,0
DA:297,0
DA:299,0
DA:300,0
DA:307,0
DA:308,0
DA:312,0
DA:313,0
DA:321,0
LF:76
LH:0
BRDA:41,0,0,0
BRDA:41,0,1,0
BRDA:55,1,0,0
BRDA:55,1,1,0
BRDA:65,2,0,0
BRDA:65,2,1,0
BRDA:105,3,0,0
BRDA:105,3,1,0
BRDA:107,4,0,0
BRDA:107,4,1,0
BRDA:107,5,0,0
BRDA:107,5,1,0
BRDA:110,6,0,0
BRDA:110,6,1,0
BRDA:139,7,0,0
BRDA:139,7,1,0
BRDA:142,8,0,0
BRDA:142,8,1,0
BRDA:147,9,0,0
BRDA:147,9,1,0
BRDA:152,10,0,0
BRDA:152,10,1,0
BRDA:187,11,0,0
BRDA:187,11,1,0
BRDA:207,12,0,0
BRDA:207,12,1,0
BRDA:207,13,0,0
BRDA:207,13,1,0
BRDA:220,14,0,0
BRDA:220,14,1,0
BRDA:234,15,0,0
BRDA:234,15,1,0
BRDA:234,16,0,0
BRDA:234,16,1,0
BRDA:249,17,0,0
BRDA:249,17,1,0
BRDA:269,18,0,0
BRDA:269,18,1,0
BRDA:269,19,0,0
BRDA:269,19,1,0
BRDA:281,20,0,0
BRDA:281,20,1,0
BRDA:295,21,0,0
BRDA:295,21,1,0
BRDA:295,22,0,0
BRDA:295,22,1,0
BRDA:312,23,0,0
BRDA:312,23,1,0
BRF:48
BRH:0
end_of_record
TN:
SF:src/components/ItemManager.js
FN:33,(anonymous_0)
FN:37,(anonymous_1)
FN:48,(anonymous_2)
FN:53,(anonymous_3)
FN:66,(anonymous_4)
FN:80,(anonymous_5)
FN:92,(anonymous_6)
FN:92,(anonymous_7)
FN:128,(anonymous_8)
FN:143,(anonymous_9)
FN:163,(anonymous_10)
FN:221,(anonymous_11)
FNF:12
FNH:0
FNDA:0,(anonymous_0)
FNDA:0,(anonymous_1)
FNDA:0,(anonymous_2)
FNDA:0,(anonymous_3)
FNDA:0,(anonymous_4)
FNDA:0,(anonymous_5)
FNDA:0,(anonymous_6)
FNDA:0,(anonymous_7)
FNDA:0,(anonymous_8)
FNDA:0,(anonymous_9)
FNDA:0,(anonymous_10)
FNDA:0,(anonymous_11)
DA:33,0
DA:37,0
DA:48,0
DA:49,0
DA:51,0
DA:53,0
DA:54,0
DA:55,0
DA:56,0
DA:66,0
DA:67,0
DA:69,0
DA:70,0
DA:71,0
DA:73,0
DA:74,0
DA:78,0
DA:81,0
DA:92,0
DA:93,0
DA:128,0
DA:135,0
DA:136,0
DA:143,0
DA:144,0
DA:146,0
DA:147,0
DA:148,0
DA:152,0
DA:153,0
DA:163,0
DA:164,0
DA:165,0
DA:169,0
DA:221,0
DA:222,0
DA:239,0
DA:241,0
DA:249,0
DA:257,0
DA:265,0
DA:272,0
DA:280,0
LF:43
LH:0
BRDA:34,0,0,0
BRDA:35,1,0,0
BRDA:49,2,0,0
BRDA:49,2,1,0
BRDA:49,3,0,0
BRDA:49,3,1,0
BRDA:67,4,0,0
BRDA:67,4,1,0
BRDA:73,5,0,0
BRDA:73,5,1,0
BRDA:130,6,0,0
BRDA:132,7,0,0
BRDA:133,8,0,0
BRDA:136,9,0,0
BRDA:136,9,1,0
BRDA:144,10,0,0
BRDA:144,10,1,0
BRDA:146,11,0,0
BRDA:146,11,1,0
BRDA:146,12,0,0
BRDA:146,12,1,0
BRDA:152,13,0,0
BRDA:152,13,1,0
BRDA:152,14,0,0
BRDA:152,14,1,0
BRDA:164,15,0,0
BRDA:164,15,1,0
BRDA:176,16,0,0
BRDA:176,16,1,0
BRDA:180,17,0,0
BRDA:180,17,1,0
BRDA:180,17,2,0
BRDA:184,18,0,0
BRDA:184,18,1,0
BRDA:192,19,0,0
BRDA:192,19,1,0
BRDA:192,19,2,0
BRDA:221,20,0,0
BRDA:225,21,0,0
BRDA:225,21,1,0
BRDA:226,22,0,0
BRDA:226,22,1,0
BRDA:227,23,0,0
BRDA:227,23,1,0
BRDA:228,24,0,0
BRDA:228,24,1,0
BRDA:229,25,0,0
BRDA:229,25,1,0
BRDA:230,26,0,0
BRDA:230,26,1,0
BRDA:232,27,0,0
BRDA:232,27,1,0
BRDA:233,28,0,0
BRDA:233,28,1,0
BRDA:234,29,0,0
BRDA:234,29,1,0
BRDA:235,30,0,0
BRDA:235,30,1,0
BRDA:239,31,0,0
BRDA:239,31,1,0
BRDA:239,31,2,0
BRDA:239,31,3,0
BRDA:239,31,4,0
BRDA:239,31,5,0
BRDA:243,32,0,0
BRDA:243,32,1,0
BRDA:244,33,0,0
BRDA:244,33,1,0
BRDA:245,34,0,0
BRDA:245,34,1,0
BRDA:251,35,0,0
BRDA:251,35,1,0
BRDA:252,36,0,0
BRDA:252,36,1,0
BRDA:253,37,0,0
BRDA:253,37,1,0
BRDA:259,38,0,0
BRDA:259,38,1,0
BRDA:260,39,0,0
BRDA:260,39,1,0
BRDA:261,40,0,0
BRDA:261,40,1,0
BRDA:267,41,0,0
BRDA:267,41,1,0
BRDA:268,42,0,0
BRDA:268,42,1,0
BRDA:274,43,0,0
BRDA:274,43,1,0
BRDA:275,44,0,0
BRDA:275,44,1,0
BRDA:276,45,0,0
BRDA:276,45,1,0
BRF:92
BRH:0
end_of_record
TN:
SF:src/components/WeatherSystem.js
FN:31,(anonymous_0)
FN:32,(anonymous_1)
FN:43,(anonymous_2)
FN:52,(anonymous_3)
FN:64,(anonymous_4)
FN:126,(anonymous_5)
FN:136,(anonymous_6)
FN:154,(anonymous_7)
FN:157,(anonymous_8)
FN:170,(anonymous_9)
FN:176,(anonymous_10)
FN:202,(anonymous_11)
FN:212,(anonymous_12)
FN:231,(anonymous_13)
FN:234,(anonymous_14)
FN:248,(anonymous_15)
FN:254,(anonymous_16)
FN:281,(anonymous_17)
FN:284,(anonymous_18)
FN:308,(anonymous_19)
FN:309,(anonymous_20)
FN:316,(anonymous_21)
FN:321,(anonymous_22)
FN:343,(anonymous_23)
FN:354,(anonymous_24)
FN:371,(anonymous_25)
FN:390,(anonymous_26)
FN:393,(anonymous_27)
FN:406,(anonymous_28)
FN:412,(anonymous_29)
FN:435,(anonymous_30)
FNF:31
FNH:0
FNDA:0,(anonymous_0)
FNDA:0,(anonymous_1)
FNDA:0,(anonymous_2)
FNDA:0,(anonymous_3)
FNDA:0,(anonymous_4)
FNDA:0,(anonymous_5)
FNDA:0,(anonymous_6)
FNDA:0,(anonymous_7)
FNDA:0,(anonymous_8)
FNDA:0,(anonymous_9)
FNDA:0,(anonymous_10)
FNDA:0,(anonymous_11)
FNDA:0,(anonymous_12)
FNDA:0,(anonymous_13)
FNDA:0,(anonymous_14)
FNDA:0,(anonymous_15)
FNDA:0,(anonymous_16)
FNDA:0,(anonymous_17)
FNDA:0,(anonymous_18)
FNDA:0,(anonymous_19)
FNDA:0,(anonymous_20)
FNDA:0,(anonymous_21)
FNDA:0,(anonymous_22)
FNDA:0,(anonymous_23)
FNDA:0,(anonymous_24)
FNDA:0,(anonymous_25)
FNDA:0,(anonymous_26)
FNDA:0,(anonymous_27)
FNDA:0,(anonymous_28)
FNDA:0,(anonymous_29)
FNDA:0,(anonymous_30)
DA:31,0
DA:32,0
DA:43,0
DA:44,0
DA:52,0
DA:54,0
DA:55,0
DA:59,0
DA:60,0
DA:64,0
DA:65,0
DA:68,0
DA:126,0
DA:127,0
DA:128,0
DA:136,0
DA:137,0
DA:138,0
DA:139,0
DA:146,0
DA:154,0
DA:155,0
DA:157,0
DA:158,0
DA:159,0
DA:162,0
DA:163,0
DA:164,0
DA:165,0
DA:170,0
DA:171,0
DA:174,0
DA:177,0
DA:202,0
DA:203,0
DA:204,0
DA:212,0
DA:213,0
DA:214,0
DA:215,0
DA:223,0
DA:231,0
DA:232,0
DA:234,0
DA:235,0
DA:236,0
DA:237,0
DA:240,0
DA:241,0
DA:242,0
DA:243,0
DA:248,0
DA:249,0
DA:252,0
DA:255,0
DA:281,0
DA:282,0
DA:284,0
DA:285,0
DA:286,0
DA:288,0
DA:292,0
DA:308,0
DA:309,0
DA:316,0
DA:318,0
DA:321,0
DA:322,0
DA:323,0
DA:327,0
DA:343,0
DA:344,0
DA:345,0
DA:354,0
DA:355,0
DA:360,0
DA:363,0
DA:371,0
DA:372,0
DA:373,0
DA:374,0
DA:382,0
DA:390,0
DA:391,0
DA:393,0
DA:394,0
DA:395,0
DA:398,0
DA:399,0
DA:400,0
DA:401,0
DA:406,0
DA:407,0
DA:410,0
DA:413,0
DA:435,0
DA:436,0
DA:467,0
LF:98
LH:0
BRDA:31,0,0,0
BRDA:54,1,0,0
BRDA:54,1,1,0
BRDA:59,2,0,0
BRDA:59,2,1,0
BRDA:71,3,0,0
BRDA:71,3,1,0
BRDA:79,4,0,0
BRDA:79,4,1,0
BRDA:87,5,0,0
BRDA:87,5,1,0
BRDA:95,6,0,0
BRDA:95,6,1,0
BRDA:103,7,0,0
BRDA:103,7,1,0
BRDA:126,8,0,0
BRDA:126,9,0,0
BRDA:155,10,0,0
BRDA:155,10,1,0
BRDA:162,11,0,0
BRDA:162,11,1,0
BRDA:202,12,0,0
BRDA:202,13,0,0
BRDA:232,14,0,0
BRDA:232,14,1,0
BRDA:240,15,0,0
BRDA:240,15,1,0
BRDA:281,16,0,0
BRDA:281,17,0,0
BRDA:285,18,0,0
BRDA:285,18,1,0
BRDA:308,19,0,0
BRDA:308,20,0,0
BRDA:322,21,0,0
BRDA:322,21,1,0
BRDA:343,22,0,0
BRDA:343,23,0,0
BRDA:360,24,0,0
BRDA:360,24,1,0
BRDA:391,25,0,0
BRDA:391,25,1,0
BRDA:398,26,0,0
BRDA:398,26,1,0
BRDA:467,27,0,0
BRDA:467,27,1,0
BRF:45
BRH:0
end_of_record
TN:
SF:src/components/WorldTerrain.js
FN:33,(anonymous_0)
FN:38,(anonymous_1)
FN:46,(anonymous_2)
FN:90,(anonymous_3)
FN:130,(anonymous_4)
FN:146,(anonymous_5)
FN:162,(anonymous_6)
FN:178,(anonymous_7)
FNF:8
FNH:0
FNDA:0,(anonymous_0)
FNDA:0,(anonymous_1)
FNDA:0,(anonymous_2)
FNDA:0,(anonymous_3)
FNDA:0,(anonymous_4)
FNDA:0,(anonymous_5)
FNDA:0,(anonymous_6)
FNDA:0,(anonymous_7)
DA:33,0
DA:37,0
DA:38,0
DA:46,0
DA:47,0
DA:82,0
DA:90,0
DA:91,0
DA:92,0
DA:96,0
DA:130,0
DA:131,0
DA:146,0
DA:147,0
DA:162,0
DA:163,0
DA:178,0
DA:179,0
LF:18
LH:0
BRDA:34,0,0,0
BRDA:35,1,0,0
BRDA:82,2,0,0
BRDA:82,2,1,0
BRDA:91,3,0,0
BRDA:91,3,1,0
BRDA:116,4,0,0
BRDA:116,4,1,0
BRDA:117,5,0,0
BRDA:117,5,1,0
BRDA:118,6,0,0
BRDA:118,6,1,0
BRDA:119,7,0,0
BRDA:119,7,1,0
BRF:14
BRH:0
end_of_record
TN:
SF:src/components/Auth/LoginPanel.js
FN:33,(anonymous_0)
FN:62,(anonymous_1)
FN:92,(anonymous_2)
FN:103,(anonymous_3)
FN:112,(anonymous_4)
FN:126,(anonymous_5)
FN:203,(anonymous_6)
FN:280,(anonymous_7)
FN:305,(anonymous_8)
FN:308,(anonymous_9)
FN:312,(anonymous_10)
FN:316,(anonymous_11)
FN:320,(anonymous_12)
FN:339,(anonymous_13)
FN:350,(anonymous_14)
FN:358,(anonymous_15)
FN:401,(anonymous_16)
FN:451,(anonymous_17)
FN:470,(anonymous_18)
FN:490,(anonymous_19)
FN:500,(anonymous_20)
FN:518,(anonymous_21)
FN:545,(anonymous_22)
FN:614,(anonymous_23)
FN:619,(anonymous_24)
FNF:25
FNH:0
FNDA:0,(anonymous_0)
FNDA:0,(anonymous_1)
FNDA:0,(anonymous_2)
FNDA:0,(anonymous_3)
FNDA:0,(anonymous_4)
FNDA:0,(anonymous_5)
FNDA:0,(anonymous_6)
FNDA:0,(anonymous_7)
FNDA:0,(anonymous_8)
FNDA:0,(anonymous_9)
FNDA:0,(anonymous_10)
FNDA:0,(anonymous_11)
FNDA:0,(anonymous_12)
FNDA:0,(anonymous_13)
FNDA:0,(anonymous_14)
FNDA:0,(anonymous_15)
FNDA:0,(anonymous_16)
FNDA:0,(anonymous_17)
FNDA:0,(anonymous_18)
FNDA:0,(anonymous_19)
FNDA:0,(anonymous_20)
FNDA:0,(anonymous_21)
FNDA:0,(anonymous_22)
FNDA:0,(anonymous_23)
FNDA:0,(anonymous_24)
DA:33,0
DA:39,0
DA:40,0
DA:41,0
DA:42,0
DA:43,0
DA:44,0
DA:45,0
DA:46,0
DA:47,0
DA:48,0
DA:50,0
DA:51,0
DA:52,0
DA:54,0
DA:55,0
DA:58,0
DA:59,0
DA:60,0
DA:62,0
DA:64,0
DA:65,0
DA:69,0
DA:70,0
DA:71,0
DA:72,0
DA:73,0
DA:74,0
DA:75,0
DA:78,0
DA:83,0
DA:84,0
DA:88,0
DA:89,0
DA:92,0
DA:94,0
DA:95,0
DA:103,0
DA:106,0
DA:112,0
DA:114,0
DA:117,0
DA:126,0
DA:127,0
DA:128,0
DA:129,0
DA:131,0
DA:133,0
DA:134,0
DA:138,0
DA:152,0
DA:154,0
DA:156,0
DA:157,0
DA:162,0
DA:166,0
DA:167,0
DA:171,0
DA:172,0
DA:173,0
DA:176,0
DA:179,0
DA:183,0
DA:184,0
DA:186,0
DA:187,0
DA:191,0
DA:192,0
DA:195,0
DA:203,0
DA:205,0
DA:206,0
DA:207,0
DA:208,0
DA:211,0
DA:212,0
DA:213,0
DA:214,0
DA:217,0
DA:218,0
DA:219,0
DA:220,0
DA:224,0
DA:225,0
DA:226,0
DA:227,0
DA:230,0
DA:231,0
DA:232,0
DA:233,0
DA:237,0
DA:239,0
DA:240,0
DA:241,0
DA:242,0
DA:245,0
DA:246,0
DA:247,0
DA:248,0
DA:249,0
DA:253,0
DA:254,0
DA:255,0
DA:256,0
DA:260,0
DA:261,0
DA:262,0
DA:267,0
DA:268,0
DA:269,0
DA:272,0
DA:280,0
DA:282,0
DA:285,0
DA:287,0
DA:288,0
DA:294,0
DA:305,0
DA:306,0
DA:308,0
DA:309,0
DA:312,0
DA:313,0
DA:316,0
DA:317,0
DA:320,0
DA:321,0
DA:325,0
DA:331,0
DA:332,0
DA:339,0
DA:340,0
DA:341,0
DA:342,0
DA:343,0
DA:344,0
DA:350,0
DA:352,0
DA:358,0
DA:359,0
DA:360,0
DA:361,0
DA:364,0
DA:365,0
DA:367,0
DA:368,0
DA:374,0
DA:376,0
DA:377,0
DA:378,0
DA:380,0
DA:381,0
DA:382,0
DA:384,0
DA:388,0
DA:389,0
DA:390,0
DA:393,0
DA:401,0
DA:402,0
DA:403,0
DA:404,0
DA:407,0
DA:408,0
DA:410,0
DA:412,0
DA:414,0
DA:416,0
DA:420,0
DA:451,0
DA:470,0
DA:490,0
DA:500,0
DA:518,0
DA:545,0
DA:615,0
DA:619,0
LF:177
LH:0
BRDA:36,0,0,0
BRDA:37,1,0,0
BRDA:64,2,0,0
BRDA:64,2,1,0
BRDA:70,3,0,0
BRDA:70,3,1,0
BRDA:70,4,0,0
BRDA:70,4,1,0
BRDA:73,5,0,0
BRDA:73,5,1,0
BRDA:83,6,0,0
BRDA:83,6,1,0
BRDA:88,7,0,0
BRDA:88,7,1,0
BRDA:94,8,0,0
BRDA:94,8,1,0
BRDA:117,9,0,0
BRDA:117,9,1,0
BRDA:133,10,0,0
BRDA:133,10,1,0
BRDA:141,11,0,0
BRDA:141,11,1,0
BRDA:142,12,0,0
BRDA:142,12,1,0
BRDA:154,13,0,0
BRDA:154,13,1,0
BRDA:156,14,0,0
BRDA:156,14,1,0
BRDA:156,15,0,0
BRDA:156,15,1,0
BRDA:166,16,0,0
BRDA:166,16,1,0
BRDA:179,17,0,0
BRDA:179,17,1,0
BRDA:184,18,0,0
BRDA:184,18,1,0
BRDA:186,19,0,0
BRDA:186,19,1,0
BRDA:191,20,0,0
BRDA:191,20,1,0
BRDA:205,21,0,0
BRDA:205,21,1,0
BRDA:211,22,0,0
BRDA:211,22,1,0
BRDA:217,23,0,0
BRDA:217,23,1,0
BRDA:224,24,0,0
BRDA:224,24,1,0
BRDA:230,25,0,0
BRDA:230,25,1,0
BRDA:237,26,0,0
BRDA:237,26,1,0
BRDA:239,27,0,0
BRDA:239,27,1,0
BRDA:246,28,0,0
BRDA:246,28,1,0
BRDA:253,29,0,0
BRDA:253,29,1,0
BRDA:260,30,0,0
BRDA:260,30,1,0
BRDA:260,31,0,0
BRDA:260,31,1,0
BRDA:267,32,0,0
BRDA:267,32,1,0
BRDA:267,33,0,0
BRDA:267,33,1,0
BRDA:287,34,0,0
BRDA:287,34,1,0
BRDA:296,35,0,0
BRDA:296,35,1,0
BRDA:327,36,0,0
BRDA:327,36,1,0
BRDA:359,37,0,0
BRDA:359,37,1,0
BRDA:376,38,0,0
BRDA:376,38,1,0
BRDA:377,39,0,0
BRDA:377,39,1,0
BRDA:389,40,0,0
BRDA:389,40,1,0
BRDA:402,41,0,0
BRDA:402,41,1,0
BRDA:422,42,0,0
BRDA:422,42,1,0
BRDA:428,43,0,0
BRDA:428,43,1,0
BRDA:431,44,0,0
BRDA:431,44,1,0
BRDA:436,45,0,0
BRDA:436,45,1,0
BRDA:460,46,0,0
BRDA:460,46,1,0
BRDA:488,47,0,0
BRDA:488,47,1,0
BRDA:494,48,0,0
BRDA:494,48,1,0
BRDA:504,49,0,0
BRDA:504,49,1,0
BRDA:509,50,0,0
BRDA:509,50,1,0
BRDA:528,51,0,0
BRDA:528,51,1,0
BRDA:539,52,0,0
BRDA:539,52,1,0
BRDA:539,52,2,0
BRDA:562,53,0,0
BRDA:562,53,1,0
BRDA:565,54,0,0
BRDA:565,54,1,0
BRDA:578,55,0,0
BRDA:578,55,1,0
BRDA:581,56,0,0
BRDA:581,56,1,0
BRDA:594,57,0,0
BRDA:594,57,1,0
BRDA:608,58,0,0
BRDA:608,58,1,0
BRDA:608,58,2,0
BRDA:623,59,0,0
BRDA:623,59,1,0
BRDA:632,60,0,0
BRDA:632,60,1,0
BRF:122
BRH:0
end_of_record
TN:
SF:src/components/UI/ChatSystem.js
FN:24,(anonymous_0)
FN:31,(anonymous_1)
FN:35,(anonymous_2)
FN:39,(anonymous_3)
FN:47,(anonymous_4)
FN:53,(anonymous_5)
FN:57,(anonymous_6)
FN:90,(anonymous_7)
FN:122,(anonymous_8)
FNF:9
FNH:0
FNDA:0,(anonymous_0)
FNDA:0,(anonymous_1)
FNDA:0,(anonymous_2)
FNDA:0,(anonymous_3)
FNDA:0,(anonymous_4)
FNDA:0,(anonymous_5)
FNDA:0,(anonymous_6)
FNDA:0,(anonymous_7)
FNDA:0,(anonymous_8)
DA:24,0
DA:25,0
DA:26,0
DA:27,0
DA:28,0
DA:29,0
DA:31,0
DA:32,0
DA:35,0
DA:36,0
DA:39,0
DA:40,0
DA:41,0
DA:42,0
DA:43,0
DA:47,0
DA:48,0
DA:49,0
DA:53,0
DA:54,0
DA:57,0
DA:58,0
DA:59,0
DA:68,0
DA:90,0
DA:122,0
LF:26
LH:0
BRDA:25,0,0,0
BRDA:41,1,0,0
BRDA:41,1,1,0
BRDA:41,2,0,0
BRDA:41,2,1,0
BRDA:48,3,0,0
BRDA:48,3,1,0
BRDA:48,4,0,0
BRDA:48,4,1,0
BRDA:74,5,0,0
BRDA:74,5,1,0
BRDA:77,6,0,0
BRDA:77,6,1,0
BRDA:83,7,0,0
BRDA:83,7,1,0
BRDA:108,8,0,0
BRDA:108,8,1,0
BRDA:131,9,0,0
BRDA:131,9,1,0
BRF:19
BRH:0
end_of_record
TN:
SF:src/components/UI/ErrorBoundary.js
FN:18,(anonymous_0)
FN:23,(anonymous_1)
FN:28,(anonymous_2)
FN:43,(anonymous_3)
FN:60,(anonymous_4)
FNF:5
FNH:0
FNDA:0,(anonymous_0)
FNDA:0,(anonymous_1)
FNDA:0,(anonymous_2)
FNDA:0,(anonymous_3)
FNDA:0,(anonymous_4)
DA:19,0
DA:20,0
DA:25,0
DA:30,0
DA:32,0
DA:44,0
DA:45,0
DA:60,0
DA:70,0
LF:9
LH:0
BRDA:44,0,0,0
BRDA:44,0,1,0
BRDA:51,1,0,0
BRDA:51,1,1,0
BRDA:51,1,2,0
BRF:5
BRH:0
end_of_record
TN:
SF:src/components/UI/GameHUD.js
FN:34,(anonymous_0)
FN:35,(anonymous_1)
FN:49,(anonymous_2)
FN:68,(anonymous_3)
FN:70,(anonymous_4)
FN:79,(anonymous_5)
FN:92,(anonymous_6)
FN:100,(anonymous_7)
FN:108,(anonymous_8)
FN:116,(anonymous_9)
FN:131,(anonymous_10)
FN:136,(anonymous_11)
FN:141,(anonymous_12)
FN:146,(anonymous_13)
FN:168,(anonymous_14)
FN:169,(anonymous_15)
FN:177,(anonymous_16)
FN:200,(anonymous_17)
FN:208,(anonymous_18)
FN:216,(anonymous_19)
FN:224,(anonymous_20)
FN:243,(anonymous_21)
FN:244,(anonymous_22)
FN:276,(anonymous_23)
FN:277,(anonymous_24)
FN:285,(anonymous_25)
FN:291,(anonymous_26)
FN:302,(anonymous_27)
FNF:28
FNH:0
FNDA:0,(anonymous_0)
FNDA:0,(anonymous_1)
FNDA:0,(anonymous_2)
FNDA:0,(anonymous_3)
FNDA:0,(anonymous_4)
FNDA:0,(anonymous_5)
FNDA:0,(anonymous_6)
FNDA:0,(anonymous_7)
FNDA:0,(anonymous_8)
FNDA:0,(anonymous_9)
FNDA:0,(anonymous_10)
FNDA:0,(anonymous_11)
FNDA:0,(anonymous_12)
FNDA:0,(anonymous_13)
FNDA:0,(anonymous_14)
FNDA:0,(anonymous_15)
FNDA:0,(anonymous_16)
FNDA:0,(anonymous_17)
FNDA:0,(anonymous_18)
FNDA:0,(anonymous_19)
FNDA:0,(anonymous_20)
FNDA:0,(anonymous_21)
FNDA:0,(anonymous_22)
FNDA:0,(anonymous_23)
FNDA:0,(anonymous_24)
FNDA:0,(anonymous_25)
FNDA:0,(anonymous_26)
FNDA:0,(anonymous_27)
DA:34,0
DA:35,0
DA:41,0
DA:49,0
DA:50,0
DA:52,0
DA:53,0
DA:55,0
DA:56,0
DA:58,0
DA:59,0
DA:61,0
DA:62,0
DA:64,0
DA:68,0
DA:69,0
DA:70,0
DA:79,0
DA:80,0
DA:83,0
DA:92,0
DA:100,0
DA:108,0
DA:116,0
DA:131,0
DA:136,0
DA:141,0
DA:146,0
DA:168,0
DA:169,0
DA:177,0
DA:178,0
DA:180,0
DA:181,0
DA:183,0
DA:184,0
DA:186,0
DA:187,0
DA:189,0
DA:190,0
DA:192,0
DA:196,0
DA:200,0
DA:208,0
DA:216,0
DA:224,0
DA:243,0
DA:244,0
DA:251,0
DA:276,0
DA:277,0
DA:285,0
DA:286,0
DA:289,0
DA:292,0
DA:302,0
LF:56
LH:0
BRDA:34,0,0,0
BRDA:50,1,0,0
BRDA:50,1,1,0
BRDA:50,1,2,0
BRDA:50,1,3,0
BRDA:50,1,4,0
BRDA:52,2,0,0
BRDA:52,2,1,0
BRDA:55,3,0,0
BRDA:55,3,1,0
BRDA:58,4,0,0
BRDA:58,4,1,0
BRDA:80,5,0,0
BRDA:80,5,1,0
BRDA:91,6,0,0
BRDA:91,6,1,0
BRDA:92,7,0,0
BRDA:92,7,1,0
BRDA:99,8,0,0
BRDA:99,8,1,0
BRDA:100,9,0,0
BRDA:100,9,1,0
BRDA:107,10,0,0
BRDA:107,10,1,0
BRDA:108,11,0,0
BRDA:108,11,1,0
BRDA:115,12,0,0
BRDA:115,12,1,0
BRDA:116,13,0,0
BRDA:116,13,1,0
BRDA:130,14,0,0
BRDA:130,14,1,0
BRDA:135,15,0,0
BRDA:135,15,1,0
BRDA:140,16,0,0
BRDA:140,16,1,0
BRDA:145,17,0,0
BRDA:145,17,1,0
BRDA:150,18,0,0
BRDA:150,18,1,0
BRDA:178,19,0,0
BRDA:178,19,1,0
BRDA:178,19,2,0
BRDA:178,19,3,0
BRDA:178,19,4,0
BRF:45
BRH:0
end_of_record
TN:
SF:src/components/UI/InventoryPanel.js
FN:24,(anonymous_0)
FN:30,(anonymous_1)
FN:37,(anonymous_2)
FN:41,(anonymous_3)
FN:48,(anonymous_4)
FN:55,(anonymous_5)
FN:62,(anonymous_6)
FN:67,(anonymous_7)
FN:77,(anonymous_8)
FN:110,(anonymous_9)
FN:136,(anonymous_10)
FN:140,(anonymous_11)
FN:174,(anonymous_12)
FNF:13
FNH:0
FNDA:0,(anonymous_0)
FNDA:0,(anonymous_1)
FNDA:0,(anonymous_2)
FNDA:0,(anonymous_3)
FNDA:0,(anonymous_4)
FNDA:0,(anonymous_5)
FNDA:0,(anonymous_6)
FNDA:0,(anonymous_7)
FNDA:0,(anonymous_8)
FNDA:0,(anonymous_9)
FNDA:0,(anonymous_10)
FNDA:0,(anonymous_11)
FNDA:0,(anonymous_12)
DA:24,0
DA:25,0
DA:26,0
DA:27,0
DA:28,0
DA:30,0
DA:31,0
DA:32,0
DA:33,0
DA:37,0
DA:38,0
DA:41,0
DA:42,0
DA:43,0
DA:44,0
DA:48,0
DA:49,0
DA:50,0
DA:51,0
DA:55,0
DA:56,0
DA:57,0
DA:58,0
DA:62,0
DA:63,0
DA:64,0
DA:67,0
DA:68,0
DA:74,0
DA:77,0
DA:78,0
DA:85,0
DA:88,0
DA:110,0
DA:137,0
DA:140,0
DA:175,0
LF:37
LH:0
BRDA:25,0,0,0
BRDA:32,1,0,0
BRDA:32,1,1,0
BRDA:42,2,0,0
BRDA:42,2,1,0
BRDA:42,3,0,0
BRDA:42,3,1,0
BRDA:42,3,2,0
BRDA:49,4,0,0
BRDA:49,4,1,0
BRDA:49,5,0,0
BRDA:49,5,1,0
BRDA:56,6,0,0
BRDA:56,6,1,0
BRDA:63,7,0,0
BRDA:63,7,1,0
BRDA:74,8,0,0
BRDA:74,8,1,0
BRDA:85,9,0,0
BRDA:85,9,1,0
BRDA:94,10,0,0
BRDA:94,10,1,0
BRDA:97,11,0,0
BRDA:97,11,1,0
BRDA:103,12,0,0
BRDA:103,12,1,0
BRDA:131,13,0,0
BRDA:131,13,1,0
BRDA:139,14,0,0
BRDA:139,14,1,0
BRDA:145,15,0,0
BRDA:145,15,1,0
BRDA:153,16,0,0
BRDA:153,16,1,0
BRDA:172,17,0,0
BRDA:172,17,1,0
BRDA:184,18,0,0
BRDA:184,18,1,0
BRDA:184,18,2,0
BRDA:193,19,0,0
BRDA:193,19,1,0
BRF:41
BRH:0
end_of_record
TN:
SF:src/components/UI/LoadingScreen.js
FN:19,(anonymous_0)
FNF:1
FNH:0
FNDA:0,(anonymous_0)
DA:19,0
DA:20,0
LF:2
LH:0
BRF:0
BRH:0
end_of_record
TN:
SF:src/components/UI/LoginScreen.js
FN:21,(anonymous_0)
FN:31,(anonymous_1)
FN:45,(anonymous_2)
FN:47,(anonymous_3)
FN:53,(anonymous_4)
FNF:5
FNH:0
FNDA:0,(anonymous_0)
FNDA:0,(anonymous_1)
FNDA:0,(anonymous_2)
FNDA:0,(anonymous_3)
FNDA:0,(anonymous_4)
DA:21,0
DA:22,0
DA:23,0
DA:28,0
DA:29,0
DA:31,0
DA:32,0
DA:33,0
DA:34,0
DA:36,0
DA:37,0
DA:39,0
DA:41,0
DA:45,0
DA:46,0
DA:47,0
DA:53,0
DA:54,0
DA:55,0
DA:58,0
LF:20
LH:0
BRDA:39,0,0,0
BRDA:39,0,1,0
BRDA:67,1,0,0
BRDA:67,1,1,0
BRDA:82,2,0,0
BRDA:82,2,1,0
BRDA:115,3,0,0
BRDA:115,3,1,0
BRDA:115,4,0,0
BRDA:115,4,1,0
BRDA:126,5,0,0
BRDA:126,5,1,0
BRF:12
BRH:0
end_of_record
TN:
SF:src/components/UI/MapSystem.js
FN:24,(anonymous_0)
FN:32,(anonymous_1)
FN:40,(anonymous_2)
FN:41,(anonymous_3)
FN:44,(anonymous_4)
FN:45,(anonymous_5)
FN:48,(anonymous_6)
FN:62,(anonymous_7)
FN:66,(anonymous_8)
FN:84,(anonymous_9)
FN:87,(anonymous_10)
FN:96,(anonymous_11)
FN:104,(anonymous_12)
FN:109,(anonymous_13)
FN:186,(anonymous_14)
FN:234,(anonymous_15)
FNF:16
FNH:0
FNDA:0,(anonymous_0)
FNDA:0,(anonymous_1)
FNDA:0,(anonymous_2)
FNDA:0,(anonymous_3)
FNDA:0,(anonymous_4)
FNDA:0,(anonymous_5)
FNDA:0,(anonymous_6)
FNDA:0,(anonymous_7)
FNDA:0,(anonymous_8)
FNDA:0,(anonymous_9)
FNDA:0,(anonymous_10)
FNDA:0,(anonymous_11)
FNDA:0,(anonymous_12)
FNDA:0,(anonymous_13)
FNDA:0,(anonymous_14)
FNDA:0,(anonymous_15)
DA:24,0
DA:25,0
DA:26,0
DA:27,0
DA:28,0
DA:29,0
DA:30,0
DA:32,0
DA:33,0
DA:34,0
DA:36,0
DA:40,0
DA:41,0
DA:44,0
DA:45,0
DA:48,0
DA:49,0
DA:51,0
DA:52,0
DA:53,0
DA:56,0
DA:57,0
DA:59,0
DA:62,0
DA:63,0
DA:66,0
DA:67,0
DA:69,0
DA:84,0
DA:85,0
DA:87,0
DA:88,0
DA:96,0
DA:104,0
DA:105,0
DA:107,0
DA:110,0
DA:126,0
DA:187,0
DA:234,0
LF:40
LH:0
BRDA:34,0,0,0
BRDA:34,0,1,0
BRDA:34,1,0,0
BRDA:34,1,1,0
BRDA:36,2,0,0
BRDA:36,2,1,0
BRDA:36,3,0,0
BRDA:36,3,1,0
BRDA:49,4,0,0
BRDA:49,4,1,0
BRDA:67,5,0,0
BRDA:67,5,1,0
BRDA:73,6,0,0
BRDA:73,6,1,0
BRDA:74,7,0,0
BRDA:74,7,1,0
BRDA:77,8,0,0
BRDA:77,8,1,0
BRDA:85,9,0,0
BRDA:85,9,1,0
BRDA:99,10,0,0
BRDA:99,10,1,0
BRDA:105,11,0,0
BRDA:105,11,1,0
BRDA:132,12,0,0
BRDA:132,12,1,0
BRDA:138,13,0,0
BRDA:138,13,1,0
BRDA:227,14,0,0
BRDA:227,14,1,0
BRDA:230,15,0,0
BRDA:230,15,1,0
BRDA:240,16,0,0
BRDA:240,16,1,0
BRF:34
BRH:0
end_of_record
TN:
SF:src/components/UI/PlayerStats.js
FN:24,(anonymous_0)
FNF:1
FNH:0
FNDA:0,(anonymous_0)
DA:24,0
DA:25,0
DA:27,0
DA:28,0
DA:39,0
DA:41,0
DA:42,0
DA:44,0
LF:8
LH:0
BRDA:27,0,0,0
BRDA:27,0,1,0
BRDA:32,1,0,0
BRDA:33,2,0,0
BRDA:34,3,0,0
BRDA:35,4,0,0
BRDA:36,5,0,0
BRDA:37,6,0,0
BRDA:38,7,0,0
BRF:9
BRH:0
end_of_record
TN:
SF:src/components/UI/SettingsPanel.js
FN:24,(anonymous_0)
FN:29,(anonymous_1)
FN:33,(anonymous_2)
FN:37,(anonymous_3)
FN:52,(anonymous_4)
FN:59,(anonymous_5)
FN:72,(anonymous_6)
FN:86,(anonymous_7)
FN:100,(anonymous_8)
FN:111,(anonymous_9)
FN:119,(anonymous_10)
FN:129,(anonymous_11)
FN:141,(anonymous_12)
FN:153,(anonymous_13)
FN:163,(anonymous_14)
FN:171,(anonymous_15)
FN:182,(anonymous_16)
FN:192,(anonymous_17)
FN:201,(anonymous_18)
FN:210,(anonymous_19)
FN:216,(anonymous_20)
FN:223,(anonymous_21)
FN:236,(anonymous_22)
FN:245,(anonymous_23)
FN:256,(anonymous_24)
FN:263,(anonymous_25)
FN:271,(anonymous_26)
FN:280,(anonymous_27)
FN:289,(anonymous_28)
FN:298,(anonymous_29)
FN:306,(anonymous_30)
FN:317,(anonymous_31)
FN:370,(anonymous_32)
FN:374,(anonymous_33)
FNF:34
FNH:0
FNDA:0,(anonymous_0)
FNDA:0,(anonymous_1)
FNDA:0,(anonymous_2)
FNDA:0,(anonymous_3)
FNDA:0,(anonymous_4)
FNDA:0,(anonymous_5)
FNDA:0,(anonymous_6)
FNDA:0,(anonymous_7)
FNDA:0,(anonymous_8)
FNDA:0,(anonymous_9)
FNDA:0,(anonymous_10)
FNDA:0,(anonymous_11)
FNDA:0,(anonymous_12)
FNDA:0,(anonymous_13)
FNDA:0,(anonymous_14)
FNDA:0,(anonymous_15)
FNDA:0,(anonymous_16)
FNDA:0,(anonymous_17)
FNDA:0,(anonymous_18)
FNDA:0,(anonymous_19)
FNDA:0,(anonymous_20)
FNDA:0,(anonymous_21)
FNDA:0,(anonymous_22)
FNDA:0,(anonymous_23)
FNDA:0,(anonymous_24)
FNDA:0,(anonymous_25)
FNDA:0,(anonymous_26)
FNDA:0,(anonymous_27)
FNDA:0,(anonymous_28)
FNDA:0,(anonymous_29)
FNDA:0,(anonymous_30)
FNDA:0,(anonymous_31)
FNDA:0,(anonymous_32)
FNDA:0,(anonymous_33)
DA:24,0
DA:25,0
DA:26,0
DA:27,0
DA:29,0
DA:30,0
DA:33,0
DA:34,0
DA:37,0
DA:38,0
DA:40,0
DA:44,0
DA:52,0
DA:53,0
DA:59,0
DA:72,0
DA:86,0
DA:100,0
DA:111,0
DA:119,0
DA:120,0
DA:129,0
DA:141,0
DA:153,0
DA:163,0
DA:171,0
DA:172,0
DA:182,0
DA:192,0
DA:201,0
DA:210,0
DA:216,0
DA:217,0
DA:223,0
DA:236,0
DA:245,0
DA:256,0
DA:263,0
DA:264,0
DA:271,0
DA:280,0
DA:289,0
DA:298,0
DA:306,0
DA:317,0
DA:318,0
DA:320,0
DA:322,0
DA:324,0
DA:326,0
DA:328,0
DA:330,0
DA:334,0
DA:371,0
DA:374,0
LF:55
LH:0
BRDA:38,0,0,0
BRDA:38,0,1,0
BRDA:58,1,0,0
BRDA:58,1,1,0
BRDA:71,2,0,0
BRDA:71,2,1,0
BRDA:85,3,0,0
BRDA:85,3,1,0
BRDA:99,4,0,0
BRDA:99,4,1,0
BRDA:110,5,0,0
BRDA:110,5,1,0
BRDA:128,6,0,0
BRDA:128,6,1,0
BRDA:131,7,0,0
BRDA:131,7,1,0
BRDA:140,8,0,0
BRDA:140,8,1,0
BRDA:143,9,0,0
BRDA:143,9,1,0
BRDA:152,10,0,0
BRDA:152,10,1,0
BRDA:155,11,0,0
BRDA:155,11,1,0
BRDA:162,12,0,0
BRDA:162,12,1,0
BRDA:181,13,0,0
BRDA:181,13,1,0
BRDA:184,14,0,0
BRDA:184,14,1,0
BRDA:191,15,0,0
BRDA:191,15,1,0
BRDA:200,16,0,0
BRDA:200,16,1,0
BRDA:209,17,0,0
BRDA:209,17,1,0
BRDA:222,18,0,0
BRDA:222,18,1,0
BRDA:235,19,0,0
BRDA:235,19,1,0
BRDA:244,20,0,0
BRDA:244,20,1,0
BRDA:255,21,0,0
BRDA:255,21,1,0
BRDA:258,22,0,0
BRDA:258,22,1,0
BRDA:270,23,0,0
BRDA:270,23,1,0
BRDA:279,24,0,0
BRDA:279,24,1,0
BRDA:288,25,0,0
BRDA:288,25,1,0
BRDA:297,26,0,0
BRDA:297,26,1,0
BRDA:305,27,0,0
BRDA:305,27,1,0
BRDA:318,28,0,0
BRDA:318,28,1,0
BRDA:318,28,2,0
BRDA:318,28,3,0
BRDA:318,28,4,0
BRDA:318,28,5,0
BRDA:340,29,0,0
BRDA:340,29,1,0
BRDA:346,30,0,0
BRDA:346,30,1,0
BRDA:373,31,0,0
BRDA:373,31,1,0
BRF:68
BRH:0
end_of_record
TN:
SF:src/constants/UIText.js
FN:113,(anonymous_0)
FN:133,(anonymous_1)
FN:141,(anonymous_2)
FN:149,(anonymous_3)
FNF:4
FNH:0
FNDA:0,(anonymous_0)
FNDA:0,(anonymous_1)
FNDA:0,(anonymous_2)
FNDA:0,(anonymous_3)
DA:19,0
DA:113,0
DA:114,0
DA:115,0
DA:116,0
DA:119,0
DA:120,0
DA:121,0
DA:124,0
DA:133,0
DA:141,0
DA:149,0
LF:12
LH:0
BRDA:114,0,0,0
BRDA:114,0,1,0
BRDA:119,1,0,0
BRDA:119,1,1,0
BRF:4
BRH:0
end_of_record
TN:
SF:src/services/CommunicationService.js
FN:14,(anonymous_0)
FN:31,(anonymous_1)
FN:42,(anonymous_2)
FN:49,(anonymous_3)
FN:56,(anonymous_4)
FN:60,(anonymous_5)
FN:66,(anonymous_6)
FN:72,(anonymous_7)
FN:86,(anonymous_8)
FN:98,(anonymous_9)
FN:106,(anonymous_10)
FN:131,(anonymous_11)
FN:156,(anonymous_12)
FN:170,(anonymous_13)
FN:177,(anonymous_14)
FN:189,(anonymous_15)
FN:200,(anonymous_16)
FN:211,(anonymous_17)
FN:212,(anonymous_18)
FN:225,(anonymous_19)
FN:226,(anonymous_20)
FN:239,(anonymous_21)
FN:240,(anonymous_22)
FN:252,(anonymous_23)
FN:262,(anonymous_24)
FN:288,(anonymous_25)
FNF:26
FNH:12
FNDA:14,(anonymous_0)
FNDA:8,(anonymous_1)
FNDA:8,(anonymous_2)
FNDA:7,(anonymous_3)
FNDA:0,(anonymous_4)
FNDA:1,(anonymous_5)
FNDA:0,(anonymous_6)
FNDA:0,(anonymous_7)
FNDA:3,(anonymous_8)
FNDA:8,(anonymous_9)
FNDA:0,(anonymous_10)
FNDA:0,(anonymous_11)
FNDA:0,(anonymous_12)
FNDA:1,(anonymous_13)
FNDA:0,(anonymous_14)
FNDA:1,(anonymous_15)
FNDA:1,(anonymous_16)
FNDA:0,(anonymous_17)
FNDA:0,(anonymous_18)
FNDA:1,(anonymous_19)
FNDA:0,(anonymous_20)
FNDA:0,(anonymous_21)
FNDA:0,(anonymous_22)
FNDA:7,(anonymous_23)
FNDA:0,(anonymous_24)
FNDA:0,(anonymous_25)
DA:15,14
DA:16,14
DA:17,14
DA:18,14
DA:19,14
DA:20,14
DA:21,14
DA:22,14
DA:23,14
DA:32,8
DA:33,0
DA:36,8
DA:37,0
DA:40,8
DA:42,8
DA:43,8
DA:44,8
DA:45,8
DA:47,8
DA:49,8
DA:50,7
DA:51,7
DA:52,7
DA:53,7
DA:56,8
DA:57,0
DA:60,8
DA:61,1
DA:62,1
DA:63,1
DA:66,8
DA:67,0
DA:68,0
DA:71,0
DA:72,0
DA:77,0
DA:78,0
DA:87,3
DA:88,3
DA:89,3
DA:91,3
DA:99,8
DA:107,0
DA:108,0
DA:111,0
DA:113,0
DA:114,0
DA:117,0
DA:119,0
DA:120,0
DA:122,0
DA:133,0
DA:134,0
DA:141,0
DA:142,0
DA:146,0
DA:157,0
DA:158,0
DA:159,0
DA:161,0
DA:171,1
DA:172,0
DA:175,1
DA:177,1
DA:178,0
DA:179,0
DA:180,0
DA:190,1
DA:191,0
DA:193,1
DA:201,1
DA:202,0
DA:204,1
DA:212,0
DA:213,0
DA:214,0
DA:216,0
DA:226,1
DA:227,0
DA:228,0
DA:230,0
DA:240,0
DA:241,0
DA:242,0
DA:244,0
DA:253,7
DA:254,0
DA:255,0
DA:263,0
DA:264,0
DA:265,0
DA:268,0
DA:269,0
DA:271,0
DA:273,0
DA:274,0
DA:276,0
DA:278,0
DA:280,0
DA:289,0
LF:100
LH:42
BRDA:32,0,0,0
BRDA:32,0,1,8
BRDA:36,1,0,0
BRDA:36,1,1,8
BRDA:44,2,0,0
BRDA:44,2,1,8
BRDA:71,3,0,0
BRDA:71,3,1,0
BRDA:71,4,0,0
BRDA:71,4,1,0
BRDA:87,5,0,3
BRDA:87,5,1,0
BRDA:99,6,0,8
BRDA:99,6,1,0
BRDA:107,7,0,0
BRDA:107,7,1,0
BRDA:111,8,0,0
BRDA:111,8,1,0
BRDA:133,9,0,0
BRDA:133,9,1,0
BRDA:133,10,0,0
BRDA:133,10,1,0
BRDA:141,11,0,0
BRDA:141,11,1,0
BRDA:141,12,0,0
BRDA:141,12,1,0
BRDA:171,13,0,0
BRDA:171,13,1,1
BRDA:179,14,0,0
BRDA:179,14,1,0
BRDA:190,15,0,0
BRDA:190,15,1,1
BRDA:201,16,0,0
BRDA:201,16,1,1
BRDA:263,17,0,0
BRDA:263,17,1,0
BRDA:273,18,0,0
BRDA:273,18,1,0
BRF:38
BRH:8
end_of_record
TN:
SF:src/services/MobilePlatformService.js
FN:14,(anonymous_0)
FN:24,(anonymous_1)
FN:117,(anonymous_2)
FN:133,(anonymous_3)
FN:177,(anonymous_4)
FN:194,(anonymous_5)
FN:222,(anonymous_6)
FN:236,(anonymous_7)
FN:250,(anonymous_8)
FN:328,(anonymous_9)
FN:343,(anonymous_10)
FN:369,(anonymous_11)
FN:405,(anonymous_12)
FN:412,(anonymous_13)
FN:435,(anonymous_14)
FN:436,(anonymous_15)
FN:437,(anonymous_16)
FN:445,(anonymous_17)
FN:458,(anonymous_18)
FN:464,(anonymous_19)
FN:475,(anonymous_20)
FN:481,(anonymous_21)
FNF:22
FNH:10
FNDA:34,(anonymous_0)
FNDA:34,(anonymous_1)
FNDA:34,(anonymous_2)
FNDA:34,(anonymous_3)
FNDA:34,(anonymous_4)
FNDA:34,(anonymous_5)
FNDA:34,(anonymous_6)
FNDA:34,(anonymous_7)
FNDA:34,(anonymous_8)
FNDA:0,(anonymous_9)
FNDA:0,(anonymous_10)
FNDA:0,(anonymous_11)
FNDA:3,(anonymous_12)
FNDA:0,(anonymous_13)
FNDA:0,(anonymous_14)
FNDA:0,(anonymous_15)
FNDA:0,(anonymous_16)
FNDA:0,(anonymous_17)
FNDA:0,(anonymous_18)
FNDA:0,(anonymous_19)
FNDA:0,(anonymous_20)
FNDA:0,(anonymous_21)
DA:15,34
DA:16,34
DA:17,34
DA:25,34
DA:26,34
DA:27,34
DA:28,34
DA:29,34
DA:32,34
DA:33,0
DA:37,0
DA:47,34
DA:49,0
DA:50,0
DA:60,0
DA:61,0
DA:71,0
DA:72,0
DA:82,0
DA:83,0
DA:93,34
DA:94,0
DA:104,34
DA:118,34
DA:126,34
DA:134,34
DA:135,34
DA:136,34
DA:138,31
DA:139,31
DA:148,0
DA:149,0
DA:150,0
DA:151,0
DA:153,0
DA:162,3
DA:178,34
DA:179,34
DA:181,34
DA:195,34
DA:197,34
DA:198,34
DA:206,0
DA:207,0
DA:208,0
DA:210,0
DA:223,34
DA:225,34
DA:237,34
DA:239,34
DA:251,34
DA:252,34
DA:254,34
DA:282,34
DA:283,34
DA:284,34
DA:285,34
DA:286,34
DA:287,34
DA:288,34
DA:289,0
DA:290,0
DA:291,0
DA:292,0
DA:293,0
DA:294,0
DA:298,34
DA:299,34
DA:300,34
DA:301,34
DA:305,34
DA:306,0
DA:307,0
DA:308,0
DA:311,34
DA:312,0
DA:313,0
DA:316,34
DA:317,0
DA:318,0
DA:321,34
DA:329,0
DA:331,0
DA:344,0
DA:345,0
DA:347,0
DA:370,0
DA:371,0
DA:372,0
DA:374,0
DA:375,0
DA:376,0
DA:378,0
DA:379,0
DA:380,0
DA:381,0
DA:382,0
DA:383,0
DA:384,0
DA:385,0
DA:386,0
DA:387,0
DA:388,0
DA:389,0
DA:392,0
DA:406,3
DA:407,3
DA:408,3
DA:409,3
DA:410,3
DA:412,3
DA:413,0
DA:415,0
DA:416,0
DA:418,0
DA:419,0
DA:420,0
DA:421,0
DA:424,0
DA:425,0
DA:429,0
DA:432,3
DA:434,3
DA:435,0
DA:436,0
DA:437,0
DA:446,0
DA:448,0
DA:459,0
DA:460,0
DA:465,0
DA:466,0
DA:467,0
DA:468,0
DA:469,0
DA:470,0
DA:471,0
DA:476,0
DA:477,0
DA:483,0
DA:484,0
LF:141
LH:56
BRDA:27,0,0,34
BRDA:27,0,1,22
BRDA:32,1,0,0
BRDA:32,1,1,34
BRDA:32,2,0,34
BRDA:32,2,1,34
BRDA:32,2,2,34
BRDA:33,3,0,0
BRDA:33,3,1,0
BRDA:33,3,2,0
BRDA:33,3,3,0
BRDA:33,3,4,0
BRDA:47,4,0,0
BRDA:47,4,1,34
BRDA:49,5,0,0
BRDA:49,5,1,0
BRDA:49,6,0,0
BRDA:49,6,1,0
BRDA:60,7,0,0
BRDA:60,7,1,0
BRDA:60,8,0,0
BRDA:60,8,1,0
BRDA:71,9,0,0
BRDA:71,9,1,0
BRDA:82,10,0,0
BRDA:82,10,1,0
BRDA:93,11,0,0
BRDA:93,11,1,34
BRDA:136,12,0,34
BRDA:136,12,1,31
BRDA:138,13,0,31
BRDA:138,13,1,0
BRDA:148,14,0,0
BRDA:148,14,1,0
BRDA:149,15,0,0
BRDA:149,15,1,0
BRDA:150,16,0,0
BRDA:150,16,1,0
BRDA:151,17,0,0
BRDA:151,17,1,0
BRDA:178,18,0,34
BRDA:178,18,1,0
BRDA:179,19,0,34
BRDA:179,19,1,34
BRDA:184,20,0,34
BRDA:184,20,1,34
BRDA:185,21,0,34
BRDA:185,21,1,34
BRDA:186,22,0,34
BRDA:186,22,1,34
BRDA:195,23,0,34
BRDA:195,23,1,34
BRDA:195,23,2,34
BRDA:197,24,0,34
BRDA:197,24,1,0
BRDA:206,25,0,0
BRDA:206,25,1,0
BRDA:207,26,0,0
BRDA:207,26,1,0
BRDA:208,27,0,0
BRDA:208,27,1,0
BRDA:214,28,0,0
BRDA:214,28,1,0
BRDA:223,29,0,34
BRDA:223,29,1,22
BRDA:237,30,0,34
BRDA:237,30,1,34
BRDA:282,31,0,34
BRDA:282,31,1,0
BRDA:289,32,0,0
BRDA:289,32,1,0
BRDA:298,33,0,34
BRDA:298,33,1,0
BRDA:305,34,0,0
BRDA:305,34,1,34
BRDA:311,35,0,0
BRDA:311,35,1,34
BRDA:316,36,0,0
BRDA:316,36,1,34
BRDA:332,37,0,0
BRDA:332,37,1,0
BRDA:334,38,0,0
BRDA:334,38,1,0
BRDA:335,39,0,0
BRDA:335,39,1,0
BRDA:354,40,0,0
BRDA:354,40,1,0
BRDA:357,41,0,0
BRDA:357,41,1,0
BRDA:378,42,0,0
BRDA:378,42,1,0
BRDA:381,43,0,0
BRDA:381,43,1,0
BRDA:382,44,0,0
BRDA:382,44,1,0
BRDA:385,45,0,0
BRDA:385,45,1,0
BRDA:386,46,0,0
BRDA:386,46,1,0
BRDA:389,47,0,0
BRDA:389,47,1,0
BRDA:413,48,0,0
BRDA:413,48,1,0
BRDA:418,49,0,0
BRDA:418,49,1,0
BRDA:424,50,0,0
BRDA:424,50,1,0
BRDA:459,51,0,0
BRDA:459,51,1,0
BRDA:466,52,0,0
BRDA:466,52,1,0
BRDA:468,53,0,0
BRDA:468,53,1,0
BRDA:470,54,0,0
BRDA:470,54,1,0
BRDA:476,55,0,0
BRDA:476,55,1,0
BRDA:476,56,0,0
BRDA:476,56,1,0
BRDA:483,57,0,0
BRDA:483,57,1,0
BRF:121
BRH:33
end_of_record
TN:
SF:src/stores/GameStore.js
FN:15,(anonymous_0)
FN:78,(anonymous_1)
FN:79,(anonymous_2)
FN:80,(anonymous_3)
FN:83,(anonymous_4)
FN:83,(anonymous_5)
FN:88,(anonymous_6)
FN:88,(anonymous_7)
FN:93,(anonymous_8)
FN:93,(anonymous_9)
FN:97,(anonymous_10)
FN:97,(anonymous_11)
FN:101,(anonymous_12)
FN:101,(anonymous_13)
FN:106,(anonymous_14)
FN:107,(anonymous_15)
FN:110,(anonymous_16)
FN:113,(anonymous_17)
FN:113,(anonymous_18)
FN:121,(anonymous_19)
FN:121,(anonymous_20)
FN:125,(anonymous_21)
FN:125,(anonymous_22)
FN:130,(anonymous_23)
FN:130,(anonymous_24)
FN:139,(anonymous_25)
FN:144,(anonymous_26)
FN:147,(anonymous_27)
FN:151,(anonymous_28)
FN:155,(anonymous_29)
FN:159,(anonymous_30)
FN:163,(anonymous_31)
FN:167,(anonymous_32)
FN:175,(anonymous_33)
FN:177,(anonymous_34)
FN:187,(anonymous_35)
FNF:36
FNH:30
FNDA:1,(anonymous_0)
FNDA:4,(anonymous_1)
FNDA:3,(anonymous_2)
FNDA:1,(anonymous_3)
FNDA:104,(anonymous_4)
FNDA:104,(anonymous_5)
FNDA:2,(anonymous_6)
FNDA:2,(anonymous_7)
FNDA:1,(anonymous_8)
FNDA:1,(anonymous_9)
FNDA:3,(anonymous_10)
FNDA:3,(anonymous_11)
FNDA:1,(anonymous_12)
FNDA:1,(anonymous_13)
FNDA:1,(anonymous_14)
FNDA:2,(anonymous_15)
FNDA:1,(anonymous_16)
FNDA:1003,(anonymous_17)
FNDA:1003,(anonymous_18)
FNDA:2,(anonymous_19)
FNDA:2,(anonymous_20)
FNDA:2,(anonymous_21)
FNDA:2,(anonymous_22)
FNDA:3,(anonymous_23)
FNDA:3,(anonymous_24)
FNDA:1,(anonymous_25)
FNDA:1,(anonymous_26)
FNDA:0,(anonymous_27)
FNDA:0,(anonymous_28)
FNDA:0,(anonymous_29)
FNDA:0,(anonymous_30)
FNDA:0,(anonymous_31)
FNDA:0,(anonymous_32)
FNDA:1,(anonymous_33)
FNDA:1,(anonymous_34)
FNDA:28,(anonymous_35)
DA:12,1
DA:14,1
DA:15,1
DA:78,4
DA:79,3
DA:80,1
DA:83,104
DA:88,2
DA:93,1
DA:97,3
DA:101,1
DA:106,1
DA:107,2
DA:110,1
DA:113,1003
DA:121,2
DA:125,2
DA:130,3
DA:140,1
DA:145,1
DA:147,1
DA:148,0
DA:151,1
DA:152,0
DA:155,1
DA:156,0
DA:159,1
DA:160,0
DA:163,1
DA:164,0
DA:167,1
DA:168,0
DA:171,1
DA:176,1
DA:177,1
DA:187,28
LF:36
LH:30
BRF:0
BRH:0
end_of_record
